 In this file you can find the necessary data to rebuild Figure 6 of Schilke et al
       Jupper           TDV          TDV2 
   1.000E+000    6.006E+000    6.004E+000    7.284E-002    7.321E-002 
   2.000E+000    2.138E+001    2.135E+001    2.592E-001    2.604E-001 
   3.000E+000    4.169E+001    4.162E+001    5.056E-001    5.075E-001 
   4.000E+000    6.321E+001    6.298E+001    7.666E-001    7.680E-001 
   5.000E+000    8.246E+001    8.201E+001    1.000E+000    1.000E+000 
   6.000E+000    9.531E+001    9.452E+001    1.156E+000    1.153E+000 
   7.000E+000    9.852E+001    9.744E+001    1.195E+000    1.188E+000 
   8.000E+000    9.175E+001    9.045E+001    1.113E+000    1.103E+000 
   9.000E+000    7.758E+001    7.619E+001    9.408E-001    9.290E-001 
   1.000E+001    6.047E+001    5.910E+001    7.334E-001    7.207E-001 
   1.100E+001    4.439E+001    4.320E+001    5.383E-001    5.267E-001 
   1.200E+001    3.145E+001    3.044E+001    3.814E-001    3.711E-001 
   1.300E+001    2.177E+001    2.095E+001    2.641E-001    2.555E-001 
   1.400E+001    1.497E+001    1.432E+001    1.816E-001    1.746E-001 
   1.500E+001    1.009E+001    9.591E+000    1.224E-001    1.169E-001 
   1.600E+001    7.048E+000    6.650E+000    8.547E-002    8.108E-002 
   1.700E+001    4.946E+000    4.630E+000    5.998E-002    5.646E-002 
   1.800E+001    3.510E+000    3.259E+000    4.256E-002    3.974E-002 
   1.900E+001    2.512E+000    2.313E+000    3.046E-002    2.820E-002 
   2.000E+001    1.812E+000    1.653E+000    2.198E-002    2.016E-002 
   2.100E+001    1.305E+000    1.179E+000    1.583E-002    1.438E-002 
   2.200E+001    9.448E-001    8.447E-001    1.146E-002    1.030E-002 
   2.300E+001    6.868E-001    6.078E-001    8.329E-003    7.411E-003 
   2.400E+001    5.015E-001    4.390E-001    6.082E-003    5.352E-003 
   2.500E+001    3.677E-001    3.180E-001    4.459E-003    3.878E-003 
   2.600E+001    2.704E-001    2.310E-001    3.279E-003    2.816E-003 
   2.700E+001    1.993E-001    1.681E-001    2.417E-003    2.049E-003 
   2.800E+001    1.471E-001    1.224E-001    1.784E-003    1.493E-003 
   2.900E+001    1.087E-001    8.918E-002    1.318E-003    1.087E-003 
   3.000E+001    8.015E-002    6.481E-002    9.719E-004    7.902E-004 
   3.100E+001    5.904E-002    4.703E-002    7.159E-004    5.734E-004 
   3.200E+001    4.330E-002    3.396E-002    5.251E-004    4.141E-004 
   3.300E+001    3.158E-002    2.436E-002    3.829E-004    2.971E-004 
   3.400E+001    2.280E-002    1.729E-002    2.765E-004    2.109E-004 
   3.500E+001    1.622E-002    1.209E-002    1.968E-004    1.474E-004 
   3.600E+001    1.129E-002    8.262E-003    1.370E-004    1.007E-004 
   3.700E+001    7.591E-003    5.450E-003    9.205E-005    6.645E-005 
   3.800E+001    4.816E-003    3.389E-003    5.840E-005    4.133E-005 
   3.900E+001    2.736E-003    1.886E-003    3.318E-005    2.300E-005 
   4.000E+001    1.172E-003    7.915E-004    1.422E-005    9.651E-006 
