    V   J   Energy(K)   log(N/g)
    0     0   0.000000E+000   5.496943E+001 
    0     1   1.705020E+002   5.240219E+001 
    0     2   5.098500E+002   4.430237E+001 
    0     3   1.015153E+003   4.227957E+001 
    0     4   1.681678E+003   4.160725E+001 
    0     5   2.503870E+003   4.099415E+001 
    0     6   3.474434E+003   4.035010E+001 
    0     7   4.586377E+003   3.967480E+001 
    0     8   5.829758E+003   3.892012E+001 
    1     0   5.987124E+003   3.651241E+001 
    1     1   6.149208E+003   3.634215E+001 
    1     2   6.471607E+003   3.631699E+001 
    1     3   6.951587E+003   3.604810E+001 
    0     9   7.196995E+003   3.805604E+001 
    1     4   7.584601E+003   3.590639E+001 
    1     5   8.365297E+003   3.557195E+001 
    0    10   8.677322E+003   3.709380E+001 
    1     6   9.286624E+003   3.534396E+001 
    0    11   1.026179E+004   3.594274E+001 
    1     7   1.034152E+004   3.493771E+001 
    1     8   1.152183E+004   3.460848E+001 
    2     0   1.163573E+004   3.426323E+001 
    2     1   1.178951E+004   3.406816E+001 
    0    12   1.194031E+004   3.480425E+001 
    2     2   1.209524E+004   3.409286E+001 
    2     3   1.255050E+004   3.379659E+001 
    1     9   1.281752E+004   3.405985E+001 
    2     4   1.315072E+004   3.372037E+001 
    0    13   1.370318E+004   3.340719E+001 
    2     5   1.389070E+004   3.335471E+001 
    1    10   1.422111E+004   3.360965E+001 
    2     6   1.476414E+004   3.316940E+001 
    0    14   1.554025E+004   3.239297E+001 
    1    11   1.572229E+004   3.285518E+001 
    2     7   1.576338E+004   3.274657E+001 
    2     8   1.688055E+004   3.248424E+001 
    3     0   1.695284E+004   3.257651E+001 
    3     1   1.709837E+004   3.243323E+001 
    1    12   1.731122E+004   3.231828E+001 
    3     2   1.738779E+004   3.242750E+001 
    0    15   1.744391E+004   3.100732E+001 
    3     3   1.781869E+004   3.218961E+001 
    2     9   1.810741E+004   3.200656E+001 
    3     4   1.838652E+004   3.209550E+001 
    1    13   1.897972E+004   3.146962E+001 
    3     5   1.908649E+004   3.178629E+001 
    0    16   1.940345E+004   3.045678E+001 
    2    10   1.943491E+004   3.165452E+001 
    3     6   1.991225E+004   3.157563E+001 
    1    14   2.071785E+004   3.083541E+001 
    2    11   2.085383E+004   3.105023E+001 
    3     7   2.085653E+004   3.120457E+001 
    0    17   2.141168E+004   2.934083E+001 
    3     8   2.191171E+004   3.088198E+001 
    4     0   2.194278E+004   3.100078E+001 
    4     1   2.208004E+004   3.095196E+001 
    4     2   2.235326E+004   3.083793E+001 
    2    12   2.235535E+004   3.063705E+001 
    1    15   2.251712E+004   3.000319E+001 
    4     3   2.275983E+004   3.068232E+001 
    3     9   2.306999E+004   3.034068E+001 
    4     4   2.329564E+004   3.047025E+001 
    0    18   2.345990E+004   2.902136E+001 
    2    13   2.393080E+004   3.002395E+001 
    4     5   2.395581E+004   3.024617E+001 
    3    10   2.432262E+004   2.980672E+001 
    1    16   2.436840E+004   2.942516E+001 
    4     6   2.473404E+004   2.983196E+001 
    0    19   2.553963E+004   2.833979E+001 
    2    14   2.557053E+004   2.949958E+001 
    4     7   2.562381E+004   2.950146E+001 
    3    11   2.565988E+004   2.936549E+001 
    1    17   2.626369E+004   2.872598E+001 
    5     0   2.660677E+004   2.916162E+001 
    4     8   2.661704E+004   2.904703E+001 
    5     1   2.673596E+004   2.913824E+001 
    5     2   2.699289E+004   2.898819E+001 
    3    12   2.707418E+004   2.898397E+001 
    2    15   2.726625E+004   2.881541E+001 
    5     3   2.737523E+004   2.886092E+001 
    0    20   2.764451E+004   2.797108E+001 
    4     9   2.770677E+004   2.868141E+001 
    5     4   2.787879E+004   2.859458E+001 
    1    18   2.819486E+004   2.823950E+001 
    5     5   2.849899E+004   2.841212E+001 
    3    13   2.855661E+004   2.859141E+001 
    4    10   2.888376E+004   2.801043E+001 
    2    16   2.900940E+004   2.833764E+001 
    5     6   2.922954E+004   2.780910E+001 
    0    21   2.976661E+004   2.752433E+001 
    5     7   3.006431E+004   2.754861E+001 
    3    14   3.009785E+004   2.822599E+001 
    4    11   3.013990E+004   2.775811E+001 
    1    19   3.015462E+004   2.777860E+001 
    2    17   3.079235E+004   2.752101E+001 
    6     0   3.094320E+004   2.724151E+001 
    5     8   3.099552E+004   2.718746E+001 
    6     1   3.106412E+004   2.715760E+001 
    6     2   3.130464E+004   2.701721E+001 
    4    12   3.146651E+004   2.755490E+001 
    6     3   3.166233E+004   2.693673E+001 
    3    15   3.169026E+004   2.783859E+001 
    0    22   3.190031E+004   2.698106E+001 
    5     9   3.201575E+004   2.697374E+001 
    6     4   3.213322E+004   2.671546E+001 
    1    20   3.213454E+004   2.720013E+001 
    2    18   3.260639E+004   2.716293E+001 
    6     5   3.271272E+004   2.734588E+001 
    4    13   3.285516E+004   2.734986E+001 
    5    10   3.311646E+004   2.685992E+001 
    3    16   3.332489E+004   2.744615E+001 
    6     6   3.339496E+004   2.638395E+001 
    0    23   3.403759E+004   2.671024E+001 
    1    21   3.412953E+004   2.692006E+001 
    6     7   3.417362E+004   2.635026E+001 
    5    11   3.428978E+004   2.675749E+001 
    4    14   3.429681E+004   2.717998E+001 
    2    19   3.444505E+004   2.562405E+001 
    7     0   3.494622E+004   2.711459E+001 
    3    17   3.499413E+004   2.698054E+001 
    6     8   3.504117E+004   2.629657E+001 
    7     1   3.505878E+004   2.613825E+001 
    7     2   3.528236E+004   2.610763E+001 
    5    12   3.552731E+004   2.670814E+001 
    7     3   3.561473E+004   2.603773E+001 
    4    15   3.578419E+004   2.701548E+001 
    6     9   3.599047E+004   2.628461E+001 
    7     4   3.605189E+004   2.601159E+001 
    1    22   3.613139E+004   2.614260E+001 
    0    24   3.617459E+004   2.588431E+001 
    2    20   3.629979E+004   2.633810E+001 
    7     5   3.658964E+004   2.594934E+001 
    3    18   3.668984E+004   2.654124E+001 
    5    13   3.682003E+004   2.649925E+001 
    6    10   3.701302E+004   2.619704E+001 
    7     6   3.722192E+004   2.586694E+001 
    4    16   3.730808E+004   2.655802E+001 
    7     7   3.794263E+004   2.585677E+001 
    6    11   3.810113E+004   2.617878E+001 
    1    23   3.813447E+004   2.590290E+001 
    5    14   3.815979E+004   2.645198E+001 
    2    21   3.816475E+004   2.611885E+001 
    0    25   3.830484E+004   2.568884E+001 
    3    19   3.840503E+004   2.516721E+001 
    8     0   3.860553E+004   2.574077E+001 
    8     1   3.870915E+004   2.573431E+001 
    7     8   3.874438E+004   2.521885E+001 
    4    17   3.886111E+004   2.641062E+001 
    8     2   3.891514E+004   2.572063E+001 
    8     3   3.922109E+004   2.555303E+001 
