!---- list of chemical species --- Steady state at T =    46.21 K ---------------
!---- nH  = ********   cm-3 ----------
!---- Av  =     0.10   mag -----------
!---- RAD =     1.00   ---------------
!---- N_H2_0 =  1.000E+20         cm-2 ----
!---- N_CO_0 =  1.000E+17         cm-2 ----
!---- WARNING : order = neutrals, species on mantles, ions >0, ions <0 ---------
!---- name, composition, initial density(n/nH), formation enthalpy (kCal/mol) --
!-------------------------------------------------------------------------------
  1  H                       9.024D-05    51.634                       !
  2  H2                      5.000D-01     0.000                       !
  3  He                      1.000D-01     0.000                       !
  4  C                       1.007D-06   169.980     --> C/H = 8.27e-5 !
  5  CH                      1.033D-08   141.600         A&G : 3.55e-4 !
  6  CH2                     9.827D-09    93.900                       !
  7  CH3                     1.092D-08    34.800                       !
  8  CH4                     1.510D-08   -15.970                       !
  9  O                       1.553D-05    58.980     --> O/H = 3.02e-4 !
 10  O2                      1.250D-07     0.000         A&G : 7.41e-4 !
 11  OH                      3.119D-07     9.250                       !
 12  H2O                     3.837D-07   -57.100                       !
 13  CO                      1.511D-05   -27.200                       !
 14  HCO                     2.525D-10   -99.999                       !
 15  CO2                     2.550D-10   -93.965                       !
 16  C2                      1.988D-10   198.200                       !
 17  C2H                     4.963D-11   113.300                       !
 18  C2H2                    2.488D-12    56.320                       !
 19  C3                      2.090D-14   194.000                       !
 20  C3H                     5.699D-14   177.000   ***                 !
 21  C3H2                    2.804D-14   114.000   ***                 !
 22  CH3OH                   6.277D-28   -99.999                       !
 23  H2CO                    3.722D-09   -99.999                       !
 24  HCO2H                   1.119D-06   -99.999                       !
 25  N                       6.824D-06   112.530     --> N/H = 7.94e-5 !
 26  NH                      2.062D-07    90.000         A&G : 9.33e-5 !
 27  NH2                     9.231D-08    46.200                       !
 28  NH3                     9.540D-08    -9.299                       !
 29  CN                      1.108D-08   103.200                       !
 30  HCN                     8.239D-10    32.390                       !
 31  HNC                     8.283D-10    48.000                       !
 32  N2                      5.206D-08     0.000                       !
 33  NO                      1.825D-08    21.460                       !
 34  S                       2.444D-06    65.600         A&G : 1.86e-5 !
 35  SH                      1.471D-08    32.600                       !
 36  H2S                     8.703D-09    -4.230                       !
 37  CS                      9.524D-10    63.000                       !
 38  SO                      6.522D-09     1.200                       !
 39  SO2                     7.994D-11   -70.300                       !
 40  OCS                     1.297D-13   -34.000                       !
 41  Si                      3.495D-07   106.700         A&G : 3.55e-5 !
 42  SiH                     1.529D-09    89.690                       !
 43  SiH2                    1.425D-09    69.140   *                   !
 44  SiH3                    9.206D-12    48.540   *                   !
 45  SiH4                    1.815D-09    11.000                       !
 46  SiO                     1.734D-08   -24.300                       !
 47  SiO2                    2.283D-11   -73.000                       !
 48  Mg                      2.862D-08    35.000                       !
 49  Fe                      8.282D-09    98.700                       !
 50  C54H18                  8.268D-07   -99.999     PAH/nH  =1(-6)    !
 51  G                       3.774D-11   -99.999    Ngrain = 8.30(-11) !
 52  H2O*                    1.505D-04               H2O*/nH =1.03(-4) !
 53  O2*                     8.200D-07                                 !
 54  CO*                     1.035D-04               CO*/nH  =8.27(-6) !
 55  CO2*                    1.427D-09               CO2*/nH =1.34(-5) !
 56  CH4*                    1.130D-05               CH4*/nH =1.55(-6) !
 57  NH3*                    7.214D-05               NH3*/nH =1.55(-5) !
 58  CH3OH*                  5.444D-25             CH3OH*/nH =1.86(-6) !
 59  H2CO*                   2.696D-08              H2CO*/nH =6.20(-6) !
 60  HCO2H*                  6.124D-06             HCO2H*/nH =7.24(-6) !
 61  OCS*                    6.212D-13               OCS*/nH =2.07(-7) !
 62  H2S*                    1.622D-05               H2S*/nH =3.72(-6) !
 63  SiH4*                   2.481D-06                                 !
 64  SiO*                    9.698D-08                                 !
 65  SiO2*                   1.094D-10                                 !
 66  Fe*                     4.115D-08                                 !
 67  O**                     1.538D-04              Noyaux = 4*3.50(-5)!
 68  Si**                    3.705D-05              Noyaux = 3.370(-5) !
 69  Mg**                    4.068D-05              Noyaux = 3.700(-5) !
 70  Fe**                    3.550D-05              Noyaux = 3.230(-5) !
 71  C**                     1.792D-04              Noyaux = 1.630(-4) !
 72  H+                      1.717D-09   365.200                       !
 73  H2+                     4.808D-12   355.700                       !
 74  H3+                     1.449D-08   265.000                       !
 75  He+                     2.288D-09   567.000                       !
 76  C+                      1.298D-08   429.700    --> C/H = 1.38e-4  !
 77  CH+                     9.311D-14   387.000         A&G : 3.55e-4 !
 78  CH2+                    2.127D-13   331.000                       !
 79  CH3+                    5.371D-10   262.000                       !
 80  CH4+                    5.443D-14   272.000   **                  !
 81  CH5+                    2.485D-11   216.000   *                   !
 82  O+                      3.603D-15   373.000                       !
 83  O2+                     1.728D-10   278.400                       !
 84  OH+                     3.702D-13   309.310                       !
 85  H2O+                    5.607D-13   233.700                       !
 86  H3O+                    4.623D-10   143.000                       !
 87  CO+                     6.337D-15   295.970                       !
 88  HCO+                    2.329D-09   197.300                       !
 89  H2CO+                   1.822D-11   -99.999                       !
 90  H3CO+                   3.199D-12   -99.999                       !
 91  CH3OH+                  2.400D-30   -99.999                       !
 92  CH5O+                   5.242D-32   -99.999   *                   !
 93  HCO2+                   4.476D-12   141.000    *                  !
 94  C2+                     1.091D-16   476.000                       !
 95  C2H+                    1.713D-16   404.000                       !
 96  C2H2+                   1.803D-12   317.500                       !
 97  C2H3+                   1.629D-12   267.900                       !
 98  C3+                     4.351D-18   479.000    *                  !
 99  C3H+                    6.596D-16   381.000    *                  !
100  C3H2+                   7.327D-17   330.000   * **                !
101  C3H3+                   5.498D-15   282.000   * **                !
102  N+                      1.165D-13   447.690                       !
103  NH+                     5.882D-15   401.100                       !
104  NH2+                    4.273D-13   302.700                       !
105  NH3+                    1.221D-10   224.900                       !
106  NH4+                    2.470D-10   151.000    *                  !
107  CN+                     4.189D-15   429.300                       !
108  C2N+                    6.341D-13   410.000    *                  !
109  HCN+                    8.399D-15   346.000                       !
110  H2CN+                   4.217D-11   226.000    *                  !
111  H2NC+                   7.077D-12   265.000    *                  !
112  N2+                     7.616D-17   359.298                       !
113  N2H+                    5.534D-12   247.500                       !
114  NO+                     1.144D-10   235.330                       !
115  HNO+                    2.360D-12   256.800                       !
116  S+                      1.826D-07   304.000     --> S/H = 1.86e-5 !
117  SH+                     9.490D-10   271.800         A&G : 1.86e-5 !
118  H2S+                    7.273D-11   237.000                       !
119  H3S+                    4.111D-12   190.000 *                     !
120  CS+                     1.088D-14   324.000                       !
121  HCS+                    9.439D-12   243.000                       !
122  SO+                     6.277D-10   239.200                       !
123  HSO+                    2.444D-12   210.000                       !
124  HSO2+                   1.927D-14   143.000                       !
125  HOCS+                   2.137D-14   181.000                       !
126  Si+                     9.463D-08   295.000                       !
127  SiH+                    5.768D-11   271.820                       !
128  SiH2+                   2.796D-11   276.360   *                   !
129  SiH3+                   3.415D-13   237.320   *                   !
130  SiH4+                   1.428D-17   279.900                       !
131  SiH5+                   5.406D-13   219.380   *                   !
132  SiO+                    1.413D-13   239.520                       !
133  SiOH+                   4.207D-10   -99.999                       !
134  Fe+                     3.723D-10   280.240     LM: Fe/nH=1.5(-8) !
135  C54H18+                 2.474D-08   -99.999                       !
136  G+                      2.459D-11   -99.999                       !
137  Mg+                     1.100D-20   -99.999        PAH/nH = 1(-8) !
138  C54H18-                 1.875D-07   -99.999    Ngrain = 8.30(-11) !
139  G-                      1.109D-11    34.000                       !
140  H-                      1.100D-20   211.000                       !
