!---- list of chemical species --- Steady state at T =    44.37 K ---------------
!---- nH  = 64494.93   cm-3 ----------
!---- Av  =     0.10   mag -----------
!---- RAD =     1.00   ---------------
!---- N_H2_0 =  1.000E+20         cm-2 ----
!---- N_CO_0 =  1.000E+17         cm-2 ----
!---- WARNING : order = neutrals, species on mantles, ions >0, ions <0 ---------
!---- name, composition, initial density(n/nH), formation enthalpy (kCal/mol) --
!-------------------------------------------------------------------------------
  1  H                       3.179D-04    51.634                       !
  2  H2                      4.998D-01     0.000                       !
  3  He                      1.000D-01     0.000                       !
  4  C                       5.693D-06   169.980     --> C/H = 8.27e-5 !
  5  CH                      2.056D-08   141.600         A&G : 3.55e-4 !
  6  CH2                     2.191D-08    93.900                       !
  7  CH3                     1.624D-08    34.800                       !
  8  CH4                     2.357D-08   -15.970                       !
  9  O                       5.074D-05    58.980     --> O/H = 3.02e-4 !
 10  O2                      1.214D-07     0.000         A&G : 7.41e-4 !
 11  OH                      2.721D-07     9.250                       !
 12  H2O                     3.303D-07   -57.100                       !
 13  CO                      3.854D-05   -27.200                       !
 14  HCO                     4.984D-10   -99.999                       !
 15  CO2                     1.990D-10   -93.965                       !
 16  C2                      1.154D-09   198.200                       !
 17  C2H                     2.769D-10   113.300                       !
 18  C2H2                    1.228D-11    56.320                       !
 19  C3                      2.199D-13   194.000                       !
 20  C3H                     5.996D-13   177.000   ***                 !
 21  C3H2                    2.955D-13   114.000   ***                 !
 22  CH3OH                   1.318D-50   -99.999                       !
 23  H2CO                    5.470D-09   -99.999                       !
 24  HCO2H                   2.951D-06   -99.999                       !
 25  N                       2.148D-05   112.530     --> N/H = 7.94e-5 !
 26  NH                      1.743D-07    90.000         A&G : 9.33e-5 !
 27  NH2                     8.353D-08    46.200                       !
 28  NH3                     7.487D-08    -9.299                       !
 29  CN                      2.180D-08   103.200                       !
 30  HCN                     1.850D-09    32.390                       !
 31  HNC                     1.876D-09    48.000                       !
 32  N2                      4.848D-08     0.000                       !
 33  NO                      1.506D-08    21.460                       !
 34  S                       6.579D-06    65.600         A&G : 1.86e-5 !
 35  SH                      1.149D-08    32.600                       !
 36  H2S                     6.662D-09    -4.230                       !
 37  CS                      1.418D-09    63.000                       !
 38  SO                      5.289D-09     1.200                       !
 39  SO2                     1.922D-11   -70.300                       !
 40  OCS                     3.210D-14   -34.000                       !
 41  Si                      8.968D-07   106.700         A&G : 3.55e-5 !
 42  SiH                     1.187D-09    89.690                       !
 43  SiH2                    1.008D-09    69.140   *                   !
 44  SiH3                    5.876D-12    48.540   *                   !
 45  SiH4                    1.331D-09    11.000                       !
 46  SiO                     1.663D-08   -24.300                       !
 47  SiO2                    6.028D-12   -73.000                       !
 48  Mg                      5.024D-20    35.000                       !
 49  Fe                      6.294D-09    98.700                       !
 50  C54H18                  7.002D-07   -99.999     PAH/nH  =1(-6)    !
 51  G                       3.698D-11   -99.999    Ngrain = 8.30(-11) !
 52  H2O*                    1.265D-04               H2O*/nH =1.03(-4) !
 53  O2*                     2.114D-07                                 !
 54  CO*                     7.008D-05               CO*/nH  =8.27(-6) !
 55  CO2*                    2.957D-10               CO2*/nH =1.34(-5) !
 56  CH4*                    1.641D-05               CH4*/nH =1.55(-6) !
 57  NH3*                    5.749D-05               NH3*/nH =1.55(-5) !
 58  CH3OH*                  5.311D-48             CH3OH*/nH =1.86(-6) !
 59  H2CO*                   1.075D-08              H2CO*/nH =6.20(-6) !
 60  HCO2H*                  4.289D-06             HCO2H*/nH =7.24(-6) !
 61  OCS*                    4.083D-14               OCS*/nH =2.07(-7) !
 62  H2S*                    1.149D-05               H2S*/nH =3.72(-6) !
 63  SiH4*                   1.674D-06                                 !
 64  SiO*                    2.470D-08                                 !
 65  SiO2*                   7.666D-12                                 !
 66  Fe*                     8.303D-09                                 !
 67  O**                     1.512D-04              Noyaux = 4*3.50(-5)!
 68  Si**                    3.641D-05              Noyaux = 3.370(-5) !
 69  Mg**                    3.998D-05              Noyaux = 3.700(-5) !
 70  Fe**                    3.490D-05              Noyaux = 3.230(-5) !
 71  C**                     1.760D-04              Noyaux = 1.630(-4) !
 72  H+                      2.574D-09   365.200                       !
 73  H2+                     1.417D-11   355.700                       !
 74  H3+                     1.847D-08   265.000                       !
 75  He+                     4.432D-09   567.000                       !
 76  C+                      1.220D-07   429.700    --> C/H = 1.38e-4  !
 77  CH+                     5.922D-13   387.000         A&G : 3.55e-4 !
 78  CH2+                    1.367D-12   331.000                       !
 79  CH3+                    4.838D-10   262.000                       !
 80  CH4+                    1.683D-13   272.000   **                  !
 81  CH5+                    7.229D-12   216.000   *                   !
 82  O+                      2.303D-14   373.000                       !
 83  O2+                     6.641D-11   278.400                       !
 84  OH+                     1.533D-12   309.310                       !
 85  H2O+                    2.103D-12   233.700                       !
 86  H3O+                    2.319D-10   143.000                       !
 87  CO+                     5.130D-14   295.970                       !
 88  HCO+                    1.462D-09   197.300                       !
 89  H2CO+                   1.051D-11   -99.999                       !
 90  H3CO+                   8.226D-13   -99.999                       !
 91  CH3OH+                  7.452D-53   -99.999                       !
 92  CH5O+                   2.735D-53   -99.999   *                   !
 93  HCO2+                   3.741D-13   141.000    *                  !
 94  C2+                     1.955D-15   476.000                       !
 95  C2H+                    3.289D-15   404.000                       !
 96  C2H2+                   4.306D-12   317.500                       !
 97  C2H3+                   3.203D-12   267.900                       !
 98  C3+                     2.258D-16   479.000    *                  !
 99  C3H+                    1.962D-14   381.000    *                  !
100  C3H2+                   1.718D-16   330.000   * **                !
101  C3H3+                   2.275D-14   282.000   * **                !
102  N+                      4.877D-13   447.690                       !
103  NH+                     1.528D-14   401.100                       !
104  NH2+                    1.074D-12   302.700                       !
105  NH3+                    2.027D-10   224.900                       !
106  NH4+                    5.662D-11   151.000    *                  !
107  CN+                     3.320D-14   429.300                       !
108  C2N+                    1.777D-12   410.000    *                  !
109  HCN+                    6.308D-14   346.000                       !
110  H2CN+                   3.901D-11   226.000    *                  !
111  H2NC+                   6.978D-12   265.000    *                  !
112  N2+                     1.387D-16   359.298                       !
113  N2H+                    9.406D-13   247.500                       !
114  NO+                     4.315D-11   235.330                       !
115  HNO+                    3.427D-13   256.800                       !
116  S+                      8.591D-07   304.000     --> S/H = 1.86e-5 !
117  SH+                     4.902D-10   271.800         A&G : 1.86e-5 !
118  H2S+                    2.835D-11   237.000                       !
119  H3S+                    4.657D-13   190.000 *                     !
120  CS+                     6.998D-14   324.000                       !
121  HCS+                    6.469D-12   243.000                       !
122  SO+                     2.990D-10   239.200                       !
123  HSO+                    3.279D-13   210.000                       !
124  HSO2+                   7.906D-16   143.000                       !
125  HOCS+                   2.085D-15   181.000                       !
126  Si+                     4.302D-07   295.000                       !
127  SiH+                    3.453D-11   271.820                       !
128  SiH2+                   1.541D-11   276.360   *                   !
129  SiH3+                   5.000D-14   237.320   *                   !
130  SiH4+                   1.226D-17   279.900                       !
131  SiH5+                   6.544D-14   219.380   *                   !
132  SiO+                    5.271D-13   239.520                       !
133  SiOH+                   2.155D-10   -99.999                       !
134  Fe+                     5.039D-10   280.240     LM: Fe/nH=1.5(-8) !
135  C54H18+                 8.415D-09   -99.999                       !
136  G+                      8.972D-12   -99.999                       !
137  Mg+                     1.081D-20   -99.999        PAH/nH = 1(-8) !
138  C54H18-                 3.293D-07   -99.999    Ngrain = 8.30(-11) !
139  G-                      2.719D-11    34.000                       !
140  H-                      1.081D-20   211.000                       !
