 In this file you can find the necessary data to rebuild Figure 6 of Schilke et al
       Jupper           TDV          TDV2 
   1.000E+000    1.273E+005    1.274E+005    9.875E-001    9.942E-001 
   2.000E+000    1.236E+005    1.236E+005    9.590E-001    9.641E-001 
   3.000E+000    1.279E+005    1.277E+005    9.921E-001    9.964E-001 
   4.000E+000    1.285E+005    1.281E+005    9.967E-001    9.990E-001 
   5.000E+000    1.289E+005    1.282E+005    1.000E+000    1.000E+000 
   6.000E+000    1.288E+005    1.278E+005    9.994E-001    9.968E-001 
   7.000E+000    1.288E+005    1.274E+005    9.991E-001    9.939E-001 
   8.000E+000    1.284E+005    1.266E+005    9.964E-001    9.878E-001 
   9.000E+000    1.280E+005    1.257E+005    9.933E-001    9.810E-001 
   1.000E+001    1.275E+005    1.247E+005    9.895E-001    9.726E-001 
   1.100E+001    1.270E+005    1.236E+005    9.852E-001    9.642E-001 
   1.200E+001    1.265E+005    1.225E+005    9.818E-001    9.554E-001 
   1.300E+001    1.259E+005    1.211E+005    9.767E-001    9.451E-001 
   1.400E+001    1.251E+005    1.197E+005    9.707E-001    9.338E-001 
   1.500E+001    1.240E+005    1.178E+005    9.621E-001    9.193E-001 
   1.600E+001    1.232E+005    1.162E+005    9.557E-001    9.067E-001 
   1.700E+001    1.222E+005    1.144E+005    9.479E-001    8.923E-001 
   1.800E+001    1.212E+005    1.125E+005    9.402E-001    8.780E-001 
   1.900E+001    1.202E+005    1.107E+005    9.328E-001    8.636E-001 
   2.000E+001    1.193E+005    1.088E+005    9.255E-001    8.490E-001 
   2.100E+001    1.181E+005    1.067E+005    9.163E-001    8.325E-001 
   2.200E+001    1.170E+005    1.046E+005    9.076E-001    8.160E-001 
   2.300E+001    1.158E+005    1.024E+005    8.981E-001    7.992E-001 
   2.400E+001    1.145E+005    1.002E+005    8.885E-001    7.820E-001 
   2.500E+001    1.133E+005    9.803E+004    8.793E-001    7.648E-001 
   2.600E+001    1.120E+005    9.571E+004    8.693E-001    7.467E-001 
   2.700E+001    1.108E+005    9.340E+004    8.594E-001    7.286E-001 
   2.800E+001    1.093E+005    9.095E+004    8.478E-001    7.096E-001 
   2.900E+001    1.079E+005    8.854E+004    8.373E-001    6.908E-001 
   3.000E+001    1.063E+005    8.594E+004    8.246E-001    6.705E-001 
   3.100E+001    1.045E+005    8.328E+004    8.111E-001    6.497E-001 
   3.200E+001    1.027E+005    8.054E+004    7.967E-001    6.283E-001 
   3.300E+001    1.004E+005    7.743E+004    7.786E-001    6.041E-001 
   3.400E+001    9.809E+004    7.439E+004    7.611E-001    5.804E-001 
   3.500E+001    9.464E+004    7.051E+004    7.343E-001    5.501E-001 
   3.600E+001    9.121E+004    6.672E+004    7.077E-001    5.205E-001 
   3.700E+001    8.505E+004    6.106E+004    6.598E-001    4.763E-001 
   3.800E+001    7.858E+004    5.531E+004    6.097E-001    4.315E-001 
   3.900E+001    6.499E+004    4.481E+004    5.042E-001    3.496E-001 
   4.000E+001    4.126E+004    2.786E+004    3.201E-001    2.174E-001 
