!---- list of chemical species --- Steady state at T =    37.06 K ---------------
!---- nH  = 22178.31   cm-3 ----------
!---- Av  =     0.10   mag -----------
!---- RAD =     1.00   ---------------
!---- N_H2_0 =  1.000E+20         cm-2 ----
!---- N_CO_0 =  1.000E+17         cm-2 ----
!---- WARNING : order = neutrals, species on mantles, ions >0, ions <0 ---------
!---- name, composition, initial density(n/nH), formation enthalpy (kCal/mol) --
!-------------------------------------------------------------------------------
  1  H                       1.967D-03    51.634                       !
  2  H2                      4.990D-01     0.000                       !
  3  He                      9.997D-02     0.000                       !
  4  C                       3.843D-05   169.980     --> C/H = 8.27e-5 !
  5  CH                      3.979D-08   141.600         A&G : 3.55e-4 !
  6  CH2                     4.519D-08    93.900                       !
  7  CH3                     1.540D-08    34.800                       !
  8  CH4                     2.439D-08   -15.970                       !
  9  O                       1.765D-04    58.980     --> O/H = 3.02e-4 !
 10  O2                      6.665D-08     0.000         A&G : 7.41e-4 !
 11  OH                      1.231D-07     9.250                       !
 12  H2O                     1.303D-07   -57.100                       !
 13  CO                      7.582D-05   -27.200                       !
 14  HCO                     5.796D-10   -99.999                       !
 15  CO2                     2.175D-10   -93.965                       !
 16  C2                      7.967D-09   198.200                       !
 17  C2H                     1.838D-09   113.300                       !
 18  C2H2                    6.078D-11    56.320                       !
 19  C3                      2.026D-12   194.000                       !
 20  C3H                     5.535D-12   177.000   ***                 !
 21  C3H2                    2.752D-12   114.000   ***                 !
 22  CH3OH                   6.374D-28   -99.999                       !
 23  H2CO                    4.473D-09   -99.999                       !
 24  HCO2H                   6.650D-06   -99.999                       !
 25  N                       6.823D-05   112.530     --> N/H = 7.94e-5 !
 26  NH                      7.394D-08    90.000         A&G : 9.33e-5 !
 27  NH2                     4.144D-08    46.200                       !
 28  NH3                     3.132D-08    -9.299                       !
 29  CN                      3.255D-08   103.200                       !
 30  HCN                     3.227D-09    32.390                       !
 31  HNC                     3.250D-09    48.000                       !
 32  N2                      2.053D-08     0.000                       !
 33  NO                      4.375D-09    21.460                       !
 34  S                       1.371D-05    65.600         A&G : 1.86e-5 !
 35  SH                      4.689D-09    32.600                       !
 36  H2S                     2.189D-09    -4.230                       !
 37  CS                      1.913D-09    63.000                       !
 38  SO                      1.981D-09     1.200                       !
 39  SO2                     1.098D-12   -70.300                       !
 40  OCS                     3.741D-15   -34.000                       !
 41  Si                      1.497D-06   106.700         A&G : 3.55e-5 !
 42  SiH                     3.119D-10    89.690                       !
 43  SiH2                    2.168D-10    69.140   *                   !
 44  SiH3                    2.117D-12    48.540   *                   !
 45  SiH4                    3.571D-10    11.000                       !
 46  SiO                     6.691D-09   -24.300                       !
 47  SiO2                    2.652D-13   -73.000                       !
 48  Mg                      1.763D-07    35.000                       !
 49  Fe                      1.356D-07    98.700                       !
 50  C54H18                  6.471D-07   -99.999     PAH/nH  =1(-6)    !
 51  G                       2.707D-11   -99.999    Ngrain = 8.30(-11) !
 52  H2O*                    2.648D-05               H2O*/nH =1.03(-4) !
 53  O2*                     7.026D-09                                 !
 54  CO*                     8.364D-06               CO*/nH  =8.27(-6) !
 55  CO2*                    1.963D-11               CO2*/nH =1.34(-5) !
 56  CH4*                    6.661D-06               CH4*/nH =1.55(-6) !
 57  NH3*                    1.092D-05               NH3*/nH =1.55(-5) !
 58  CH3OH*                  2.379D-25             CH3OH*/nH =1.86(-6) !
 59  H2CO*                   5.514D-10              H2CO*/nH =6.20(-6) !
 60  HCO2H*                  5.865D-07             HCO2H*/nH =7.24(-6) !
 61  OCS*                    2.877D-16               OCS*/nH =2.07(-7) !
 62  H2S*                    1.450D-06               H2S*/nH =3.72(-6) !
 63  SiH4*                   1.690D-07                                 !
 64  SiO*                    6.005D-10                                 !
 65  SiO2*                   2.028D-14                                 !
 66  Fe*                     1.085D-08                                 !
 67  O**                     1.545D-04              Noyaux = 4*3.50(-5)!
 68  Si**                    3.719D-05              Noyaux = 3.370(-5) !
 69  Mg**                    4.084D-05              Noyaux = 3.700(-5) !
 70  Fe**                    3.565D-05              Noyaux = 3.230(-5) !
 71  C**                     1.805D-04              Noyaux = 1.630(-4) !
 72  H+                      5.501D-09   365.200                       !
 73  H2+                     4.114D-11   355.700                       !
 74  H3+                     1.756D-08   265.000                       !
 75  He+                     9.427D-09   567.000                       !
 76  C+                      1.718D-06   429.700    --> C/H = 1.38e-4  !
 77  CH+                     3.628D-12   387.000         A&G : 3.55e-4 !
 78  CH2+                    9.019D-12   331.000                       !
 79  CH3+                    4.459D-10   262.000                       !
 80  CH4+                    2.886D-13   272.000   **                  !
 81  CH5+                    1.607D-12   216.000   *                   !
 82  O+                      1.770D-13   373.000                       !
 83  O2+                     1.464D-11   278.400                       !
 84  OH+                     5.166D-12   309.310                       !
 85  H2O+                    6.449D-12   233.700                       !
 86  H3O+                    1.003D-10   143.000                       !
 87  CO+                     3.425D-13   295.970                       !
 88  HCO+                    6.207D-10   197.300                       !
 89  H2CO+                   3.555D-12   -99.999                       !
 90  H3CO+                   9.987D-14   -99.999                       !
 91  CH3OH+                  4.005D-31   -99.999                       !
 92  CH5O+                   1.325D-33   -99.999   *                   !
 93  HCO2+                   1.163D-14   141.000    *                  !
 94  C2+                     4.858D-14   476.000                       !
 95  C2H+                    8.788D-14   404.000                       !
 96  C2H2+                   1.444D-11   317.500                       !
 97  C2H3+                   6.653D-12   267.900                       !
 98  C3+                     2.032D-14   479.000    *                  !
 99  C3H+                    4.449D-13   381.000    *                  !
100  C3H2+                   8.752D-17   330.000   * **                !
101  C3H3+                   8.776D-14   282.000   * **                !
102  N+                      4.726D-12   447.690                       !
103  NH+                     3.873D-14   401.100                       !
104  NH2+                    1.533D-12   302.700                       !
105  NH3+                    8.791D-11   224.900                       !
106  NH4+                    3.532D-12   151.000    *                  !
107  CN+                     1.974D-13   429.300                       !
108  C2N+                    6.182D-12   410.000    *                  !
109  HCN+                    3.870D-13   346.000                       !
110  H2CN+                   3.278D-11   226.000    *                  !
111  H2NC+                   5.858D-12   265.000    *                  !
112  N2+                     1.306D-16   359.298                       !
113  N2H+                    5.485D-14   247.500                       !
114  NO+                     8.690D-12   235.330                       !
115  HNO+                    1.362D-14   256.800                       !
116  S+                      4.167D-06   304.000     --> S/H = 1.86e-5 !
117  SH+                     1.429D-10   271.800         A&G : 1.86e-5 !
118  H2S+                    8.228D-12   237.000                       !
119  H3S+                    2.174D-14   190.000 *                     !
120  CS+                     5.218D-13   324.000                       !
121  HCS+                    5.710D-12   243.000                       !
122  SO+                     8.575D-11   239.200                       !
123  HSO+                    1.636D-14   210.000                       !
124  HSO2+                   6.120D-18   143.000                       !
125  HOCS+                   1.025D-16   181.000                       !
126  Si+                     1.650D-06   295.000                       !
127  SiH+                    8.040D-12   271.820                       !
128  SiH2+                   3.732D-12   276.360   *                   !
129  SiH3+                   2.487D-15   237.320   *                   !
130  SiH4+                   6.152D-18   279.900                       !
131  SiH5+                   2.578D-15   219.380   *                   !
132  SiO+                    8.568D-13   239.520                       !
133  SiOH+                   5.062D-11   -99.999                       !
134  Fe+                     3.046D-08   280.240     LM: Fe/nH=1.5(-8) !
135  C54H18+                 3.398D-09   -99.999                       !
136  G+                      1.999D-12   -99.999                       !
137  Mg+                     1.109D-20   -99.999        PAH/nH = 1(-8) !
138  C54H18-                 4.096D-07   -99.999    Ngrain = 8.30(-11) !
139  G-                      4.571D-11    34.000                       !
140  H-                      1.109D-20   211.000                       !
