 In this file you can find the necessary data to rebuild Figure 6 of Schilke et al
       Jupper           TDV          TDV2 
   1.000E+000    9.372E-001    9.369E-001    3.740E-002    3.761E-002 
   2.000E+000    3.818E+000    3.814E+000    1.524E-001    1.531E-001 
   3.000E+000    8.848E+000    8.833E+000    3.531E-001    3.545E-001 
   4.000E+000    1.612E+001    1.606E+001    6.434E-001    6.448E-001 
   5.000E+000    2.506E+001    2.491E+001    1.000E+000    1.000E+000 
   6.000E+000    3.390E+001    3.362E+001    1.353E+000    1.350E+000 
   7.000E+000    4.047E+001    4.003E+001    1.615E+000    1.607E+000 
   8.000E+000    4.320E+001    4.258E+001    1.724E+000    1.709E+000 
   9.000E+000    4.180E+001    4.105E+001    1.668E+000    1.648E+000 
   1.000E+001    3.733E+001    3.649E+001    1.490E+000    1.465E+000 
   1.100E+001    3.112E+001    3.028E+001    1.242E+000    1.215E+000 
   1.200E+001    2.456E+001    2.376E+001    9.800E-001    9.539E-001 
   1.300E+001    1.851E+001    1.781E+001    7.386E-001    7.148E-001 
   1.400E+001    1.354E+001    1.295E+001    5.403E-001    5.199E-001 
   1.500E+001    9.531E+000    9.056E+000    3.804E-001    3.635E-001 
   1.600E+001    6.790E+000    6.406E+000    2.710E-001    2.572E-001 
   1.700E+001    4.790E+000    4.484E+000    1.912E-001    1.800E-001 
   1.800E+001    3.424E+000    3.180E+000    1.367E-001    1.276E-001 
   1.900E+001    2.453E+000    2.258E+000    9.789E-002    9.066E-002 
   2.000E+001    1.763E+000    1.608E+000    7.036E-002    6.456E-002 
   2.100E+001    1.261E+000    1.139E+000    5.033E-002    4.574E-002 
   2.200E+001    9.048E-001    8.089E-001    3.611E-002    3.247E-002 
   2.300E+001    6.507E-001    5.758E-001    2.597E-002    2.311E-002 
   2.400E+001    4.695E-001    4.109E-001    1.874E-002    1.650E-002 
   2.500E+001    3.399E-001    2.940E-001    1.357E-002    1.180E-002 
   2.600E+001    2.468E-001    2.108E-001    9.850E-003    8.463E-003 
   2.700E+001    1.797E-001    1.515E-001    7.170E-003    6.081E-003 
   2.800E+001    1.309E-001    1.090E-001    5.226E-003    4.375E-003 
   2.900E+001    9.563E-002    7.846E-002    3.816E-003    3.149E-003 
   3.000E+001    6.972E-002    5.638E-002    2.782E-003    2.263E-003 
   3.100E+001    5.082E-002    4.048E-002    2.028E-003    1.625E-003 
   3.200E+001    3.691E-002    2.895E-002    1.473E-003    1.162E-003 
   3.300E+001    2.668E-002    2.059E-002    1.065E-003    8.263E-004 
   3.400E+001    1.911E-002    1.450E-002    7.628E-004    5.819E-004 
   3.500E+001    1.350E-002    1.006E-002    5.389E-004    4.039E-004 
   3.600E+001    9.342E-003    6.834E-003    3.728E-004    2.743E-004 
   3.700E+001    6.244E-003    4.483E-003    2.492E-004    1.800E-004 
   3.800E+001    3.943E-003    2.775E-003    1.574E-004    1.114E-004 
   3.900E+001    2.231E-003    1.538E-003    8.903E-005    6.175E-005 
   4.000E+001    9.526E-004    6.432E-004    3.802E-005    2.582E-005 
