!---- list of chemical species --- Steady state at T =   416.97 K ---------------
!---- nH  = ********   cm-3 ----------
!---- Av  =     0.10   mag -----------
!---- RAD =     1.00   ---------------
!---- N_H2_0 =  1.000E+20         cm-2 ----
!---- N_CO_0 =  1.000E+17         cm-2 ----
!---- WARNING : order = neutrals, species on mantles, ions >0, ions <0 ---------
!---- name, composition, initial density(n/nH), formation enthalpy (kCal/mol) --
!-------------------------------------------------------------------------------
  1  H                       3.752D-02    51.634                       !
  2  H2                      4.812D-01     0.000                       !
  3  He                      1.000D-01     0.000                       !
  4  C                       1.473D-05   169.980     --> C/H = 8.27e-5 !
  5  CH                      1.281D-07   141.600         A&G : 3.55e-4 !
  6  CH2                     3.054D-08    93.900                       !
  7  CH3                     1.394D-05    34.800                       !
  8  CH4                     3.905D-05   -15.970                       !
  9  O                       1.625D-05    58.980     --> O/H = 3.02e-4 !
 10  O2                      1.556D-07     0.000         A&G : 7.41e-4 !
 11  OH                      8.099D-06     9.250                       !
 12  H2O                     1.985D-04   -57.100                       !
 13  CO                      5.385D-05   -27.200                       !
 14  HCO                     8.465D-10   -99.999                       !
 15  CO2                     3.192D-06   -93.965                       !
 16  C2                      3.861D-12   198.200                       !
 17  C2H                     2.328D-09   113.300                       !
 18  C2H2                    1.427D-07    56.320                       !
 19  C3                      9.843D-12   194.000                       !
 20  C3H                     7.218D-11   177.000   ***                 !
 21  C3H2                    1.463D-10   114.000   ***                 !
 22  CH3OH                   6.589D-07   -99.999                       !
 23  H2CO                    9.780D-07   -99.999                       !
 24  HCO2H                   7.240D-06   -99.999                       !
 25  N                       6.903D-05   112.530     --> N/H = 7.94e-5 !
 26  NH                      7.089D-08    90.000         A&G : 9.33e-5 !
 27  NH2                     1.405D-06    46.200                       !
 28  NH3                     2.530D-06    -9.299                       !
 29  CN                      1.980D-07   103.200                       !
 30  HCN                     3.825D-06    32.390                       !
 31  HNC                     3.471D-10    48.000                       !
 32  N2                      4.224D-07     0.000                       !
 33  NO                      1.445D-06    21.460                       !
 34  S                       1.757D-05    65.600         A&G : 1.86e-5 !
 35  SH                      4.860D-10    32.600                       !
 36  H2S                     1.618D-11    -4.230                       !
 37  CS                      1.385D-07    63.000                       !
 38  SO                      3.140D-07     1.200                       !
 39  SO2                     1.425D-08   -70.300                       !
 40  OCS                     2.377D-10   -34.000                       !
 41  Si                      2.069D-06   106.700         A&G : 3.55e-5 !
 42  SiH                     1.407D-13    89.690                       !
 43  SiH2                    1.085D-13    69.140   *                   !
 44  SiH3                    8.881D-14    48.540   *                   !
 45  SiH4                    1.988D-12    11.000                       !
 46  SiO                     7.999D-07   -24.300                       !
 47  SiO2                    2.386D-10   -73.000                       !
 48  Mg                      2.121D-07    35.000                       !
 49  Fe                      2.100D-07    98.700                       !
 50  C54H18                  4.722D-07   -99.999     PAH/nH  =1(-6)    !
 51  G                       2.011D-11   -99.999    Ngrain = 8.30(-11) !
 52  H2O*                    1.448D-07               H2O*/nH =1.03(-4) !
 53  O2*                     1.301D-11                                 !
 54  CO*                     1.427D-08               CO*/nH  =8.27(-6) !
 55  CO2*                    5.131D-10               CO2*/nH =1.34(-5) !
 56  CH4*                    6.173D-08               CH4*/nH =1.55(-6) !
 57  NH3*                    7.048D-08               NH3*/nH =1.55(-5) !
 58  CH3OH*                  2.343D-10             CH3OH*/nH =1.86(-6) !
 59  H2CO*                   9.652D-11              H2CO*/nH =6.20(-6) !
 60  HCO2H*                  8.804D-10             HCO2H*/nH =7.24(-6) !
 61  OCS*                    8.031D-15               OCS*/nH =2.07(-7) !
 62  H2S*                    4.193D-09               H2S*/nH =3.72(-6) !
 63  SiH4*                   6.882D-10                                 !
 64  SiO*                    7.609D-11                                 !
 65  SiO2*                   6.614D-15                                 !
 66  Fe*                     1.780D-11                                 !
 67  O**                     1.929D-04              Noyaux = 4*3.50(-5)!
 68  Si**                    4.642D-05              Noyaux = 3.370(-5) !
 69  Mg**                    5.100D-05              Noyaux = 3.700(-5) !
 70  Fe**                    4.449D-05              Noyaux = 3.230(-5) !
 71  C**                     2.255D-04              Noyaux = 1.630(-4) !
 72  H+                      3.813D-10   365.200                       !
 73  H2+                     4.756D-12   355.700                       !
 74  H3+                     3.090D-09   265.000                       !
 75  He+                     1.267D-09   567.000                       !
 76  C+                      3.327D-08   429.700    --> C/H = 1.38e-4  !
 77  CH+                     3.097D-12   387.000         A&G : 3.55e-4 !
 78  CH2+                    6.453D-12   331.000                       !
 79  CH3+                    5.330D-08   262.000                       !
 80  CH4+                    6.510D-11   272.000   **                  !
 81  CH5+                    1.487D-09   216.000   *                   !
 82  O+                      2.331D-14   373.000                       !
 83  O2+                     1.574D-10   278.400                       !
 84  OH+                     2.865D-13   309.310                       !
 85  H2O+                    4.692D-11   233.700                       !
 86  H3O+                    3.138D-08   143.000                       !
 87  CO+                     5.379D-13   295.970                       !
 88  HCO+                    1.132D-08   197.300                       !
 89  H2CO+                   2.721D-09   -99.999                       !
 90  H3CO+                   4.297D-11   -99.999                       !
 91  CH3OH+                  1.514D-09   -99.999                       !
 92  CH5O+                   2.601D-12   -99.999   *                   !
 93  HCO2+                   3.476D-10   141.000    *                  !
 94  C2+                     2.521D-15   476.000                       !
 95  C2H+                    5.359D-15   404.000                       !
 96  C2H2+                   1.013D-11   317.500                       !
 97  C2H3+                   4.532D-09   267.900                       !
 98  C3+                     5.826D-16   479.000    *                  !
 99  C3H+                    5.073D-14   381.000    *                  !
100  C3H2+                   6.341D-12   330.000   * **                !
101  C3H3+                   4.446D-11   282.000   * **                !
102  N+                      1.807D-13   447.690                       !
103  NH+                     7.986D-14   401.100                       !
104  NH2+                    6.238D-12   302.700                       !
105  NH3+                    5.013D-09   224.900                       !
106  NH4+                    5.969D-09   151.000    *                  !
107  CN+                     1.858D-14   429.300                       !
108  C2N+                    5.317D-12   410.000    *                  !
109  HCN+                    7.472D-13   346.000                       !
110  H2CN+                   3.737D-09   226.000    *                  !
111  H2NC+                   2.848D-10   265.000    *                  !
112  N2+                     1.926D-16   359.298                       !
113  N2H+                    2.850D-12   247.500                       !
114  NO+                     5.145D-09   235.330                       !
115  HNO+                    7.103D-12   256.800                       !
116  S+                      1.023D-06   304.000     --> S/H = 1.86e-5 !
117  SH+                     1.500D-10   271.800         A&G : 1.86e-5 !
118  H2S+                    5.570D-11   237.000                       !
119  H3S+                    5.099D-13   190.000 *                     !
120  CS+                     4.934D-13   324.000                       !
121  HCS+                    2.146D-09   243.000                       !
122  SO+                     3.821D-08   239.200                       !
123  HSO+                    3.112D-11   210.000                       !
124  HSO2+                   3.759D-13   143.000                       !
125  HOCS+                   5.660D-11   181.000                       !
126  Si+                     4.259D-07   295.000                       !
127  SiH+                    2.528D-12   271.820                       !
128  SiH2+                   2.531D-13   276.360   *                   !
129  SiH3+                   5.163D-18   237.320   *                   !
130  SiH4+                   4.525D-21   279.900                       !
131  SiH5+                   8.956D-17   219.380   *                   !
132  SiO+                    1.520D-11   239.520                       !
133  SiOH+                   4.986D-08   -99.999                       !
134  Fe+                     1.116D-08   280.240     LM: Fe/nH=1.5(-8) !
135  C54H18+                 9.500D-09   -99.999                       !
136  G+                      2.979D-12   -99.999                       !
137  Mg+                     1.386D-20   -99.999        PAH/nH = 1(-8) !
138  C54H18-                 7.224D-07   -99.999    Ngrain = 8.30(-11) !
139  G-                      6.541D-11    34.000                       !
140  H-                      1.386D-20   211.000                       !
