 In this file you can find the necessary data to rebuild Figure 6 of Schilke et al
       Jupper           TDV          TDV2 
   1.000E+000    4.297E+006    3.591E+006    1.868E+000    1.576E+000 
   2.000E+000    2.476E+006    2.423E+006    1.076E+000    1.063E+000 
   3.000E+000    2.372E+006    2.347E+006    1.031E+000    1.030E+000 
   4.000E+000    2.310E+006    2.290E+006    1.004E+000    1.005E+000 
   5.000E+000    2.301E+006    2.279E+006    1.000E+000    1.000E+000 
   6.000E+000    2.303E+006    2.278E+006    1.001E+000    9.995E-001 
   7.000E+000    2.254E+006    2.225E+006    9.799E-001    9.762E-001 
   8.000E+000    2.261E+006    2.225E+006    9.826E-001    9.762E-001 
   9.000E+000    2.242E+006    2.198E+006    9.743E-001    9.645E-001 
   1.000E+001    2.208E+006    2.155E+006    9.596E-001    9.457E-001 
   1.100E+001    2.177E+006    2.116E+006    9.462E-001    9.285E-001 
   1.200E+001    2.102E+006    2.032E+006    9.135E-001    8.916E-001 
   1.300E+001    2.059E+006    1.980E+006    8.950E-001    8.687E-001 
   1.400E+001    2.063E+006    1.972E+006    8.967E-001    8.654E-001 
   1.500E+001    2.416E+006    2.295E+006    1.050E+000    1.007E+000 
   1.600E+001    2.825E+006    2.665E+006    1.228E+000    1.169E+000 
   1.700E+001    1.039E+006    9.726E+005    4.517E-001    4.268E-001 
   1.800E+001    5.817E+006    5.402E+006    2.529E+000    2.370E+000 
   1.900E+001    7.800E+006    7.180E+006    3.390E+000    3.151E+000 
   2.000E+001    3.596E+006    3.280E+006    1.563E+000    1.439E+000 
   2.100E+001    2.467E+006    2.229E+006    1.072E+000    9.781E-001 
   2.200E+001    2.094E+006    1.872E+006    9.101E-001    8.213E-001 
   2.300E+001    1.961E+006    1.736E+006    8.525E-001    7.616E-001 
   2.400E+001    1.863E+006    1.630E+006    8.098E-001    7.155E-001 
   2.500E+001    1.850E+006    1.600E+006    8.041E-001    7.021E-001 
   2.600E+001    1.800E+006    1.538E+006    7.826E-001    6.748E-001 
   2.700E+001    1.796E+006    1.514E+006    7.808E-001    6.646E-001 
   2.800E+001    1.754E+006    1.460E+006    7.625E-001    6.407E-001 
   2.900E+001    1.744E+006    1.431E+006    7.581E-001    6.279E-001 
   3.000E+001    1.706E+006    1.380E+006    7.417E-001    6.055E-001 
   3.100E+001    1.666E+006    1.327E+006    7.243E-001    5.824E-001 
   3.200E+001    1.631E+006    1.279E+006    7.087E-001    5.611E-001 
   3.300E+001    1.544E+006    1.191E+006    6.709E-001    5.225E-001 
   3.400E+001    1.489E+006    1.129E+006    6.473E-001    4.955E-001 
   3.500E+001    1.333E+006    9.927E+005    5.792E-001    4.356E-001 
   3.600E+001    1.221E+006    8.931E+005    5.308E-001    3.919E-001 
   3.700E+001    9.840E+005    7.063E+005    4.277E-001    3.100E-001 
   3.800E+001    7.759E+005    5.460E+005    3.372E-001    2.396E-001 
   3.900E+001    5.038E+005    3.473E+005    2.190E-001    1.524E-001 
   4.000E+001    2.399E+005    1.620E+005    1.043E-001    7.108E-002 
