!---- list of chemical species --- Steady state at T = 69521.35 K ---------------
!---- nH  = ********   cm-3 ----------
!---- Av  =     0.10   mag -----------
!---- RAD =     1.00   ---------------
!---- N_H2_0 =  1.000E+20         cm-2 ----
!---- N_CO_0 =  1.000E+17         cm-2 ----
!---- WARNING : order = neutrals, species on mantles, ions >0, ions <0 ---------
!---- name, composition, initial density(n/nH), formation enthalpy (kCal/mol) --
!-------------------------------------------------------------------------------
  1  H                       1.000D+00    51.634                       !
  2  H2                      1.179D-26     0.000                       !
  3  He                      9.996D-02     0.000                       !
  4  C                       1.176D-04   169.980     --> C/H = 8.27e-5 !
  5  CH                      7.933D-14   141.600         A&G : 3.55e-4 !
  6  CH2                     2.349D-13    93.900                       !
  7  CH3                     7.681D-13    34.800                       !
  8  CH4                     1.045D-14   -15.970                       !
  9  O                       2.613D-04    58.980     --> O/H = 3.02e-4 !
 10  O2                      1.168D-09     0.000         A&G : 7.41e-4 !
 11  OH                      1.401D-12     9.250                       !
 12  H2O                     1.134D-16   -57.100                       !
 13  CO                      7.049D-10   -27.200                       !
 14  HCO                     4.893D-13   -99.999                       !
 15  CO2                     1.287D-05   -93.965                       !
 16  C2                      2.299D-11   198.200                       !
 17  C2H                     1.270D-10   113.300                       !
 18  C2H2                    5.812D-09    56.320                       !
 19  C3                      5.525D-12   194.000                       !
 20  C3H                     1.470D-11   177.000   ***                 !
 21  C3H2                    8.600D-12   114.000   ***                 !
 22  CH3OH                   5.260D-17   -99.999                       !
 23  H2CO                    8.472D-15   -99.999                       !
 24  HCO2H                   7.236D-06   -99.999                       !
 25  N                       7.855D-05   112.530     --> N/H = 7.94e-5 !
 26  NH                      1.107D-12    90.000         A&G : 9.33e-5 !
 27  NH2                     8.318D-15    46.200                       !
 28  NH3                     1.553D-15    -9.299                       !
 29  CN                      3.562D-09   103.200                       !
 30  HCN                     3.436D-07    32.390                       !
 31  HNC                     1.424D-12    48.000                       !
 32  N2                      1.360D-07     0.000                       !
 33  NO                      1.941D-07    21.460                       !
 34  S                       1.853D-05    65.600         A&G : 1.86e-5 !
 35  SH                      1.252D-10    32.600                       !
 36  H2S                     9.831D-19    -4.230                       !
 37  CS                      9.362D-09    63.000                       !
 38  SO                      1.618D-13     1.200                       !
 39  SO2                     4.023D-24   -70.300                       !
 40  OCS                     3.648D-11   -34.000                       !
 41  Si                      3.047D-06   106.700         A&G : 3.55e-5 !
 42  SiH                     1.020D-09    89.690                       !
 43  SiH2                    2.186D-10    69.140   *                   !
 44  SiH3                    2.869D-11    48.540   *                   !
 45  SiH4                    5.012D-13    11.000                       !
 46  SiO                     2.825D-08   -24.300                       !
 47  SiO2                    8.012D-13   -73.000                       !
 48  Mg                      9.497D-08    35.000                       !
 49  Fe                      1.120D-07    98.700                       !
 50  C54H18                  3.337D-07   -99.999     PAH/nH  =1(-6)    !
 51  G                       6.396D-12   -99.999    Ngrain = 8.30(-11) !
 52  H2O*                    1.368D-12               H2O*/nH =1.03(-4) !
 53  O2*                     4.791D-18                                 !
 54  CO*                     7.425D-17               CO*/nH  =8.27(-6) !
 55  CO2*                    2.927D-14               CO2*/nH =1.34(-5) !
 56  CH4*                    4.019D-13               CH4*/nH =1.55(-6) !
 57  NH3*                    3.602D-13               NH3*/nH =1.55(-5) !
 58  CH3OH*                  6.029D-19             CH3OH*/nH =1.86(-6) !
 59  H2CO*                   1.504D-15              H2CO*/nH =6.20(-6) !
 60  HCO2H*                  2.136D-14             HCO2H*/nH =7.24(-6) !
 61  OCS*                    1.259D-18               OCS*/nH =2.07(-7) !
 62  H2S*                    6.684D-14               H2S*/nH =3.72(-6) !
 63  SiH4*                   6.517D-10                                 !
 64  SiO*                    4.626D-17                                 !
 65  SiO2*                   1.158D-16                                 !
 66  Fe*                     2.974D-16                                 !
 67  O**                     1.559D-04              Noyaux = 4*3.50(-5)!
 68  Si**                    3.754D-05              Noyaux = 3.370(-5) !
 69  Mg**                    4.123D-05              Noyaux = 3.700(-5) !
 70  Fe**                    3.597D-05              Noyaux = 3.230(-5) !
 71  C**                     1.819D-04              Noyaux = 1.630(-4) !
 72  H+                      6.791D-06   365.200                       !
 73  H2+                     3.911D-15   355.700                       !
 74  H3+                     9.385D-16   265.000                       !
 75  He+                     2.444D-07   567.000                       !
 76  C+                      1.414D-07   429.700    --> C/H = 1.38e-4  !
 77  CH+                     7.812D-11   387.000         A&G : 3.55e-4 !
 78  CH2+                    1.017D-11   331.000                       !
 79  CH3+                    7.095D-16   262.000                       !
 80  CH4+                    4.787D-19   272.000   **                  !
 81  CH5+                    1.487D-17   216.000   *                   !
 82  O+                      1.765D-09   373.000                       !
 83  O2+                     1.048D-14   278.400                       !
 84  OH+                     7.537D-18   309.310                       !
 85  H2O+                    9.274D-22   233.700                       !
 86  H3O+                    2.019D-21   143.000                       !
 87  CO+                     4.929D-10   295.970                       !
 88  HCO+                    4.004D-10   197.300                       !
 89  H2CO+                   3.438D-10   -99.999                       !
 90  H3CO+                   2.182D-10   -99.999                       !
 91  CH3OH+                  2.340D-10   -99.999                       !
 92  CH5O+                   1.023D-10   -99.999   *                   !
 93  HCO2+                   5.339D-15   141.000    *                  !
 94  C2+                     3.140D-14   476.000                       !
 95  C2H+                    6.608D-14   404.000                       !
 96  C2H2+                   6.243D-14   317.500                       !
 97  C2H3+                   5.484D-11   267.900                       !
 98  C3+                     2.487D-16   479.000    *                  !
 99  C3H+                    4.710D-13   381.000    *                  !
100  C3H2+                   6.662D-14   330.000   * **                !
101  C3H3+                   3.294D-13   282.000   * **                !
102  N+                      4.040D-10   447.690                       !
103  NH+                     5.927D-18   401.100                       !
104  NH2+                    2.454D-19   302.700                       !
105  NH3+                    2.942D-19   224.900                       !
106  NH4+                    1.376D-24   151.000    *                  !
107  CN+                     2.378D-11   429.300                       !
108  C2N+                    2.574D-14   410.000    *                  !
109  HCN+                    1.742D-11   346.000                       !
110  H2CN+                   8.491D-16   226.000    *                  !
111  H2NC+                   1.176D-11   265.000    *                  !
112  N2+                     4.180D-12   359.298                       !
113  N2H+                    3.008D-17   247.500                       !
114  NO+                     9.426D-10   235.330                       !
115  HNO+                    4.908D-13   256.800                       !
116  S+                      2.773D-07   304.000     --> S/H = 1.86e-5 !
117  SH+                     6.633D-14   271.800         A&G : 1.86e-5 !
118  H2S+                    5.340D-17   237.000                       !
119  H3S+                    1.240D-16   190.000 *                     !
120  CS+                     9.203D-09   324.000                       !
121  HCS+                    1.535D-14   243.000                       !
122  SO+                     2.786D-17   239.200                       !
123  HSO+                    2.194D-11   210.000                       !
124  HSO2+                   3.963D-15   143.000                       !
125  HOCS+                   9.012D-11   181.000                       !
126  Si+                     2.301D-08   295.000                       !
127  SiH+                    1.240D-13   271.820                       !
128  SiH2+                   1.182D-15   276.360   *                   !
129  SiH3+                   4.428D-16   237.320   *                   !
130  SiH4+                   6.532D-18   279.900                       !
131  SiH5+                   8.284D-17   219.380   *                   !
132  SiO+                    7.261D-13   239.520                       !
133  SiOH+                   5.028D-10   -99.999                       !
134  Fe+                     1.029D-08   280.240     LM: Fe/nH=1.5(-8) !
135  C54H18+                 2.555D-08   -99.999                       !
136  G+                      5.335D-13   -99.999                       !
137  Mg+                     1.117D-20   -99.999        PAH/nH = 1(-8) !
138  C54H18-                 7.186D-07   -99.999    Ngrain = 8.30(-11) !
139  G-                      6.990D-11    34.000                       !
140  H-                      1.117D-20   211.000                       !
