 In this file you can find the necessary data to rebuild Figure 6 of Schilke et al
       Jupper           TDV          TDV2 
   1.000E+000    1.412E+005    1.414E+005    1.028E+000    1.035E+000 
   2.000E+000    1.340E+005    1.340E+005    9.752E-001    9.806E-001 
   3.000E+000    1.380E+005    1.378E+005    1.004E+000    1.009E+000 
   4.000E+000    1.376E+005    1.372E+005    1.002E+000    1.004E+000 
   5.000E+000    1.374E+005    1.366E+005    1.000E+000    1.000E+000 
   6.000E+000    1.368E+005    1.357E+005    9.955E-001    9.929E-001 
   7.000E+000    1.363E+005    1.349E+005    9.924E-001    9.871E-001 
   8.000E+000    1.356E+005    1.337E+005    9.873E-001    9.788E-001 
   9.000E+000    1.349E+005    1.325E+005    9.823E-001    9.701E-001 
   1.000E+001    1.342E+005    1.312E+005    9.770E-001    9.602E-001 
   1.100E+001    1.334E+005    1.299E+005    9.713E-001    9.506E-001 
   1.200E+001    1.328E+005    1.285E+005    9.668E-001    9.409E-001 
   1.300E+001    1.320E+005    1.270E+005    9.608E-001    9.296E-001 
   1.400E+001    1.310E+005    1.254E+005    9.539E-001    9.176E-001 
   1.500E+001    1.298E+005    1.233E+005    9.446E-001    9.025E-001 
   1.600E+001    1.288E+005    1.215E+005    9.375E-001    8.895E-001 
   1.700E+001    1.276E+005    1.195E+005    9.292E-001    8.747E-001 
   1.800E+001    1.265E+005    1.175E+005    9.210E-001    8.601E-001 
   1.900E+001    1.255E+005    1.155E+005    9.132E-001    8.455E-001 
   2.000E+001    1.244E+005    1.135E+005    9.056E-001    8.307E-001 
   2.100E+001    1.231E+005    1.112E+005    8.960E-001    8.141E-001 
   2.200E+001    1.219E+005    1.089E+005    8.871E-001    7.974E-001 
   2.300E+001    1.205E+005    1.067E+005    8.772E-001    7.807E-001 
   2.400E+001    1.192E+005    1.043E+005    8.675E-001    7.635E-001 
   2.500E+001    1.179E+005    1.020E+005    8.581E-001    7.463E-001 
   2.600E+001    1.165E+005    9.949E+004    8.479E-001    7.282E-001 
   2.700E+001    1.151E+005    9.704E+004    8.378E-001    7.103E-001 
   2.800E+001    1.135E+005    9.445E+004    8.261E-001    6.913E-001 
   2.900E+001    1.120E+005    9.189E+004    8.153E-001    6.726E-001 
   3.000E+001    1.102E+005    8.915E+004    8.025E-001    6.525E-001 
   3.100E+001    1.084E+005    8.632E+004    7.889E-001    6.318E-001 
   3.200E+001    1.064E+005    8.343E+004    7.743E-001    6.106E-001 
   3.300E+001    1.039E+005    8.014E+004    7.561E-001    5.866E-001 
   3.400E+001    1.014E+005    7.693E+004    7.384E-001    5.631E-001 
   3.500E+001    9.775E+004    7.283E+004    7.116E-001    5.331E-001 
   3.600E+001    9.410E+004    6.883E+004    6.850E-001    5.038E-001 
   3.700E+001    8.758E+004    6.288E+004    6.375E-001    4.602E-001 
   3.800E+001    8.073E+004    5.682E+004    5.877E-001    4.159E-001 
   3.900E+001    6.655E+004    4.589E+004    4.844E-001    3.359E-001 
   4.000E+001    4.203E+004    2.838E+004    3.060E-001    2.077E-001 
