 In this file you can find the necessary data to rebuild Figure 6 of Schilke et al
       Jupper           TDV          TDV2 
   1.000E+000    1.447E+006    1.454E+006    5.646E+000    5.702E+000 
   2.000E+000    3.876E+005    3.878E+005    1.512E+000    1.521E+000 
   3.000E+000    3.189E+005    3.186E+005    1.244E+000    1.250E+000 
   4.000E+000    2.780E+005    2.771E+005    1.084E+000    1.087E+000 
   5.000E+000    2.563E+005    2.549E+005    1.000E+000    1.000E+000 
   6.000E+000    2.415E+005    2.395E+005    9.420E-001    9.396E-001 
   7.000E+000    2.315E+005    2.290E+005    9.031E-001    8.983E-001 
   8.000E+000    2.235E+005    2.203E+005    8.717E-001    8.642E-001 
   9.000E+000    2.171E+005    2.132E+005    8.468E-001    8.363E-001 
   1.000E+001    2.118E+005    2.070E+005    8.261E-001    8.119E-001 
   1.100E+001    2.072E+005    2.016E+005    8.081E-001    7.908E-001 
   1.200E+001    2.034E+005    1.969E+005    7.937E-001    7.723E-001 
   1.300E+001    1.998E+005    1.923E+005    7.795E-001    7.542E-001 
   1.400E+001    1.964E+005    1.878E+005    7.660E-001    7.368E-001 
   1.500E+001    1.927E+005    1.831E+005    7.516E-001    7.181E-001 
   1.600E+001    1.898E+005    1.791E+005    7.404E-001    7.024E-001 
   1.700E+001    1.869E+005    1.750E+005    7.290E-001    6.863E-001 
   1.800E+001    1.841E+005    1.709E+005    7.181E-001    6.705E-001 
   1.900E+001    1.815E+005    1.671E+005    7.080E-001    6.555E-001 
   2.000E+001    1.791E+005    1.634E+005    6.985E-001    6.407E-001 
   2.100E+001    1.763E+005    1.593E+005    6.877E-001    6.248E-001 
   2.200E+001    1.737E+005    1.553E+005    6.777E-001    6.092E-001 
   2.300E+001    1.710E+005    1.514E+005    6.672E-001    5.937E-001 
   2.400E+001    1.684E+005    1.474E+005    6.570E-001    5.782E-001 
   2.500E+001    1.659E+005    1.435E+005    6.474E-001    5.630E-001 
   2.600E+001    1.633E+005    1.395E+005    6.372E-001    5.473E-001 
   2.700E+001    1.608E+005    1.356E+005    6.273E-001    5.318E-001 
   2.800E+001    1.579E+005    1.315E+005    6.161E-001    5.156E-001 
   2.900E+001    1.553E+005    1.274E+005    6.058E-001    4.998E-001 
   3.000E+001    1.522E+005    1.231E+005    5.939E-001    4.829E-001 
   3.100E+001    1.490E+005    1.187E+005    5.814E-001    4.656E-001 
   3.200E+001    1.456E+005    1.142E+005    5.681E-001    4.480E-001 
   3.300E+001    1.415E+005    1.092E+005    5.519E-001    4.282E-001 
   3.400E+001    1.374E+005    1.042E+005    5.362E-001    4.089E-001 
   3.500E+001    1.316E+005    9.801E+004    5.132E-001    3.845E-001 
   3.600E+001    1.257E+005    9.196E+004    4.904E-001    3.607E-001 
   3.700E+001    1.158E+005    8.316E+004    4.519E-001    3.262E-001 
   3.800E+001    1.055E+005    7.427E+004    4.117E-001    2.913E-001 
   3.900E+001    8.557E+004    5.901E+004    3.338E-001    2.315E-001 
   4.000E+001    5.280E+004    3.565E+004    2.060E-001    1.398E-001 
