!---- list of chemical species --- Steady state at T =    37.37 K ---------------
!---- nH  = 22710.31   cm-3 ----------
!---- Av  =     0.10   mag -----------
!---- RAD =     1.00   ---------------
!---- N_H2_0 =  1.000E+20         cm-2 ----
!---- N_CO_0 =  1.000E+17         cm-2 ----
!---- WARNING : order = neutrals, species on mantles, ions >0, ions <0 ---------
!---- name, composition, initial density(n/nH), formation enthalpy (kCal/mol) --
!-------------------------------------------------------------------------------
  1  H                       1.805D-03    51.634                       !
  2  H2                      4.991D-01     0.000                       !
  3  He                      9.997D-02     0.000                       !
  4  C                       3.577D-05   169.980     --> C/H = 8.27e-5 !
  5  CH                      3.875D-08   141.600         A&G : 3.55e-4 !
  6  CH2                     4.396D-08    93.900                       !
  7  CH3                     1.595D-08    34.800                       !
  8  CH4                     2.502D-08   -15.970                       !
  9  O                       1.694D-04    58.980     --> O/H = 3.02e-4 !
 10  O2                      6.943D-08     0.000         A&G : 7.41e-4 !
 11  OH                      1.302D-07     9.250                       !
 12  H2O                     1.404D-07   -57.100                       !
 13  CO                      7.543D-05   -27.200                       !
 14  HCO                     5.888D-10   -99.999                       !
 15  CO2                     2.186D-10   -93.965                       !
 16  C2                      7.435D-09   198.200                       !
 17  C2H                     1.710D-09   113.300                       !
 18  C2H2                    5.799D-11    56.320                       !
 19  C3                      1.828D-12   194.000                       !
 20  C3H                     4.991D-12   177.000   ***                 !
 21  C3H2                    2.479D-12   114.000   ***                 !
 22  CH3OH                   9.559D-49   -99.999                       !
 23  H2CO                    4.646D-09   -99.999                       !
 24  HCO2H                   6.511D-06   -99.999                       !
 25  N                       6.584D-05   112.530     --> N/H = 7.94e-5 !
 26  NH                      7.976D-08    90.000         A&G : 9.33e-5 !
 27  NH2                     4.422D-08    46.200                       !
 28  NH3                     3.355D-08    -9.299                       !
 29  CN                      3.265D-08   103.200                       !
 30  HCN                     3.240D-09    32.390                       !
 31  HNC                     3.278D-09    48.000                       !
 32  N2                      2.198D-08     0.000                       !
 33  NO                      4.735D-09    21.460                       !
 34  S                       1.355D-05    65.600         A&G : 1.86e-5 !
 35  SH                      5.030D-09    32.600                       !
 36  H2S                     2.386D-09    -4.230                       !
 37  CS                      1.889D-09    63.000                       !
 38  SO                      2.114D-09     1.200                       !
 39  SO2                     1.274D-12   -70.300                       !
 40  OCS                     4.061D-15   -34.000                       !
 41  Si                      1.529D-06   106.700         A&G : 3.55e-5 !
 42  SiH                     3.523D-10    89.690                       !
 43  SiH2                    2.496D-10    69.140   *                   !
 44  SiH3                    2.313D-12    48.540   *                   !
 45  SiH4                    4.019D-10    11.000                       !
 46  SiO                     7.317D-09   -24.300                       !
 47  SiO2                    3.239D-13   -73.000                       !
 48  Mg                      2.365D-07    35.000                       !
 49  Fe                      1.897D-07    98.700                       !
 50  C54H18                  6.502D-07   -99.999     PAH/nH  =1(-6)    !
 51  G                       2.761D-11   -99.999    Ngrain = 8.30(-11) !
 52  H2O*                    3.205D-05               H2O*/nH =1.03(-4) !
 53  O2*                     9.266D-09                                 !
 54  CO*                     1.051D-05               CO*/nH  =8.27(-6) !
 55  CO2*                    2.489D-11               CO2*/nH =1.34(-5) !
 56  CH4*                    7.807D-06               CH4*/nH =1.55(-6) !
 57  NH3*                    1.330D-05               NH3*/nH =1.55(-5) !
 58  CH3OH*                  2.079D-46             CH3OH*/nH =1.86(-6) !
 59  H2CO*                   7.232D-10              H2CO*/nH =6.20(-6) !
 60  HCO2H*                  7.251D-07             HCO2H*/nH =7.24(-6) !
 61  OCS*                    3.959D-16               OCS*/nH =2.07(-7) !
 62  H2S*                    1.810D-06               H2S*/nH =3.72(-6) !
 63  SiH4*                   2.181D-07                                 !
 64  SiO*                    8.326D-10                                 !
 65  SiO2*                   3.157D-14                                 !
 66  Fe*                     1.918D-08                                 !
 67  O**                     1.551D-04              Noyaux = 4*3.50(-5)!
 68  Si**                    3.732D-05              Noyaux = 3.370(-5) !
 69  Mg**                    4.100D-05              Noyaux = 3.700(-5) !
 70  Fe**                    3.577D-05              Noyaux = 3.230(-5) !
 71  C**                     1.814D-04              Noyaux = 1.630(-4) !
 72  H+                      5.337D-09   365.200                       !
 73  H2+                     4.018D-11   355.700                       !
 74  H3+                     1.777D-08   265.000                       !
 75  He+                     9.215D-09   567.000                       !
 76  C+                      1.561D-06   429.700    --> C/H = 1.38e-4  !
 77  CH+                     3.423D-12   387.000         A&G : 3.55e-4 !
 78  CH2+                    8.476D-12   331.000                       !
 79  CH3+                    4.423D-10   262.000                       !
 80  CH4+                    2.958D-13   272.000   **                  !
 81  CH5+                    1.722D-12   216.000   *                   !
 82  O+                      1.671D-13   373.000                       !
 83  O2+                     1.570D-11   278.400                       !
 84  OH+                     5.010D-12   309.310                       !
 85  H2O+                    6.280D-12   233.700                       !
 86  H3O+                    1.029D-10   143.000                       !
 87  CO+                     3.277D-13   295.970                       !
 88  HCO+                    6.469D-10   197.300                       !
 89  H2CO+                   3.797D-12   -99.999                       !
 90  H3CO+                   1.101D-13   -99.999                       !
 91  CH3OH+                  2.454D-51   -99.999                       !
 92  CH5O+                   7.406D-52   -99.999   *                   !
 93  HCO2+                   1.341D-14   141.000    *                  !
 94  C2+                     4.329D-14   476.000                       !
 95  C2H+                    7.799D-14   404.000                       !
 96  C2H2+                   1.361D-11   317.500                       !
 97  C2H3+                   6.526D-12   267.900                       !
 98  C3+                     1.720D-14   479.000    *                  !
 99  C3H+                    3.944D-13   381.000    *                  !
100  C3H2+                   8.797D-17   330.000   * **                !
101  C3H3+                   8.127D-14   282.000   * **                !
102  N+                      4.385D-12   447.690                       !
103  NH+                     3.826D-14   401.100                       !
104  NH2+                    1.591D-12   302.700                       !
105  NH3+                    9.489D-11   224.900                       !
106  NH4+                    4.015D-12   151.000    *                  !
107  CN+                     1.935D-13   429.300                       !
108  C2N+                    5.950D-12   410.000    *                  !
109  HCN+                    3.775D-13   346.000                       !
110  H2CN+                   3.366D-11   226.000    *                  !
111  H2NC+                   6.001D-12   265.000    *                  !
112  N2+                     1.363D-16   359.298                       !
113  N2H+                    6.246D-14   247.500                       !
114  NO+                     9.344D-12   235.330                       !
115  HNO+                    1.570D-14   256.800                       !
116  S+                      3.993D-06   304.000     --> S/H = 1.86e-5 !
117  SH+                     1.507D-10   271.800         A&G : 1.86e-5 !
118  H2S+                    8.736D-12   237.000                       !
119  H3S+                    2.477D-14   190.000 *                     !
120  CS+                     4.903D-13   324.000                       !
121  HCS+                    5.679D-12   243.000                       !
122  SO+                     9.170D-11   239.200                       !
123  HSO+                    1.860D-14   210.000                       !
124  HSO2+                   7.561D-18   143.000                       !
125  HOCS+                   1.142D-16   181.000                       !
126  Si+                     1.639D-06   295.000                       !
127  SiH+                    8.865D-12   271.820                       !
128  SiH2+                   4.079D-12   276.360   *                   !
129  SiH3+                   2.913D-15   237.320   *                   !
130  SiH4+                   6.735D-18   279.900                       !
131  SiH5+                   3.069D-15   219.380   *                   !
132  SiO+                    9.031D-13   239.520                       !
133  SiOH+                   5.652D-11   -99.999                       !
134  Fe+                     4.076D-08   280.240     LM: Fe/nH=1.5(-8) !
135  C54H18+                 3.500D-09   -99.999                       !
136  G+                      2.145D-12   -99.999                       !
137  Mg+                     1.115D-20   -99.999        PAH/nH = 1(-8) !
138  C54H18-                 4.115D-07   -99.999    Ngrain = 8.30(-11) !
139  G-                      4.541D-11    34.000                       !
140  H-                      1.115D-20   211.000                       !
