 In this file you can find the necessary data to rebuild Figure 6 of Schilke et al
       Jupper           TDV          TDV2 
   1.000E+000    4.043E+004    4.042E+004    9.989E-001    1.004E+000 
   2.000E+000    4.051E+004    4.047E+004    1.001E+000    1.006E+000 
   3.000E+000    4.051E+004    4.045E+004    1.001E+000    1.005E+000 
   4.000E+000    4.050E+004    4.035E+004    1.001E+000    1.003E+000 
   5.000E+000    4.047E+004    4.024E+004    1.000E+000    1.000E+000 
   6.000E+000    4.045E+004    4.012E+004    9.994E-001    9.969E-001 
   7.000E+000    4.042E+004    3.998E+004    9.987E-001    9.935E-001 
   8.000E+000    4.039E+004    3.982E+004    9.979E-001    9.895E-001 
   9.000E+000    4.036E+004    3.963E+004    9.970E-001    9.848E-001 
   1.000E+001    4.032E+004    3.941E+004    9.961E-001    9.792E-001 
   1.100E+001    4.028E+004    3.920E+004    9.951E-001    9.740E-001 
   1.200E+001    4.024E+004    3.894E+004    9.942E-001    9.677E-001 
   1.300E+001    4.020E+004    3.868E+004    9.931E-001    9.611E-001 
   1.400E+001    4.015E+004    3.841E+004    9.920E-001    9.544E-001 
   1.500E+001    4.009E+004    3.809E+004    9.905E-001    9.466E-001 
   1.600E+001    4.004E+004    3.778E+004    9.892E-001    9.387E-001 
   1.700E+001    3.998E+004    3.743E+004    9.878E-001    9.301E-001 
   1.800E+001    3.992E+004    3.707E+004    9.862E-001    9.211E-001 
   1.900E+001    3.985E+004    3.669E+004    9.847E-001    9.118E-001 
   2.000E+001    3.980E+004    3.631E+004    9.833E-001    9.022E-001 
   2.100E+001    3.972E+004    3.589E+004    9.814E-001    8.918E-001 
   2.200E+001    3.966E+004    3.545E+004    9.798E-001    8.810E-001 
   2.300E+001    3.958E+004    3.503E+004    9.779E-001    8.704E-001 
   2.400E+001    3.950E+004    3.457E+004    9.760E-001    8.591E-001 
   2.500E+001    3.943E+004    3.411E+004    9.742E-001    8.475E-001 
   2.600E+001    3.935E+004    3.361E+004    9.721E-001    8.352E-001 
   2.700E+001    3.928E+004    3.312E+004    9.704E-001    8.229E-001 
   2.800E+001    3.918E+004    3.261E+004    9.680E-001    8.103E-001 
   2.900E+001    3.911E+004    3.209E+004    9.663E-001    7.974E-001 
   3.000E+001    3.901E+004    3.154E+004    9.638E-001    7.839E-001 
   3.100E+001    3.892E+004    3.100E+004    9.617E-001    7.704E-001 
   3.200E+001    3.883E+004    3.046E+004    9.594E-001    7.568E-001 
   3.300E+001    3.870E+004    2.986E+004    9.561E-001    7.419E-001 
   3.400E+001    3.864E+004    2.931E+004    9.547E-001    7.282E-001 
   3.500E+001    3.839E+004    2.860E+004    9.484E-001    7.107E-001 
   3.600E+001    3.836E+004    2.806E+004    9.478E-001    6.973E-001 
   3.700E+001    3.771E+004    2.708E+004    9.318E-001    6.728E-001 
   3.800E+001    3.741E+004    2.633E+004    9.243E-001    6.543E-001 
   3.900E+001    3.505E+004    2.417E+004    8.659E-001    6.005E-001 
   4.000E+001    2.804E+004    1.893E+004    6.927E-001    4.704E-001 
