 In this file you can find the necessary data to rebuild Figure 6 of Schilke et al
       Jupper           TDV          TDV2 
   1.000E+000    4.562E+004    4.561E+004    9.992E-001    1.005E+000 
   2.000E+000    4.568E+004    4.564E+004    1.001E+000    1.005E+000 
   3.000E+000    4.569E+004    4.562E+004    1.001E+000    1.005E+000 
   4.000E+000    4.567E+004    4.551E+004    1.000E+000    1.003E+000 
   5.000E+000    4.565E+004    4.539E+004    1.000E+000    1.000E+000 
   6.000E+000    4.563E+004    4.525E+004    9.994E-001    9.969E-001 
   7.000E+000    4.560E+004    4.510E+004    9.988E-001    9.936E-001 
   8.000E+000    4.556E+004    4.492E+004    9.980E-001    9.896E-001 
   9.000E+000    4.553E+004    4.471E+004    9.972E-001    9.850E-001 
   1.000E+001    4.549E+004    4.446E+004    9.964E-001    9.795E-001 
   1.100E+001    4.545E+004    4.423E+004    9.954E-001    9.743E-001 
   1.200E+001    4.541E+004    4.395E+004    9.946E-001    9.681E-001 
   1.300E+001    4.537E+004    4.365E+004    9.937E-001    9.616E-001 
   1.400E+001    4.532E+004    4.336E+004    9.927E-001    9.551E-001 
   1.500E+001    4.527E+004    4.301E+004    9.915E-001    9.475E-001 
   1.600E+001    4.521E+004    4.266E+004    9.903E-001    9.398E-001 
   1.700E+001    4.516E+004    4.228E+004    9.891E-001    9.314E-001 
   1.800E+001    4.510E+004    4.188E+004    9.878E-001    9.226E-001 
   1.900E+001    4.504E+004    4.147E+004    9.865E-001    9.135E-001 
   2.000E+001    4.499E+004    4.104E+004    9.853E-001    9.041E-001 
   2.100E+001    4.491E+004    4.058E+004    9.837E-001    8.940E-001 
   2.200E+001    4.485E+004    4.010E+004    9.824E-001    8.833E-001 
   2.300E+001    4.478E+004    3.963E+004    9.808E-001    8.730E-001 
   2.400E+001    4.470E+004    3.913E+004    9.792E-001    8.620E-001 
   2.500E+001    4.464E+004    3.861E+004    9.778E-001    8.506E-001 
   2.600E+001    4.456E+004    3.806E+004    9.760E-001    8.385E-001 
   2.700E+001    4.450E+004    3.752E+004    9.746E-001    8.265E-001 
   2.800E+001    4.440E+004    3.696E+004    9.726E-001    8.141E-001 
   2.900E+001    4.434E+004    3.638E+004    9.712E-001    8.014E-001 
   3.000E+001    4.425E+004    3.578E+004    9.692E-001    7.882E-001 
   3.100E+001    4.417E+004    3.518E+004    9.674E-001    7.750E-001 
   3.200E+001    4.409E+004    3.458E+004    9.658E-001    7.619E-001 
   3.300E+001    4.396E+004    3.392E+004    9.629E-001    7.472E-001 
   3.400E+001    4.394E+004    3.332E+004    9.624E-001    7.341E-001 
   3.500E+001    4.366E+004    3.253E+004    9.564E-001    7.166E-001 
   3.600E+001    4.369E+004    3.196E+004    9.570E-001    7.041E-001 
   3.700E+001    4.297E+004    3.085E+004    9.412E-001    6.796E-001 
   3.800E+001    4.268E+004    3.004E+004    9.348E-001    6.617E-001 
   3.900E+001    4.006E+004    2.762E+004    8.774E-001    6.085E-001 
   4.000E+001    3.206E+004    2.165E+004    7.022E-001    4.768E-001 
