    V   J   Energy(K)   log(N/g)
    0     0   0.000000E+000   5.388128E+001 
    0     1   1.705020E+002   5.165634E+001 
    0     2   5.098500E+002   4.346390E+001 
    0     3   1.015153E+003   4.214074E+001 
    0     4   1.681678E+003   4.148719E+001 
    0     5   2.503870E+003   4.080375E+001 
    0     6   3.474434E+003   3.999079E+001 
    0     7   4.586377E+003   3.898495E+001 
    0     8   5.829758E+003   3.774167E+001 
    1     0   5.987124E+003   3.453208E+001 
    1     1   6.149208E+003   3.429032E+001 
    1     2   6.471607E+003   3.423921E+001 
    1     3   6.951587E+003   3.386835E+001 
    0     9   7.196995E+003   3.621569E+001 
    1     4   7.584601E+003   3.362871E+001 
    1     5   8.365297E+003   3.315709E+001 
    0    10   8.677322E+003   3.454819E+001 
    1     6   9.286624E+003   3.277612E+001 
    0    11   1.026179E+004   3.272490E+001 
    1     7   1.034152E+004   3.218394E+001 
    1     8   1.152183E+004   3.173074E+001 
    2     0   1.163573E+004   3.185262E+001 
    2     1   1.178951E+004   3.157540E+001 
    0    12   1.194031E+004   3.133779E+001 
    2     2   1.209524E+004   3.158259E+001 
    2     3   1.255050E+004   3.115807E+001 
    1     9   1.281752E+004   3.111972E+001 
    2     4   1.315072E+004   3.103234E+001 
    0    13   1.370318E+004   3.012365E+001 
    2     5   1.389070E+004   3.053369E+001 
    1    10   1.422111E+004   3.070898E+001 
    2     6   1.476414E+004   3.027916E+001 
    0    14   1.554025E+004   2.949745E+001 
    1    11   1.572229E+004   3.017567E+001 
    2     7   1.576338E+004   2.977888E+001 
    2     8   1.688055E+004   2.947448E+001 
    3     0   1.695284E+004   2.973595E+001 
    3     1   1.709837E+004   2.958223E+001 
    1    12   1.731122E+004   2.975568E+001 
    3     2   1.738779E+004   2.950905E+001 
    0    15   1.744391E+004   2.888295E+001 
    3     3   1.781869E+004   2.924205E+001 
    2     9   1.810741E+004   2.910459E+001 
    3     4   1.838652E+004   2.905702E+001 
    1    13   1.897972E+004   2.927389E+001 
    3     5   1.908649E+004   2.871210E+001 
    0    16   1.940345E+004   2.838787E+001 
    2    10   1.943491E+004   2.887055E+001 
    3     6   1.991225E+004   2.842889E+001 
    1    14   2.071785E+004   2.879770E+001 
    2    11   2.085383E+004   2.864209E+001 
    3     7   2.085653E+004   2.809107E+001 
    0    17   2.141168E+004   2.799948E+001 
    3     8   2.191171E+004   2.781717E+001 
    4     0   2.194278E+004   2.790236E+001 
    4     1   2.208004E+004   2.785513E+001 
    4     2   2.235326E+004   2.772483E+001 
    2    12   2.235535E+004   2.845868E+001 
    1    15   2.251712E+004   2.835900E+001 
    4     3   2.275983E+004   2.769286E+001 
    3     9   2.306999E+004   2.761054E+001 
    4     4   2.329564E+004   2.735839E+001 
    0    18   2.345990E+004   2.752679E+001 
    2    13   2.393080E+004   2.815469E+001 
    4     5   2.395581E+004   2.725888E+001 
    3    10   2.432262E+004   2.744332E+001 
    1    16   2.436840E+004   2.786812E+001 
    4     6   2.473404E+004   2.692181E+001 
    0    19   2.553963E+004   2.724169E+001 
    2    14   2.557053E+004   2.788067E+001 
    4     7   2.562381E+004   2.679834E+001 
    3    11   2.565988E+004   2.740573E+001 
    1    17   2.626369E+004   2.748614E+001 
    5     0   2.660677E+004   2.660260E+001 
    4     8   2.661704E+004   2.660379E+001 
    5     1   2.673596E+004   2.656463E+001 
    5     2   2.699289E+004   2.650239E+001 
    3    12   2.707418E+004   2.733215E+001 
    2    15   2.726625E+004   2.741711E+001 
    5     3   2.737523E+004   2.639602E+001 
    0    20   2.764451E+004   2.674684E+001 
    4     9   2.770677E+004   2.655085E+001 
    5     4   2.787879E+004   2.621160E+001 
    1    18   2.819486E+004   2.699096E+001 
    5     5   2.849899E+004   2.616759E+001 
    3    13   2.855661E+004   2.722339E+001 
    4    10   2.888376E+004   2.643034E+001 
    2    16   2.900940E+004   2.706511E+001 
    5     6   2.922954E+004   2.593602E+001 
    0    21   2.976661E+004   2.651691E+001 
    5     7   3.006431E+004   2.585688E+001 
    3    14   3.009785E+004   2.701694E+001 
    4    11   3.013990E+004   2.646094E+001 
    1    19   3.015462E+004   2.671589E+001 
    2    17   3.079235E+004   2.633260E+001 
    6     0   3.094320E+004   2.584073E+001 
    5     8   3.099552E+004   2.577156E+001 
    6     1   3.106412E+004   2.578792E+001 
    6     2   3.130464E+004   2.562115E+001 
    4    12   3.146651E+004   2.638082E+001 
    6     3   3.166233E+004   2.563791E+001 
    3    15   3.169026E+004   2.675743E+001 
    0    22   3.190031E+004   2.586309E+001 
    5     9   3.201575E+004   2.573490E+001 
    6     4   3.213322E+004   2.541226E+001 
    1    20   3.213454E+004   2.606296E+001 
    2    18   3.260639E+004   2.592316E+001 
    6     5   3.271272E+004   2.636845E+001 
    4    13   3.285516E+004   2.629633E+001 
    5    10   3.311646E+004   2.572136E+001 
    3    16   3.332489E+004   2.634288E+001 
    6     6   3.339496E+004   2.522548E+001 
    0    23   3.403759E+004   2.573222E+001 
    1    21   3.412953E+004   2.586649E+001 
    6     7   3.417362E+004   2.524028E+001 
    5    11   3.428978E+004   2.563729E+001 
    4    14   3.429681E+004   2.609729E+001 
    2    19   3.444505E+004   2.376216E+001 
    7     0   3.494622E+004   2.607472E+001 
    3    17   3.499413E+004   2.588761E+001 
    6     8   3.504117E+004   2.521989E+001 
    7     1   3.505878E+004   2.505984E+001 
    7     2   3.528236E+004   2.503599E+001 
    5    12   3.552731E+004   2.565609E+001 
    7     3   3.561473E+004   2.497711E+001 
    4    15   3.578419E+004   2.598331E+001 
    6     9   3.599047E+004   2.523765E+001 
    7     4   3.605189E+004   2.496831E+001 
    1    22   3.613139E+004   2.511046E+001 
    0    24   3.617459E+004   2.475962E+001 
    2    20   3.629979E+004   2.529980E+001 
    7     5   3.658964E+004   2.492323E+001 
    3    18   3.668984E+004   2.551547E+001 
    5    13   3.682003E+004   2.547358E+001 
    6    10   3.701302E+004   2.517282E+001 
    7     6   3.722192E+004   2.484752E+001 
    4    16   3.730808E+004   2.554227E+001 
    7     7   3.794263E+004   2.485671E+001 
    6    11   3.810113E+004   2.517989E+001 
    1    23   3.813447E+004   2.490953E+001 
    5    14   3.815979E+004   2.545488E+001 
    2    21   3.816475E+004   2.512300E+001 
    0    25   3.830484E+004   2.470206E+001 
    3    19   3.840503E+004   2.386224E+001 
    8     0   3.860553E+004   2.475512E+001 
    8     1   3.870915E+004   2.474438E+001 
    7     8   3.874438E+004   2.407697E+001 
    4    17   3.886111E+004   2.542810E+001 
    8     2   3.891514E+004   2.472271E+001 
    8     3   3.922109E+004   2.455580E+001 
