!---- list of chemical species --- Steady state at T =    45.42 K ---------------
!---- nH  = 83134.32   cm-3 ----------
!---- Av  =     0.10   mag -----------
!---- RAD =     1.00   ---------------
!---- N_H2_0 =  1.000E+20         cm-2 ----
!---- N_CO_0 =  1.000E+17         cm-2 ----
!---- WARNING : order = neutrals, species on mantles, ions >0, ions <0 ---------
!---- name, composition, initial density(n/nH), formation enthalpy (kCal/mol) --
!-------------------------------------------------------------------------------
  1  H                       2.309D-04    51.634                       !
  2  H2                      4.999D-01     0.000                       !
  3  He                      1.000D-01     0.000                       !
  4  C                       3.781D-06   169.980     --> C/H = 8.27e-5 !
  5  CH                      1.766D-08   141.600         A&G : 3.55e-4 !
  6  CH2                     1.839D-08    93.900                       !
  7  CH3                     1.510D-08    34.800                       !
  8  CH4                     2.164D-08   -15.970                       !
  9  O                       3.825D-05    58.980     --> O/H = 3.02e-4 !
 10  O2                      1.249D-07     0.000         A&G : 7.41e-4 !
 11  OH                      2.894D-07     9.250                       !
 12  H2O                     3.520D-07   -57.100                       !
 13  CO                      3.116D-05   -27.200                       !
 14  HCO                     4.372D-10   -99.999                       !
 15  CO2                     1.949D-10   -93.965                       !
 16  C2                      7.578D-10   198.200                       !
 17  C2H                     1.837D-10   113.300                       !
 18  C2H2                    8.390D-12    56.320                       !
 19  C3                      1.316D-13   194.000                       !
 20  C3H                     3.588D-13   177.000   ***                 !
 21  C3H2                    1.765D-13   114.000   ***                 !
 22  CH3OH                   8.074D-31   -99.999                       !
 23  H2CO                    5.146D-09   -99.999                       !
 24  HCO2H                   2.366D-06   -99.999                       !
 25  N                       1.637D-05   112.530     --> N/H = 7.94e-5 !
 26  NH                      1.858D-07    90.000         A&G : 9.33e-5 !
 27  NH2                     8.695D-08    46.200                       !
 28  NH3                     8.139D-08    -9.299                       !
 29  CN                      1.884D-08   103.200                       !
 30  HCN                     1.533D-09    32.390                       !
 31  HNC                     1.548D-09    48.000                       !
 32  N2                      5.105D-08     0.000                       !
 33  NO                      1.660D-08    21.460                       !
 34  S                       5.262D-06    65.600         A&G : 1.86e-5 !
 35  SH                      1.249D-08    32.600                       !
 36  H2S                     7.325D-09    -4.230                       !
 37  CS                      1.295D-09    63.000                       !
 38  SO                      5.740D-09     1.200                       !
 39  SO2                     2.856D-11   -70.300                       !
 40  OCS                     4.682D-14   -34.000                       !
 41  Si                      7.333D-07   106.700         A&G : 3.55e-5 !
 42  SiH                     1.318D-09    89.690                       !
 43  SiH2                    1.148D-09    69.140   *                   !
 44  SiH3                    6.662D-12    48.540   *                   !
 45  SiH4                    1.494D-09    11.000                       !
 46  SiO                     1.732D-08   -24.300                       !
 47  SiO2                    8.789D-12   -73.000                       !
 48  Mg                      9.032D-14    35.000                       !
 49  Fe                      5.134D-09    98.700                       !
 50  C54H18                  7.297D-07   -99.999     PAH/nH  =1(-6)    !
 51  G                       3.846D-11   -99.999    Ngrain = 8.30(-11) !
 52  H2O*                    1.359D-04               H2O*/nH =1.03(-4) !
 53  O2*                     3.083D-07                                 !
 54  CO*                     8.034D-05               CO*/nH  =8.27(-6) !
 55  CO2*                    4.106D-10               CO2*/nH =1.34(-5) !
 56  CH4*                    1.553D-05               CH4*/nH =1.55(-6) !
 57  NH3*                    6.259D-05               NH3*/nH =1.55(-5) !
 58  CH3OH*                  6.711D-28             CH3OH*/nH =1.86(-6) !
 59  H2CO*                   1.426D-08              H2CO*/nH =6.20(-6) !
 60  HCO2H*                  4.875D-06             HCO2H*/nH =7.24(-6) !
 61  OCS*                    8.443D-14               OCS*/nH =2.07(-7) !
 62  H2S*                    1.305D-05               H2S*/nH =3.72(-6) !
 63  SiH4*                   1.944D-06                                 !
 64  SiO*                    3.646D-08                                 !
 65  SiO2*                   1.585D-11                                 !
 66  Fe*                     9.603D-09                                 !
 67  O**                     1.517D-04              Noyaux = 4*3.50(-5)!
 68  Si**                    3.655D-05              Noyaux = 3.370(-5) !
 69  Mg**                    4.013D-05              Noyaux = 3.700(-5) !
 70  Fe**                    3.503D-05              Noyaux = 3.230(-5) !
 71  C**                     1.767D-04              Noyaux = 1.630(-4) !
 72  H+                      2.275D-09   365.200                       !
 73  H2+                     1.099D-11   355.700                       !
 74  H3+                     1.772D-08   265.000                       !
 75  He+                     3.783D-09   567.000                       !
 76  C+                      7.049D-08   429.700    --> C/H = 1.38e-4  !
 77  CH+                     3.865D-13   387.000         A&G : 3.55e-4 !
 78  CH2+                    8.869D-13   331.000                       !
 79  CH3+                    5.040D-10   262.000                       !
 80  CH4+                    1.310D-13   272.000   **                  !
 81  CH5+                    9.699D-12   216.000   *                   !
 82  O+                      1.441D-14   373.000                       !
 83  O2+                     8.563D-11   278.400                       !
 84  OH+                     1.108D-12   309.310                       !
 85  H2O+                    1.552D-12   233.700                       !
 86  H3O+                    2.764D-10   143.000                       !
 87  CO+                     3.148D-14   295.970                       !
 88  HCO+                    1.687D-09   197.300                       !
 89  H2CO+                   1.237D-11   -99.999                       !
 90  H3CO+                   1.182D-12   -99.999                       !
 91  CH3OH+                  1.528D-33   -99.999                       !
 92  CH5O+                   1.790D-35   -99.999   *                   !
 93  HCO2+                   7.215D-13   141.000    *                  !
 94  C2+                     9.804D-16   476.000                       !
 95  C2H+                    1.624D-15   404.000                       !
 96  C2H2+                   3.491D-12   317.500                       !
 97  C2H3+                   2.738D-12   267.900                       !
 98  C3+                     8.689D-17   479.000    *                  !
 99  C3H+                    9.308D-15   381.000    *                  !
100  C3H2+                   1.687D-16   330.000   * **                !
101  C3H3+                   1.700D-14   282.000   * **                !
102  N+                      3.183D-13   447.690                       !
103  NH+                     1.208D-14   401.100                       !
104  NH2+                    8.763D-13   302.700                       !
105  NH3+                    1.953D-10   224.900                       !
106  NH4+                    8.752D-11   151.000    *                  !
107  CN+                     2.046D-14   429.300                       !
108  C2N+                    1.371D-12   410.000    *                  !
109  HCN+                    3.906D-14   346.000                       !
110  H2CN+                   3.958D-11   226.000    *                  !
111  H2NC+                   7.067D-12   265.000    *                  !
112  N2+                     1.240D-16   359.298                       !
113  N2H+                    1.522D-12   247.500                       !
114  NO+                     5.646D-11   235.330                       !
115  HNO+                    5.816D-13   256.800                       !
116  S+                      5.898D-07   304.000     --> S/H = 1.86e-5 !
117  SH+                     5.945D-10   271.800         A&G : 1.86e-5 !
118  H2S+                    3.600D-11   237.000                       !
119  H3S+                    8.161D-13   190.000 *                     !
120  CS+                     4.446D-14   324.000                       !
121  HCS+                    6.998D-12   243.000                       !
122  SO+                     3.623D-10   239.200                       !
123  HSO+                    5.535D-13   210.000                       !
124  HSO2+                   1.817D-15   143.000                       !
125  HOCS+                   3.800D-15   181.000                       !
126  Si+                     3.010D-07   295.000                       !
127  SiH+                    4.124D-11   271.820                       !
128  SiH2+                   1.870D-11   276.360   *                   !
129  SiH3+                   8.397D-14   237.320   *                   !
130  SiH4+                   1.278D-17   279.900                       !
131  SiH5+                   1.139D-13   219.380   *                   !
132  SiO+                    3.976D-13   239.520                       !
133  SiOH+                   2.589D-10   -99.999                       !
134  Fe+                     3.481D-10   280.240     LM: Fe/nH=1.5(-8) !
135  C54H18+                 1.090D-08   -99.999                       !
136  G+                      1.191D-11   -99.999                       !
137  Mg+                     1.085D-20   -99.999        PAH/nH = 1(-8) !
138  C54H18-                 2.977D-07   -99.999    Ngrain = 8.30(-11) !
139  G-                      2.285D-11    34.000                       !
140  H-                      1.085D-20   211.000                       !
