 In this file you can find the necessary data to rebuild Figure 6 of Schilke et al
       Jupper           TDV          TDV2 
   1.000E+000    1.196E+006    6.770E+005    9.945E-001    5.654E-001 
   2.000E+000    1.044E+006    9.592E+005    8.687E-001    8.011E-001 
   3.000E+000    1.103E+006    1.092E+006    9.177E-001    9.116E-001 
   4.000E+000    1.168E+006    1.167E+006    9.717E-001    9.741E-001 
   5.000E+000    1.202E+006    1.197E+006    1.000E+000    1.000E+000 
   6.000E+000    1.232E+006    1.224E+006    1.025E+000    1.022E+000 
   7.000E+000    1.258E+006    1.246E+006    1.046E+000    1.040E+000 
   8.000E+000    1.275E+006    1.258E+006    1.060E+000    1.051E+000 
   9.000E+000    1.289E+006    1.267E+006    1.072E+000    1.058E+000 
   1.000E+001    1.307E+006    1.279E+006    1.087E+000    1.068E+000 
   1.100E+001    1.320E+006    1.287E+006    1.098E+000    1.074E+000 
   1.200E+001    1.334E+006    1.293E+006    1.110E+000    1.080E+000 
   1.300E+001    1.347E+006    1.297E+006    1.120E+000    1.083E+000 
   1.400E+001    1.362E+006    1.304E+006    1.133E+000    1.089E+000 
   1.500E+001    1.375E+006    1.308E+006    1.144E+000    1.092E+000 
   1.600E+001    1.395E+006    1.318E+006    1.160E+000    1.100E+000 
   1.700E+001    1.418E+006    1.329E+006    1.179E+000    1.109E+000 
   1.800E+001    1.441E+006    1.339E+006    1.198E+000    1.118E+000 
   1.900E+001    1.461E+006    1.347E+006    1.215E+000    1.125E+000 
   2.000E+001    1.479E+006    1.350E+006    1.230E+000    1.127E+000 
   2.100E+001    1.489E+006    1.347E+006    1.239E+000    1.125E+000 
   2.200E+001    1.497E+006    1.340E+006    1.246E+000    1.119E+000 
   2.300E+001    1.502E+006    1.330E+006    1.250E+000    1.111E+000 
   2.400E+001    1.505E+006    1.318E+006    1.251E+000    1.100E+000 
   2.500E+001    1.506E+006    1.303E+006    1.252E+000    1.088E+000 
   2.600E+001    1.503E+006    1.284E+006    1.250E+000    1.073E+000 
   2.700E+001    1.498E+006    1.264E+006    1.246E+000    1.055E+000 
   2.800E+001    1.489E+006    1.240E+006    1.238E+000    1.035E+000 
   2.900E+001    1.477E+006    1.212E+006    1.228E+000    1.012E+000 
   3.000E+001    1.460E+006    1.181E+006    1.214E+000    9.860E-001 
   3.100E+001    1.435E+006    1.144E+006    1.194E+000    9.550E-001 
   3.200E+001    1.408E+006    1.104E+006    1.171E+000    9.222E-001 
   3.300E+001    1.364E+006    1.053E+006    1.134E+000    8.789E-001 
   3.400E+001    1.318E+006    9.998E+005    1.096E+000    8.349E-001 
   3.500E+001    1.241E+006    9.247E+005    1.032E+000    7.722E-001 
   3.600E+001    1.158E+006    8.474E+005    9.636E-001    7.077E-001 
   3.700E+001    1.020E+006    7.325E+005    8.486E-001    6.117E-001 
   3.800E+001    8.553E+005    6.020E+005    7.114E-001    5.027E-001 
   3.900E+001    6.059E+005    4.178E+005    5.040E-001    3.489E-001 
   4.000E+001    2.752E+005    1.858E+005    2.289E-001    1.552E-001 
