!---- list of chemical species --- Steady state at T =    19.99 K ---------------
!---- nH  = ********   cm-3 ----------
!---- Av  =     0.10   mag -----------
!---- RAD =     1.00   ---------------
!---- N_H2_0 =  1.000E+20         cm-2 ----
!---- N_CO_0 =  1.000E+17         cm-2 ----
!---- WARNING : order = neutrals, species on mantles, ions >0, ions <0 ---------
!---- name, composition, initial density(n/nH), formation enthalpy (kCal/mol) --
!-------------------------------------------------------------------------------
  1  H                       4.925D-06    51.634                       !
  2  H2                      5.000D-01     0.000                       !
  3  He                      1.000D-01     0.000                       !
  4  C                       7.608D-09   169.980     --> C/H = 8.27e-5 !
  5  CH                      9.963D-10   141.600         A&G : 3.55e-4 !
  6  CH2                     4.241D-10    93.900                       !
  7  CH3                     2.653D-09    34.800                       !
  8  CH4                     3.427D-09   -15.970                       !
  9  O                       4.477D-07    58.980     --> O/H = 3.02e-4 !
 10  O2                      5.287D-08     0.000         A&G : 7.41e-4 !
 11  OH                      1.394D-07     9.250                       !
 12  H2O                     2.594D-07   -57.100                       !
 13  CO                      9.887D-07   -27.200                       !
 14  HCO                     1.280D-11   -99.999                       !
 15  CO2                     1.252D-10   -93.965                       !
 16  C2                      5.336D-13   198.200                       !
 17  C2H                     2.209D-13   113.300                       !
 18  C2H2                    2.763D-14    56.320                       !
 19  C3                      2.956D-18   194.000                       !
 20  C3H                     8.312D-18   177.000   ***                 !
 21  C3H2                    4.490D-18   114.000   ***                 !
 22  CH3OH                   2.033D-52   -99.999                       !
 23  H2CO                    6.493D-10   -99.999                       !
 24  HCO2H                   6.992D-08   -99.999                       !
 25  N                       1.756D-07   112.530     --> N/H = 7.94e-5 !
 26  NH                      1.114D-07    90.000         A&G : 9.33e-5 !
 27  NH2                     5.576D-08    46.200                       !
 28  NH3                     9.121D-08    -9.299                       !
 29  CN                      3.719D-10   103.200                       !
 30  HCN                     2.638D-11    32.390                       !
 31  HNC                     2.642D-11    48.000                       !
 32  N2                      4.885D-09     0.000                       !
 33  NO                      9.968D-10    21.460                       !
 34  S                       1.239D-07    65.600         A&G : 1.86e-5 !
 35  SH                      1.532D-08    32.600                       !
 36  H2S                     9.371D-09    -4.230                       !
 37  CS                      1.089D-10    63.000                       !
 38  SO                      3.944D-09     1.200                       !
 39  SO2                     5.589D-10   -70.300                       !
 40  OCS                     1.402D-13   -34.000                       !
 41  Si                      1.469D-08   106.700         A&G : 3.55e-5 !
 42  SiH                     9.895D-10    89.690                       !
 43  SiH2                    1.084D-09    69.140   *                   !
 44  SiH3                    1.024D-11    48.540   *                   !
 45  SiH4                    1.530D-09    11.000                       !
 46  SiO                     5.535D-09   -24.300                       !
 47  SiO2                    1.465D-10   -73.000                       !
 48  Mg                      1.000D-20    35.000                       !
 49  Fe                      1.594D-10    98.700                       !
 50  C54H18                  9.105D-07   -99.999     PAH/nH  =1(-6)    !
 51  G                       2.810D-11   -99.999    Ngrain = 8.30(-11) !
 52  H2O*                    1.445D-04               H2O*/nH =1.03(-4) !
 53  O2*                     6.499D-06                                 !
 54  CO*                     1.269D-04               CO*/nH  =8.27(-6) !
 55  CO2*                    1.313D-08               CO2*/nH =1.34(-5) !
 56  CH4*                    2.930D-06               CH4*/nH =1.55(-6) !
 57  NH3*                    7.897D-05               NH3*/nH =1.55(-5) !
 58  CH3OH*                  1.264D-49             CH3OH*/nH =1.86(-6) !
 59  H2CO*                   8.411D-08              H2CO*/nH =6.20(-6) !
 60  HCO2H*                  7.171D-06             HCO2H*/nH =7.24(-6) !
 61  OCS*                    1.259D-11               OCS*/nH =2.07(-7) !
 62  H2S*                    1.866D-05               H2S*/nH =3.72(-6) !
 63  SiH4*                   2.383D-06                                 !
 64  SiO*                    5.801D-07                                 !
 65  SiO2*                   1.315D-08                                 !
 66  Fe*                     1.485D-08                                 !
 67  O**                     1.399D-04              Noyaux = 4*3.50(-5)!
 68  Si**                    3.371D-05              Noyaux = 3.370(-5) !
 69  Mg**                    3.701D-05              Noyaux = 3.700(-5) !
 70  Fe**                    3.231D-05              Noyaux = 3.230(-5) !
 71  C**                     1.629D-04              Noyaux = 1.630(-4) !
 72  H+                      2.375D-10   365.200                       !
 73  H2+                     2.007D-13   355.700                       !
 74  H3+                     1.825D-09   265.000                       !
 75  He+                     1.397D-10   567.000                       !
 76  C+                      1.562D-11   429.700    --> C/H = 1.38e-4  !
 77  CH+                     2.049D-16   387.000         A&G : 3.55e-4 !
 78  CH2+                    4.574D-16   331.000                       !
 79  CH3+                    4.032D-11   262.000                       !
 80  CH4+                    1.203D-15   272.000   **                  !
 81  CH5+                    3.660D-11   216.000   *                   !
 82  O+                      3.448D-17   373.000                       !
 83  O2+                     1.125D-10   278.400                       !
 84  OH+                     1.776D-15   309.310                       !
 85  H2O+                    6.559D-15   233.700                       !
 86  H3O+                    1.486D-10   143.000                       !
 87  CO+                     7.053D-18   295.970                       !
 88  HCO+                    1.420D-10   197.300                       !
 89  H2CO+                   6.469D-12   -99.999                       !
 90  H3CO+                   4.857D-12   -99.999                       !
 91  CH3OH+                  5.871D-54   -99.999                       !
 92  CH5O+                   2.068D-54   -99.999   *                   !
 93  HCO2+                   4.644D-12   141.000    *                  !
 94  C2+                     1.322D-20   476.000                       !
 95  C2H+                    1.588D-20   404.000                       !
 96  C2H2+                   1.255D-14   317.500                       !
 97  C2H3+                   1.878D-14   267.900                       !
 98  C3+                     2.337D-23   479.000    *                  !
 99  C3H+                    1.992D-21   381.000    *                  !
100  C3H2+                   1.434D-20   330.000   * **                !
101  C3H3+                   1.766D-18   282.000   * **                !
102  N+                      2.650D-13   447.690                       !
103  NH+                     1.822D-16   401.100                       !
104  NH2+                    1.248D-14   302.700                       !
105  NH3+                    4.172D-12   224.900                       !
106  NH4+                    1.863D-10   151.000    *                  !
107  CN+                     2.738D-18   429.300                       !
108  C2N+                    1.211D-15   410.000    *                  !
109  HCN+                    7.959D-18   346.000                       !
110  H2CN+                   2.485D-12   226.000    *                  !
111  H2NC+                   3.735D-13   265.000    *                  !
112  N2+                     5.336D-19   359.298                       !
113  N2H+                    1.588D-12   247.500                       !
114  NO+                     1.252D-11   235.330                       !
115  HNO+                    5.756D-13   256.800                       !
116  S+                      9.562D-10   304.000     --> S/H = 1.86e-5 !
117  SH+                     1.993D-10   271.800         A&G : 1.86e-5 !
118  H2S+                    1.028D-10   237.000                       !
119  H3S+                    1.316D-11   190.000 *                     !
120  CS+                     1.271D-17   324.000                       !
121  HCS+                    4.608D-13   243.000                       !
122  SO+                     1.972D-10   239.200                       !
123  HSO+                    8.261D-12   210.000                       !
124  HSO2+                   7.765D-13   143.000                       !
125  HOCS+                   4.462D-14   181.000                       !
126  Si+                     3.958D-10   295.000                       !
127  SiH+                    7.857D-12   271.820                       !
128  SiH2+                   5.174D-12   276.360   *                   !
129  SiH3+                   1.140D-12   237.320   *                   !
130  SiH4+                   1.887D-18   279.900                       !
131  SiH5+                   2.120D-12   219.380   *                   !
132  SiO+                    5.491D-16   239.520                       !
133  SiOH+                   9.137D-11   -99.999                       !
134  Fe+                     8.059D-13   280.240     LM: Fe/nH=1.5(-8) !
135  C54H18+                 4.816D-08   -99.999                       !
136  G+                      3.878D-11   -99.999                       !
137  Mg+                     1.000D-20   -99.999        PAH/nH = 1(-8) !
138  C54H18-                 4.144D-08   -99.999    Ngrain = 8.30(-11) !
139  G-                      2.579D-12    34.000                       !
140  H-                      1.000D-20   211.000                       !
