 In this file you can find the necessary data to rebuild Figure 6 of Schilke et al
       Jupper           TDV          TDV2 
   1.000E+000    8.477E+007    7.777E+007    5.826E+001    5.402E+001 
   2.000E+000    2.345E+006    2.261E+006    1.612E+000    1.570E+000 
   3.000E+000    1.642E+006    1.617E+006    1.128E+000    1.123E+000 
   4.000E+000    1.497E+006    1.480E+006    1.029E+000    1.028E+000 
   5.000E+000    1.455E+006    1.440E+006    1.000E+000    1.000E+000 
   6.000E+000    1.432E+006    1.415E+006    9.843E-001    9.832E-001 
   7.000E+000    1.417E+006    1.398E+006    9.741E-001    9.712E-001 
   8.000E+000    1.409E+006    1.386E+006    9.684E-001    9.628E-001 
   9.000E+000    1.399E+006    1.372E+006    9.617E-001    9.530E-001 
   1.000E+001    1.388E+006    1.355E+006    9.540E-001    9.410E-001 
   1.100E+001    1.370E+006    1.332E+006    9.416E-001    9.250E-001 
   1.200E+001    1.357E+006    1.312E+006    9.328E-001    9.114E-001 
   1.300E+001    1.319E+006    1.268E+006    9.064E-001    8.806E-001 
   1.400E+001    1.306E+006    1.249E+006    8.978E-001    8.673E-001 
   1.500E+001    1.274E+006    1.210E+006    8.758E-001    8.406E-001 
   1.600E+001    1.591E+006    1.501E+006    1.094E+000    1.043E+000 
   1.700E+001    7.231E+005    6.769E+005    4.970E-001    4.702E-001 
   1.800E+001    3.776E+006    3.506E+006    2.595E+000    2.435E+000 
   1.900E+001    4.960E+006    4.567E+006    3.409E+000    3.172E+000 
   2.000E+001    2.292E+006    2.091E+006    1.576E+000    1.453E+000 
   2.100E+001    1.643E+006    1.484E+006    1.129E+000    1.031E+000 
   2.200E+001    1.449E+006    1.296E+006    9.962E-001    8.999E-001 
   2.300E+001    1.410E+006    1.248E+006    9.694E-001    8.669E-001 
   2.400E+001    1.370E+006    1.199E+006    9.419E-001    8.330E-001 
   2.500E+001    1.394E+006    1.206E+006    9.583E-001    8.375E-001 
   2.600E+001    1.375E+006    1.174E+006    9.448E-001    8.155E-001 
   2.700E+001    1.394E+006    1.175E+006    9.580E-001    8.162E-001 
   2.800E+001    1.373E+006    1.143E+006    9.439E-001    7.938E-001 
   2.900E+001    1.380E+006    1.132E+006    9.484E-001    7.862E-001 
   3.000E+001    1.358E+006    1.098E+006    9.333E-001    7.626E-001 
   3.100E+001    1.336E+006    1.064E+006    9.182E-001    7.390E-001 
   3.200E+001    1.311E+006    1.028E+006    9.014E-001    7.144E-001 
   3.300E+001    1.249E+006    9.635E+005    8.585E-001    6.692E-001 
   3.400E+001    1.206E+006    9.144E+005    8.289E-001    6.352E-001 
   3.500E+001    1.088E+006    8.104E+005    7.477E-001    5.629E-001 
   3.600E+001    9.986E+005    7.303E+005    6.864E-001    5.073E-001 
   3.700E+001    8.171E+005    5.865E+005    5.616E-001    4.074E-001 
   3.800E+001    6.540E+005    4.602E+005    4.495E-001    3.197E-001 
   3.900E+001    4.384E+005    3.023E+005    3.013E-001    2.099E-001 
   4.000E+001    2.170E+005    1.465E+005    1.492E-001    1.018E-001 
