!---- list of chemical species --- Steady state at T = 52672.27 K ---------------
!---- nH  = ********   cm-3 ----------
!---- Av  =     0.10   mag -----------
!---- RAD =     1.00   ---------------
!---- N_H2_0 =  1.000E+20         cm-2 ----
!---- N_CO_0 =  1.000E+17         cm-2 ----
!---- WARNING : order = neutrals, species on mantles, ions >0, ions <0 ---------
!---- name, composition, initial density(n/nH), formation enthalpy (kCal/mol) --
!-------------------------------------------------------------------------------
  1  H                       1.000D+00    51.634                       !
  2  H2                      2.408D-26     0.000                       !
  3  He                      9.995D-02     0.000                       !
  4  C                       1.178D-04   169.980     --> C/H = 8.27e-5 !
  5  CH                      9.169D-14   141.600         A&G : 3.55e-4 !
  6  CH2                     9.852D-14    93.900                       !
  7  CH3                     3.339D-13    34.800                       !
  8  CH4                     1.540D-14   -15.970                       !
  9  O                       2.619D-04    58.980     --> O/H = 3.02e-4 !
 10  O2                      8.262D-10     0.000         A&G : 7.41e-4 !
 11  OH                      1.833D-12     9.250                       !
 12  H2O                     6.917D-17   -57.100                       !
 13  CO                      6.788D-10   -27.200                       !
 14  HCO                     1.633D-13   -99.999                       !
 15  CO2                     1.261D-05   -93.965                       !
 16  C2                      2.142D-11   198.200                       !
 17  C2H                     1.699D-10   113.300                       !
 18  C2H2                    1.057D-08    56.320                       !
 19  C3                      8.066D-12   194.000                       !
 20  C3H                     2.051D-11   177.000   ***                 !
 21  C3H2                    1.175D-11   114.000   ***                 !
 22  CH3OH                   2.031D-17   -99.999                       !
 23  H2CO                    4.666D-15   -99.999                       !
 24  HCO2H                   7.235D-06   -99.999                       !
 25  N                       7.826D-05   112.530     --> N/H = 7.94e-5 !
 26  NH                      1.019D-12    90.000         A&G : 9.33e-5 !
 27  NH2                     8.572D-15    46.200                       !
 28  NH3                     2.395D-15    -9.299                       !
 29  CN                      4.528D-09   103.200                       !
 30  HCN                     4.776D-07    32.390                       !
 31  HNC                     1.231D-12    48.000                       !
 32  N2                      1.727D-07     0.000                       !
 33  NO                      2.792D-07    21.460                       !
 34  S                       1.857D-05    65.600         A&G : 1.86e-5 !
 35  SH                      7.799D-11    32.600                       !
 36  H2S                     1.984D-18    -4.230                       !
 37  CS                      1.626D-08    63.000                       !
 38  SO                      1.157D-13     1.200                       !
 39  SO2                     2.150D-24   -70.300                       !
 40  OCS                     1.085D-11   -34.000                       !
 41  Si                      3.110D-06   106.700         A&G : 3.55e-5 !
 42  SiH                     4.782D-10    89.690                       !
 43  SiH2                    1.236D-10    69.140   *                   !
 44  SiH3                    2.174D-11    48.540   *                   !
 45  SiH4                    7.195D-13    11.000                       !
 46  SiO                     2.716D-08   -24.300                       !
 47  SiO2                    4.806D-13   -73.000                       !
 48  Mg                      1.484D-07    35.000                       !
 49  Fe                      1.613D-07    98.700                       !
 50  C54H18                  4.226D-07   -99.999     PAH/nH  =1(-6)    !
 51  G                       7.330D-12   -99.999    Ngrain = 8.30(-11) !
 52  H2O*                    2.688D-12               H2O*/nH =1.03(-4) !
 53  O2*                     9.667D-18                                 !
 54  CO*                     1.495D-16               CO*/nH  =8.27(-6) !
 55  CO2*                    5.637D-14               CO2*/nH =1.34(-5) !
 56  CH4*                    8.884D-13               CH4*/nH =1.55(-6) !
 57  NH3*                    7.392D-13               NH3*/nH =1.55(-5) !
 58  CH3OH*                  3.800D-18             CH3OH*/nH =1.86(-6) !
 59  H2CO*                   2.604D-15              H2CO*/nH =6.20(-6) !
 60  HCO2H*                  3.940D-14             HCO2H*/nH =7.24(-6) !
 61  OCS*                    8.211D-19               OCS*/nH =2.07(-7) !
 62  H2S*                    1.269D-13               H2S*/nH =3.72(-6) !
 63  SiH4*                   1.871D-10                                 !
 64  SiO*                    9.269D-17                                 !
 65  SiO2*                   1.174D-17                                 !
 66  Fe*                     7.741D-16                                 !
 67  O**                     1.686D-04              Noyaux = 4*3.50(-5)!
 68  Si**                    4.057D-05              Noyaux = 3.370(-5) !
 69  Mg**                    4.457D-05              Noyaux = 3.700(-5) !
 70  Fe**                    3.887D-05              Noyaux = 3.230(-5) !
 71  C**                     1.969D-04              Noyaux = 1.630(-4) !
 72  H+                      3.778D-06   365.200                       !
 73  H2+                     3.717D-15   355.700                       !
 74  H3+                     3.323D-16   265.000                       !
 75  He+                     1.816D-07   567.000                       !
 76  C+                      9.306D-08   429.700    --> C/H = 1.38e-4  !
 77  CH+                     5.975D-11   387.000         A&G : 3.55e-4 !
 78  CH2+                    7.825D-12   331.000                       !
 79  CH3+                    7.678D-16   262.000                       !
 80  CH4+                    1.824D-19   272.000   **                  !
 81  CH5+                    4.178D-18   216.000   *                   !
 82  O+                      9.848D-10   373.000                       !
 83  O2+                     4.570D-15   278.400                       !
 84  OH+                     6.139D-18   309.310                       !
 85  H2O+                    3.253D-22   233.700                       !
 86  H3O+                    6.296D-22   143.000                       !
 87  CO+                     2.699D-10   295.970                       !
 88  HCO+                    2.442D-10   197.300                       !
 89  H2CO+                   1.776D-10   -99.999                       !
 90  H3CO+                   1.108D-10   -99.999                       !
 91  CH3OH+                  1.873D-10   -99.999                       !
 92  CH5O+                   2.801D-11   -99.999   *                   !
 93  HCO2+                   3.238D-15   141.000    *                  !
 94  C2+                     3.612D-14   476.000                       !
 95  C2H+                    7.320D-14   404.000                       !
 96  C2H2+                   7.402D-14   317.500                       !
 97  C2H3+                   8.702D-11   267.900                       !
 98  C3+                     2.052D-16   479.000    *                  !
 99  C3H+                    5.419D-13   381.000    *                  !
100  C3H2+                   6.284D-14   330.000   * **                !
101  C3H3+                   3.102D-13   282.000   * **                !
102  N+                      3.547D-10   447.690                       !
103  NH+                     3.123D-18   401.100                       !
104  NH2+                    1.810D-19   302.700                       !
105  NH3+                    2.750D-19   224.900                       !
106  NH4+                    1.363D-24   151.000    *                  !
107  CN+                     2.049D-11   429.300                       !
108  C2N+                    2.397D-14   410.000    *                  !
109  HCN+                    1.471D-11   346.000                       !
110  H2CN+                   8.433D-16   226.000    *                  !
111  H2NC+                   9.464D-12   265.000    *                  !
112  N2+                     4.366D-12   359.298                       !
113  N2H+                    2.558D-17   247.500                       !
114  NO+                     1.004D-09   235.330                       !
115  HNO+                    4.685D-13   256.800                       !
116  S+                      2.476D-07   304.000     --> S/H = 1.86e-5 !
117  SH+                     3.358D-14   271.800         A&G : 1.86e-5 !
118  H2S+                    2.110D-17   237.000                       !
119  H3S+                    4.907D-17   190.000 *                     !
120  CS+                     1.038D-08   324.000                       !
121  HCS+                    9.313D-15   243.000                       !
122  SO+                     3.010D-17   239.200                       !
123  HSO+                    4.068D-11   210.000                       !
124  HSO2+                   9.681D-15   143.000                       !
125  HOCS+                   1.432D-11   181.000                       !
126  Si+                     1.906D-08   295.000                       !
127  SiH+                    6.234D-14   271.820                       !
128  SiH2+                   4.223D-16   276.360   *                   !
129  SiH3+                   1.929D-16   237.320   *                   !
130  SiH4+                   1.310D-17   279.900                       !
131  SiH5+                   2.980D-16   219.380   *                   !
132  SiO+                    4.118D-13   239.520                       !
133  SiOH+                   2.634D-10   -99.999                       !
134  Fe+                     2.120D-08   280.240     LM: Fe/nH=1.5(-8) !
135  C54H18+                 2.713D-08   -99.999                       !
136  G+                      6.454D-13   -99.999                       !
137  Mg+                     1.210D-20   -99.999        PAH/nH = 1(-8) !
138  C54H18-                 6.710D-07   -99.999    Ngrain = 8.30(-11) !
139  G-                      7.448D-11    34.000                       !
140  H-                      1.210D-20   211.000                       !
