 In this file you can find the necessary data to rebuild Figure 6 of Schilke et al
       Jupper           TDV          TDV2 
   1.000E+000    4.001E+000    3.999E+000    6.905E-002    6.943E-002 
   2.000E+000    1.554E+001    1.552E+001    2.682E-001    2.695E-001 
   3.000E+000    3.285E+001    3.279E+001    5.669E-001    5.692E-001 
   4.000E+000    4.947E+001    4.929E+001    8.537E-001    8.556E-001 
   5.000E+000    5.794E+001    5.760E+001    1.000E+000    1.000E+000 
   6.000E+000    5.620E+001    5.573E+001    9.699E-001    9.675E-001 
   7.000E+000    4.713E+001    4.662E+001    8.135E-001    8.093E-001 
   8.000E+000    3.530E+001    3.480E+001    6.093E-001    6.041E-001 
   9.000E+000    2.425E+001    2.382E+001    4.186E-001    4.135E-001 
   1.000E+001    1.584E+001    1.548E+001    2.734E-001    2.688E-001 
   1.100E+001    1.014E+001    9.866E+000    1.750E-001    1.713E-001 
   1.200E+001    6.475E+000    6.266E+000    1.118E-001    1.088E-001 
   1.300E+001    4.139E+000    3.982E+000    7.143E-002    6.913E-002 
   1.400E+001    2.676E+000    2.560E+000    4.619E-002    4.445E-002 
   1.500E+001    1.726E+000    1.640E+000    2.979E-002    2.847E-002 
   1.600E+001    1.164E+000    1.098E+000    2.009E-002    1.907E-002 
   1.700E+001    7.944E-001    7.437E-001    1.371E-002    1.291E-002 
   1.800E+001    5.505E-001    5.112E-001    9.500E-003    8.874E-003 
   1.900E+001    3.856E-001    3.551E-001    6.656E-003    6.164E-003 
   2.000E+001    2.733E-001    2.493E-001    4.717E-003    4.328E-003 
   2.100E+001    1.936E-001    1.749E-001    3.341E-003    3.036E-003 
   2.200E+001    1.381E-001    1.234E-001    2.383E-003    2.143E-003 
   2.300E+001    9.891E-002    8.753E-002    1.707E-003    1.520E-003 
   2.400E+001    7.122E-002    6.233E-002    1.229E-003    1.082E-003 
   2.500E+001    5.149E-002    4.454E-002    8.887E-004    7.731E-004 
   2.600E+001    3.735E-002    3.191E-002    6.446E-004    5.539E-004 
   2.700E+001    2.715E-002    2.289E-002    4.686E-004    3.974E-004 
   2.800E+001    1.976E-002    1.644E-002    3.410E-004    2.854E-004 
   2.900E+001    1.440E-002    1.181E-002    2.485E-004    2.051E-004 
   3.000E+001    1.047E-002    8.463E-003    1.806E-004    1.469E-004 
   3.100E+001    7.598E-003    6.052E-003    1.311E-004    1.051E-004 
   3.200E+001    5.492E-003    4.307E-003    9.478E-005    7.478E-005 
   3.300E+001    3.946E-003    3.045E-003    6.811E-005    5.286E-005 
   3.400E+001    2.808E-003    2.130E-003    4.847E-005    3.697E-005 
   3.500E+001    1.969E-003    1.467E-003    3.399E-005    2.547E-005 
   3.600E+001    1.351E-003    9.883E-004    2.332E-005    1.716E-005 
   3.700E+001    8.950E-004    6.426E-004    1.545E-005    1.116E-005 
   3.800E+001    5.599E-004    3.941E-004    9.663E-006    6.841E-006 
   3.900E+001    3.140E-004    2.165E-004    5.419E-006    3.758E-006 
   4.000E+001    1.329E-004    8.971E-005    2.293E-006    1.557E-006 
