!---- list of chemical species --- Steady state at T =    44.73 K ---------------
!---- nH  = 74755.76   cm-3 ----------
!---- Av  =     0.10   mag -----------
!---- RAD =     1.00   ---------------
!---- N_H2_0 =  1.000E+20         cm-2 ----
!---- N_CO_0 =  1.000E+17         cm-2 ----
!---- WARNING : order = neutrals, species on mantles, ions >0, ions <0 ---------
!---- name, composition, initial density(n/nH), formation enthalpy (kCal/mol) --
!-------------------------------------------------------------------------------
  1  H                       2.626D-04    51.634                       !
  2  H2                      4.999D-01     0.000                       !
  3  He                      1.000D-01     0.000                       !
  4  C                       4.482D-06   169.980     --> C/H = 8.27e-5 !
  5  CH                      1.879D-08   141.600         A&G : 3.55e-4 !
  6  CH2                     1.973D-08    93.900                       !
  7  CH3                     1.563D-08    34.800                       !
  8  CH4                     2.253D-08   -15.970                       !
  9  O                       4.312D-05    58.980     --> O/H = 3.02e-4 !
 10  O2                      1.244D-07     0.000         A&G : 7.41e-4 !
 11  OH                      2.834D-07     9.250                       !
 12  H2O                     3.454D-07   -57.100                       !
 13  CO                      3.417D-05   -27.200                       !
 14  HCO                     4.637D-10   -99.999                       !
 15  CO2                     1.961D-10   -93.965                       !
 16  C2                      8.974D-10   198.200                       !
 17  C2H                     2.166D-10   113.300                       !
 18  C2H2                    9.792D-12    56.320                       !
 19  C3                      1.619D-13   194.000                       !
 20  C3H                     4.416D-13   177.000   ***                 !
 21  C3H2                    2.175D-13   114.000   ***                 !
 22  CH3OH                   2.784D-31   -99.999                       !
 23  H2CO                    5.316D-09   -99.999                       !
 24  HCO2H                   2.602D-06   -99.999                       !
 25  N                       1.837D-05   112.530     --> N/H = 7.94e-5 !
 26  NH                      1.824D-07    90.000         A&G : 9.33e-5 !
 27  NH2                     8.612D-08    46.200                       !
 28  NH3                     7.925D-08    -9.299                       !
 29  CN                      2.005D-08   103.200                       !
 30  HCN                     1.656D-09    32.390                       !
 31  HNC                     1.677D-09    48.000                       !
 32  N2                      5.032D-08     0.000                       !
 33  NO                      1.598D-08    21.460                       !
 34  S                       5.802D-06    65.600         A&G : 1.86e-5 !
 35  SH                      1.216D-08    32.600                       !
 36  H2S                     7.109D-09    -4.230                       !
 37  CS                      1.349D-09    63.000                       !
 38  SO                      5.599D-09     1.200                       !
 39  SO2                     2.457D-11   -70.300                       !
 40  OCS                     4.028D-14   -34.000                       !
 41  Si                      8.043D-07   106.700         A&G : 3.55e-5 !
 42  SiH                     1.279D-09    89.690                       !
 43  SiH2                    1.103D-09    69.140   *                   !
 44  SiH3                    6.367D-12    48.540   *                   !
 45  SiH4                    1.443D-09    11.000                       !
 46  SiO                     1.723D-08   -24.300                       !
 47  SiO2                    7.675D-12   -73.000                       !
 48  Mg                      5.414D-09    35.000                       !
 49  Fe                      7.576D-09    98.700                       !
 50  C54H18                  7.226D-07   -99.999     PAH/nH  =1(-6)    !
 51  G                       3.829D-11   -99.999    Ngrain = 8.30(-11) !
 52  H2O*                    1.322D-04               H2O*/nH =1.03(-4) !
 53  O2*                     2.658D-07                                 !
 54  CO*                     7.624D-05               CO*/nH  =8.27(-6) !
 55  CO2*                    3.576D-10               CO2*/nH =1.34(-5) !
 56  CH4*                    1.589D-05               CH4*/nH =1.55(-6) !
 57  NH3*                    6.058D-05               NH3*/nH =1.55(-5) !
 58  CH3OH*                  2.280D-28             CH3OH*/nH =1.86(-6) !
 59  H2CO*                   1.277D-08              H2CO*/nH =6.20(-6) !
 60  HCO2H*                  4.638D-06             HCO2H*/nH =7.24(-6) !
 61  OCS*                    6.285D-14               OCS*/nH =2.07(-7) !
 62  H2S*                    1.244D-05               H2S*/nH =3.72(-6) !
 63  SiH4*                   1.844D-06                                 !
 64  SiO*                    3.138D-08                                 !
 65  SiO2*                   1.197D-11                                 !
 66  Fe*                     1.226D-08                                 !
 67  O**                     1.534D-04              Noyaux = 4*3.50(-5)!
 68  Si**                    3.694D-05              Noyaux = 3.370(-5) !
 69  Mg**                    4.056D-05              Noyaux = 3.700(-5) !
 70  Fe**                    3.540D-05              Noyaux = 3.230(-5) !
 71  C**                     1.786D-04              Noyaux = 1.630(-4) !
 72  H+                      2.371D-09   365.200                       !
 73  H2+                     1.223D-11   355.700                       !
 74  H3+                     1.799D-08   265.000                       !
 75  He+                     4.021D-09   567.000                       !
 76  C+                      8.786D-08   429.700    --> C/H = 1.38e-4  !
 77  CH+                     4.606D-13   387.000         A&G : 3.55e-4 !
 78  CH2+                    1.059D-12   331.000                       !
 79  CH3+                    4.945D-10   262.000                       !
 80  CH4+                    1.460D-13   272.000   **                  !
 81  CH5+                    8.596D-12   216.000   *                   !
 82  O+                      1.747D-14   373.000                       !
 83  O2+                     7.761D-11   278.400                       !
 84  OH+                     1.268D-12   309.310                       !
 85  H2O+                    1.762D-12   233.700                       !
 86  H3O+                    2.569D-10   143.000                       !
 87  CO+                     3.847D-14   295.970                       !
 88  HCO+                    1.590D-09   197.300                       !
 89  H2CO+                   1.165D-11   -99.999                       !
 90  H3CO+                   1.024D-12   -99.999                       !
 91  CH3OH+                  4.803D-34   -99.999                       !
 92  CH5O+                   5.162D-36   -99.999   *                   !
 93  HCO2+                   5.515D-13   141.000    *                  !
 94  C2+                     1.296D-15   476.000                       !
 95  C2H+                    2.159D-15   404.000                       !
 96  C2H2+                   3.780D-12   317.500                       !
 97  C2H3+                   2.913D-12   267.900                       !
 98  C3+                     1.275D-16   479.000    *                  !
 99  C3H+                    1.256D-14   381.000    *                  !
100  C3H2+                   1.598D-16   330.000   * **                !
101  C3H3+                   1.909D-14   282.000   * **                !
102  N+                      3.863D-13   447.690                       !
103  NH+                     1.334D-14   401.100                       !
104  NH2+                    9.604D-13   302.700                       !
105  NH3+                    2.009D-10   224.900                       !
106  NH4+                    7.393D-11   151.000    *                  !
107  CN+                     2.504D-14   429.300                       !
108  C2N+                    1.515D-12   410.000    *                  !
109  HCN+                    4.766D-14   346.000                       !
110  H2CN+                   3.930D-11   226.000    *                  !
111  H2NC+                   7.031D-12   265.000    *                  !
112  N2+                     1.304D-16   359.298                       !
113  N2H+                    1.248D-12   247.500                       !
114  NO+                     5.052D-11   235.330                       !
115  HNO+                    4.666D-13   256.800                       !
116  S+                      6.873D-07   304.000     --> S/H = 1.86e-5 !
117  SH+                     5.501D-10   271.800         A&G : 1.86e-5 !
118  H2S+                    3.277D-11   237.000                       !
119  H3S+                    6.508D-13   190.000 *                     !
120  CS+                     5.346D-14   324.000                       !
121  HCS+                    6.744D-12   243.000                       !
122  SO+                     3.351D-10   239.200                       !
123  HSO+                    4.481D-13   210.000                       !
124  HSO2+                   1.300D-15   143.000                       !
125  HOCS+                   2.981D-15   181.000                       !
126  Si+                     3.494D-07   295.000                       !
127  SiH+                    3.864D-11   271.820                       !
128  SiH2+                   1.738D-11   276.360   *                   !
129  SiH3+                   6.848D-14   237.320   *                   !
130  SiH4+                   1.260D-17   279.900                       !
131  SiH5+                   9.135D-14   219.380   *                   !
132  SiO+                    4.498D-13   239.520                       !
133  SiOH+                   2.420D-10   -99.999                       !
134  Fe+                     5.452D-10   280.240     LM: Fe/nH=1.5(-8) !
135  C54H18+                 9.858D-09   -99.999                       !
136  G+                      1.069D-11   -99.999                       !
137  Mg+                     1.096D-20   -99.999        PAH/nH = 1(-8) !
138  C54H18-                 3.123D-07   -99.999    Ngrain = 8.30(-11) !
139  G-                      2.480D-11    34.000                       !
140  H-                      1.096D-20   211.000                       !
