 In this file you can find the necessary data to rebuild Figure 6 of Schilke et al
       Jupper           TDV          TDV2 
   1.000E+000    6.805E+005    6.127E+005    6.307E-001    5.702E-001 
   2.000E+000    9.371E+005    8.560E+005    8.685E-001    7.966E-001 
   3.000E+000    9.807E+005    9.733E+005    9.089E-001    9.057E-001 
   4.000E+000    1.045E+006    1.043E+006    9.683E-001    9.707E-001 
   5.000E+000    1.079E+006    1.075E+006    1.000E+000    1.000E+000 
   6.000E+000    1.110E+006    1.102E+006    1.029E+000    1.026E+000 
   7.000E+000    1.136E+006    1.126E+006    1.053E+000    1.048E+000 
   8.000E+000    1.156E+006    1.141E+006    1.071E+000    1.062E+000 
   9.000E+000    1.172E+006    1.153E+006    1.086E+000    1.073E+000 
   1.000E+001    1.192E+006    1.167E+006    1.105E+000    1.086E+000 
   1.100E+001    1.208E+006    1.178E+006    1.120E+000    1.096E+000 
   1.200E+001    1.224E+006    1.187E+006    1.135E+000    1.104E+000 
   1.300E+001    1.239E+006    1.194E+006    1.148E+000    1.111E+000 
   1.400E+001    1.256E+006    1.203E+006    1.164E+000    1.120E+000 
   1.500E+001    1.271E+006    1.210E+006    1.178E+000    1.126E+000 
   1.600E+001    1.293E+006    1.221E+006    1.198E+000    1.136E+000 
   1.700E+001    1.320E+006    1.237E+006    1.223E+000    1.151E+000 
   1.800E+001    1.339E+006    1.244E+006    1.241E+000    1.158E+000 
   1.900E+001    1.356E+006    1.249E+006    1.256E+000    1.162E+000 
   2.000E+001    1.370E+006    1.251E+006    1.270E+000    1.164E+000 
   2.100E+001    1.378E+006    1.246E+006    1.277E+000    1.159E+000 
   2.200E+001    1.384E+006    1.238E+006    1.283E+000    1.152E+000 
   2.300E+001    1.388E+006    1.229E+006    1.286E+000    1.144E+000 
   2.400E+001    1.389E+006    1.217E+006    1.288E+000    1.132E+000 
   2.500E+001    1.390E+006    1.203E+006    1.288E+000    1.119E+000 
   2.600E+001    1.388E+006    1.186E+006    1.286E+000    1.104E+000 
   2.700E+001    1.384E+006    1.167E+006    1.283E+000    1.086E+000 
   2.800E+001    1.376E+006    1.146E+006    1.276E+000    1.066E+000 
   2.900E+001    1.366E+006    1.121E+006    1.266E+000    1.043E+000 
   3.000E+001    1.352E+006    1.094E+006    1.253E+000    1.018E+000 
   3.100E+001    1.331E+006    1.060E+006    1.233E+000    9.867E-001 
   3.200E+001    1.307E+006    1.025E+006    1.211E+000    9.540E-001 
   3.300E+001    1.267E+006    9.777E+005    1.174E+000    9.098E-001 
   3.400E+001    1.226E+006    9.297E+005    1.136E+000    8.651E-001 
   3.500E+001    1.153E+006    8.591E+005    1.069E+000    7.995E-001 
   3.600E+001    1.076E+006    7.868E+005    9.969E-001    7.322E-001 
   3.700E+001    9.430E+005    6.770E+005    8.740E-001    6.300E-001 
   3.800E+001    7.855E+005    5.528E+005    7.280E-001    5.145E-001 
   3.900E+001    5.493E+005    3.787E+005    5.091E-001    3.524E-001 
   4.000E+001    2.454E+005    1.657E+005    2.275E-001    1.542E-001 
