!---- list of chemical species --- Steady state at T =    24.88 K ---------------
!---- nH  = ********   cm-3 ----------
!---- Av  =     0.10   mag -----------
!---- RAD =     1.00   ---------------
!---- N_H2_0 =  1.000E+20         cm-2 ----
!---- N_CO_0 =  1.000E+17         cm-2 ----
!---- WARNING : order = neutrals, species on mantles, ions >0, ions <0 ---------
!---- name, composition, initial density(n/nH), formation enthalpy (kCal/mol) --
!-------------------------------------------------------------------------------
  1  H                       1.408D-05    51.634                       !
  2  H2                      5.000D-01     0.000                       !
  3  He                      1.000D-01     0.000                       !
  4  C                       4.569D-08   169.980     --> C/H = 8.27e-5 !
  5  CH                      2.071D-09   141.600         A&G : 3.55e-4 !
  6  CH2                     1.295D-09    93.900                       !
  7  CH3                     3.925D-09    34.800                       !
  8  CH4                     5.256D-09   -15.970                       !
  9  O                       1.890D-06    58.980     --> O/H = 3.02e-4 !
 10  O2                      9.850D-08     0.000         A&G : 7.41e-4 !
 11  OH                      2.060D-07     9.250                       !
 12  H2O                     3.274D-07   -57.100                       !
 13  CO                      2.717D-06   -27.200                       !
 14  HCO                     3.647D-11   -99.999                       !
 15  CO2                     2.294D-10   -93.965                       !
 16  C2                      4.616D-12   198.200                       !
 17  C2H                     1.380D-12   113.300                       !
 18  C2H2                    1.117D-13    56.320                       !
 19  C3                      6.620D-17   194.000                       !
 20  C3H                     1.818D-16   177.000   ***                 !
 21  C3H2                    9.245D-17   114.000   ***                 !
 22  CH3OH                   6.337D-52   -99.999                       !
 23  H2CO                    1.340D-09   -99.999                       !
 24  HCO2H                   1.933D-07   -99.999                       !
 25  N                       8.204D-07   112.530     --> N/H = 7.94e-5 !
 26  NH                      1.745D-07    90.000         A&G : 9.33e-5 !
 27  NH2                     7.770D-08    46.200                       !
 28  NH3                     1.004D-07    -9.299                       !
 29  CN                      1.692D-09   103.200                       !
 30  HCN                     1.056D-10    32.390                       !
 31  HNC                     1.097D-10    48.000                       !
 32  N2                      2.099D-08     0.000                       !
 33  NO                      4.388D-09    21.460                       !
 34  S                       3.916D-07    65.600         A&G : 1.86e-5 !
 35  SH                      1.505D-08    32.600                       !
 36  H2S                     9.391D-09    -4.230                       !
 37  CS                      3.116D-10    63.000                       !
 38  SO                      5.812D-09     1.200                       !
 39  SO2                     4.002D-10   -70.300                       !
 40  OCS                     2.082D-13   -34.000                       !
 41  Si                      5.010D-08   106.700         A&G : 3.55e-5 !
 42  SiH                     1.230D-09    89.690                       !
 43  SiH2                    1.272D-09    69.140   *                   !
 44  SiH3                    1.098D-11    48.540   *                   !
 45  SiH4                    1.705D-09    11.000                       !
 46  SiO                     1.079D-08   -24.300                       !
 47  SiO2                    1.176D-10   -73.000                       !
 48  Mg                      1.000D-20    35.000                       !
 49  Fe                      4.401D-10    98.700                       !
 50  C54H18                  8.859D-07   -99.999     PAH/nH  =1(-6)    !
 51  G                       2.870D-11   -99.999    Ngrain = 8.30(-11) !
 52  H2O*                    1.487D-04               H2O*/nH =1.03(-4) !
 53  O2*                     4.303D-06                                 !
 54  CO*                     1.239D-04               CO*/nH  =8.27(-6) !
 55  CO2*                    8.550D-09               CO2*/nH =1.34(-5) !
 56  CH4*                    4.153D-06               CH4*/nH =1.55(-6) !
 57  NH3*                    7.819D-05               NH3*/nH =1.55(-5) !
 58  CH3OH*                  3.287D-49             CH3OH*/nH =1.86(-6) !
 59  H2CO*                   6.213D-08              H2CO*/nH =6.20(-6) !
 60  HCO2H*                  7.048D-06             HCO2H*/nH =7.24(-6) !
 61  OCS*                    6.643D-12               OCS*/nH =2.07(-7) !
 62  H2S*                    1.838D-05               H2S*/nH =3.72(-6) !
 63  SiH4*                   2.526D-06                                 !
 64  SiO*                    4.018D-07                                 !
 65  SiO2*                   3.751D-09                                 !
 66  Fe*                     1.456D-08                                 !
 67  O**                     1.399D-04              Noyaux = 4*3.50(-5)!
 68  Si**                    3.371D-05              Noyaux = 3.370(-5) !
 69  Mg**                    3.701D-05              Noyaux = 3.700(-5) !
 70  Fe**                    3.231D-05              Noyaux = 3.230(-5) !
 71  C**                     1.629D-04              Noyaux = 1.630(-4) !
 72  H+                      5.038D-10   365.200                       !
 73  H2+                     6.152D-13   355.700                       !
 74  H3+                     4.059D-09   265.000                       !
 75  He+                     3.942D-10   567.000                       !
 76  C+                      1.663D-10   429.700    --> C/H = 1.38e-4  !
 77  CH+                     1.702D-15   387.000         A&G : 3.55e-4 !
 78  CH2+                    3.884D-15   331.000                       !
 79  CH3+                    1.243D-10   262.000                       !
 80  CH4+                    4.472D-15   272.000   **                  !
 81  CH5+                    4.301D-11   216.000   *                   !
 82  O+                      1.795D-16   373.000                       !
 83  O2+                     2.151D-10   278.400                       !
 84  OH+                     1.383D-14   309.310                       !
 85  H2O+                    3.187D-14   233.700                       !
 86  H3O+                    3.024D-10   143.000                       !
 87  CO+                     7.490D-17   295.970                       !
 88  HCO+                    5.505D-10   197.300                       !
 89  H2CO+                   1.242D-11   -99.999                       !
 90  H3CO+                   6.265D-12   -99.999                       !
 91  CH3OH+                  1.692D-53   -99.999                       !
 92  CH5O+                   5.977D-54   -99.999   *                   !
 93  HCO2+                   8.274D-12   141.000    *                  !
 94  C2+                     3.046D-19   476.000                       !
 95  C2H+                    3.988D-19   404.000                       !
 96  C2H2+                   7.767D-14   317.500                       !
 97  C2H3+                   1.009D-13   267.900                       !
 98  C3+                     1.554D-21   479.000    *                  !
 99  C3H+                    1.518D-19   381.000    *                  !
100  C3H2+                   2.235D-19   330.000   * **                !
101  C3H3+                   3.386D-17   282.000   * **                !
102  N+                      2.392D-13   447.690                       !
103  NH+                     7.507D-16   401.100                       !
104  NH2+                    5.122D-14   302.700                       !
105  NH3+                    1.539D-11   224.900                       !
106  NH4+                    3.149D-10   151.000    *                  !
107  CN+                     4.556D-17   429.300                       !
108  C2N+                    1.632D-14   410.000    *                  !
109  HCN+                    1.131D-16   346.000                       !
110  H2CN+                   9.847D-12   226.000    *                  !
111  H2NC+                   1.372D-12   265.000    *                  !
112  N2+                     6.135D-18   359.298                       !
113  N2H+                    5.740D-12   247.500                       !
114  NO+                     5.114D-11   235.330                       !
115  HNO+                    2.006D-12   256.800                       !
116  S+                      6.920D-09   304.000     --> S/H = 1.86e-5 !
117  SH+                     4.877D-10   271.800         A&G : 1.86e-5 !
118  H2S+                    1.056D-10   237.000                       !
119  H3S+                    1.595D-11   190.000 *                     !
120  CS+                     1.700D-16   324.000                       !
121  HCS+                    2.232D-12   243.000                       !
122  SO+                     4.113D-10   239.200                       !
123  HSO+                    8.672D-12   210.000                       !
124  HSO2+                   3.877D-13   143.000                       !
125  HOCS+                   6.346D-14   181.000                       !
126  Si+                     3.116D-09   295.000                       !
127  SiH+                    2.022D-11   271.820                       !
128  SiH2+                   1.163D-11   276.360   *                   !
129  SiH3+                   9.618D-13   237.320   *                   !
130  SiH4+                   4.728D-18   279.900                       !
131  SiH5+                   1.891D-12   219.380   *                   !
132  SiO+                    4.505D-15   239.520                       !
133  SiOH+                   2.321D-10   -99.999                       !
134  Fe+                     4.875D-12   280.240     LM: Fe/nH=1.5(-8) !
135  C54H18+                 4.683D-08   -99.999                       !
136  G+                      3.759D-11   -99.999                       !
137  Mg+                     1.000D-20   -99.999        PAH/nH = 1(-8) !
138  C54H18-                 6.741D-08   -99.999    Ngrain = 8.30(-11) !
139  G-                      3.124D-12    34.000                       !
140  H-                      1.000D-20   211.000                       !
