 In this file you can find the necessary data to rebuild Figure 6 of Schilke et al
       Jupper           TDV          TDV2 
   1.000E+000    5.773E-001    5.771E-001    1.279E-001    1.286E-001 
   2.000E+000    1.473E+000    1.472E+000    3.265E-001    3.281E-001 
   3.000E+000    2.474E+000    2.470E+000    5.483E-001    5.506E-001 
   4.000E+000    3.503E+000    3.490E+000    7.762E-001    7.779E-001 
   5.000E+000    4.513E+000    4.486E+000    1.000E+000    1.000E+000 
   6.000E+000    5.465E+000    5.420E+000    1.211E+000    1.208E+000 
   7.000E+000    6.335E+000    6.266E+000    1.404E+000    1.397E+000 
   8.000E+000    7.086E+000    6.986E+000    1.570E+000    1.557E+000 
   9.000E+000    7.706E+000    7.567E+000    1.708E+000    1.687E+000 
   1.000E+001    8.151E+000    7.967E+000    1.806E+000    1.776E+000 
   1.100E+001    8.383E+000    8.158E+000    1.858E+000    1.818E+000 
   1.200E+001    8.377E+000    8.107E+000    1.856E+000    1.807E+000 
   1.300E+001    8.172E+000    7.863E+000    1.811E+000    1.753E+000 
   1.400E+001    7.571E+000    7.243E+000    1.678E+000    1.614E+000 
   1.500E+001    6.694E+000    6.361E+000    1.484E+000    1.418E+000 
   1.600E+001    4.969E+000    4.688E+000    1.101E+000    1.045E+000 
   1.700E+001    1.654E+000    1.549E+000    3.666E-001    3.452E-001 
   1.800E+001    1.108E+000    1.029E+000    2.455E-001    2.293E-001 
   1.900E+001    7.065E-001    6.504E-001    1.566E-001    1.450E-001 
   2.000E+001    4.404E-001    4.017E-001    9.759E-002    8.954E-002 
   2.100E+001    2.714E-001    2.452E-001    6.015E-002    5.466E-002 
   2.200E+001    1.653E-001    1.478E-001    3.663E-002    3.294E-002 
   2.300E+001    1.005E-001    8.898E-002    2.228E-002    1.983E-002 
   2.400E+001    6.082E-002    5.323E-002    1.348E-002    1.186E-002 
   2.500E+001    3.686E-002    3.188E-002    8.168E-003    7.107E-003 
   2.600E+001    2.231E-002    1.906E-002    4.944E-003    4.247E-003 
   2.700E+001    1.357E-002    1.144E-002    3.008E-003    2.551E-003 
   2.800E+001    8.296E-003    6.904E-003    1.838E-003    1.539E-003 
   2.900E+001    5.121E-003    4.202E-003    1.135E-003    9.366E-004 
   3.000E+001    3.187E-003    2.577E-003    7.063E-004    5.745E-004 
   3.100E+001    2.005E-003    1.597E-003    4.442E-004    3.559E-004 
   3.200E+001    1.275E-003    1.000E-003    2.826E-004    2.230E-004 
   3.300E+001    8.195E-004    6.323E-004    1.816E-004    1.409E-004 
   3.400E+001    5.309E-004    4.026E-004    1.176E-004    8.975E-005 
   3.500E+001    3.443E-004    2.565E-004    7.630E-005    5.718E-005 
   3.600E+001    2.221E-004    1.625E-004    4.922E-005    3.621E-005 
   3.700E+001    1.402E-004    1.007E-004    3.108E-005    2.244E-005 
   3.800E+001    8.469E-005    5.961E-005    1.877E-005    1.329E-005 
   3.900E+001    4.625E-005    3.189E-005    1.025E-005    7.109E-006 
   4.000E+001    1.922E-005    1.298E-005    4.260E-006    2.893E-006 
