    V   J   Energy(K)   log(N/g)
    0     0   0.000000E+000   5.634670E+001 
    0     1   1.705020E+002   5.267065E+001 
    0     2   5.098500E+002   4.455983E+001 
    0     3   1.015153E+003   4.315064E+001 
    0     4   1.681678E+003   4.175695E+001 
    0     5   2.503870E+003   4.038976E+001 
    0     6   3.474434E+003   3.904793E+001 
    0     7   4.586377E+003   3.774940E+001 
    0     8   5.829758E+003   3.663062E+001 
    1     0   5.987124E+003   3.592373E+001 
    1     1   6.149208E+003   3.565630E+001 
    1     2   6.471607E+003   3.537744E+001 
    1     3   6.951587E+003   3.492514E+001 
    0     9   7.196995E+003   3.571933E+001 
    1     4   7.584601E+003   3.455951E+001 
    1     5   8.365297E+003   3.412945E+001 
    0    10   8.677322E+003   3.495180E+001 
    1     6   9.286624E+003   3.385591E+001 
    0    11   1.026179E+004   3.431109E+001 
    1     7   1.034152E+004   3.353239E+001 
    1     8   1.152183E+004   3.339314E+001 
    2     0   1.163573E+004   3.291263E+001 
    2     1   1.178951E+004   3.283716E+001 
    0    12   1.194031E+004   3.364714E+001 
    2     2   1.209524E+004   3.271634E+001 
    2     3   1.255050E+004   3.248358E+001 
    1     9   1.281752E+004   3.316791E+001 
    2     4   1.315072E+004   3.239599E+001 
    0    13   1.370318E+004   3.314168E+001 
    2     5   1.389070E+004   3.213062E+001 
    1    10   1.422111E+004   3.298208E+001 
    2     6   1.476414E+004   3.203183E+001 
    0    14   1.554025E+004   3.249768E+001 
    1    11   1.572229E+004   3.272494E+001 
    2     7   1.576338E+004   3.178319E+001 
    2     8   1.688055E+004   3.173457E+001 
    3     0   1.695284E+004   3.155548E+001 
    3     1   1.709837E+004   3.144748E+001 
    1    12   1.731122E+004   3.234015E+001 
    3     2   1.738779E+004   3.124775E+001 
    0    15   1.744391E+004   3.210070E+001 
    3     3   1.781869E+004   3.103415E+001 
    2     9   1.810741E+004   3.150900E+001 
    3     4   1.838652E+004   3.102127E+001 
    1    13   1.897972E+004   3.205189E+001 
    3     5   1.908649E+004   3.081337E+001 
    0    16   1.940345E+004   3.145166E+001 
    2    10   1.943491E+004   3.142131E+001 
    3     6   1.991225E+004   3.075640E+001 
    1    14   2.071785E+004   3.147958E+001 
    2    11   2.085383E+004   3.125114E+001 
    3     7   2.085653E+004   3.054880E+001 
    0    17   2.141168E+004   3.114610E+001 
    3     8   2.191171E+004   3.052431E+001 
    4     0   2.194278E+004   3.032088E+001 
    4     1   2.208004E+004   3.021257E+001 
    4     2   2.235326E+004   3.023413E+001 
    2    12   2.235535E+004   3.099716E+001 
    1    15   2.251712E+004   3.124146E+001 
    4     3   2.275983E+004   3.015991E+001 
    3     9   2.306999E+004   3.030157E+001 
    4     4   2.329564E+004   2.997773E+001 
    0    18   2.345990E+004   3.052028E+001 
    2    13   2.393080E+004   3.081721E+001 
    4     5   2.395581E+004   2.985288E+001 
    3    10   2.432262E+004   3.019505E+001 
    1    16   2.436840E+004   3.049808E+001 
    4     6   2.473404E+004   2.979934E+001 
    0    19   2.553963E+004   3.028001E+001 
    2    14   2.557053E+004   3.034706E+001 
    4     7   2.562381E+004   2.961198E+001 
    3    11   2.565988E+004   3.007623E+001 
    1    17   2.626369E+004   3.035323E+001 
    5     0   2.660677E+004   2.942500E+001 
    4     8   2.661704E+004   2.954547E+001 
    5     1   2.673596E+004   2.944397E+001 
    5     2   2.699289E+004   2.955061E+001 
    3    12   2.707418E+004   2.985567E+001 
    2    15   2.726625E+004   3.019410E+001 
    5     3   2.737523E+004   2.932396E+001 
    0    20   2.764451E+004   2.969320E+001 
    4     9   2.770677E+004   2.940549E+001 
    5     4   2.787879E+004   2.919345E+001 
    1    18   2.819486E+004   2.957861E+001 
    5     5   2.849899E+004   2.912041E+001 
    3    13   2.855661E+004   2.979846E+001 
    4    10   2.888376E+004   2.922850E+001 
    2    16   2.900940E+004   2.945126E+001 
    5     6   2.922954E+004   2.905922E+001 
    0    21   2.976661E+004   2.948415E+001 
    5     7   3.006431E+004   2.888596E+001 
    3    14   3.009785E+004   2.941722E+001 
    4    11   3.013990E+004   2.918667E+001 
    1    19   3.015462E+004   2.947860E+001 
    2    17   3.079235E+004   2.924881E+001 
    6     0   3.094320E+004   2.900782E+001 
    5     8   3.099552E+004   2.883717E+001 
    6     1   3.106412E+004   2.950651E+001 
    6     2   3.130464E+004   2.886917E+001 
    4    12   3.146651E+004   2.893692E+001 
    6     3   3.166233E+004   2.924548E+001 
    3    15   3.169026E+004   2.930504E+001 
    0    22   3.190031E+004   2.872561E+001 
    5     9   3.201575E+004   2.870262E+001 
    6     4   3.213322E+004   2.848874E+001 
    1    20   3.213454E+004   2.864222E+001 
    2    18   3.260639E+004   2.807081E+001 
    6     5   3.271272E+004   2.916842E+001 
    4    13   3.285516E+004   2.886252E+001 
    5    10   3.311646E+004   2.847148E+001 
    3    16   3.332489E+004   2.866062E+001 
    6     6   3.339496E+004   2.833384E+001 
    0    23   3.403759E+004   2.862213E+001 
    1    21   3.412953E+004   2.852130E+001 
    6     7   3.417362E+004   2.818267E+001 
    5    11   3.428978E+004   2.805388E+001 
    4    14   3.429681E+004   2.875911E+001 
    2    19   3.444505E+004   2.751756E+001 
    7     0   3.494622E+004   2.989081E+001 
    3    17   3.499413E+004   2.829495E+001 
    6     8   3.504117E+004   2.840922E+001 
    7     1   3.505878E+004   3.045089E+001 
    7     2   3.528236E+004   2.843775E+001 
    5    12   3.552731E+004   2.815657E+001 
    7     3   3.561473E+004   3.007875E+001 
    4    15   3.578419E+004   2.824198E+001 
    6     9   3.599047E+004   2.795038E+001 
    7     4   3.605189E+004   2.804839E+001 
    1    22   3.613139E+004   2.798549E+001 
    0    24   3.617459E+004   2.756338E+001 
    2    20   3.629979E+004   2.793034E+001 
    7     5   3.658964E+004   2.811377E+001 
    3    18   3.668984E+004   2.797671E+001 
    5    13   3.682003E+004   2.788018E+001 
    6    10   3.701302E+004   2.794827E+001 
    7     6   3.722192E+004   2.796513E+001 
    4    16   3.730808E+004   2.828409E+001 
    7     7   3.794263E+004   2.767565E+001 
    6    11   3.810113E+004   2.773625E+001 
    1    23   3.813447E+004   2.771476E+001 
    5    14   3.815979E+004   2.799708E+001 
    2    21   3.816475E+004   2.777284E+001 
    0    25   3.830484E+004   2.758051E+001 
    3    19   3.840503E+004   2.696400E+001 
    8     0   3.860553E+004   2.894170E+001 
    8     1   3.870915E+004   2.982136E+001 
    7     8   3.874438E+004   3.049455E+001 
    4    17   3.886111E+004   2.781094E+001 
    8     2   3.891514E+004   2.851692E+001 
    8     3   3.922109E+004   2.874783E+001 
