!---- list of chemical species --- Steady state at T =    25.68 K ---------------
!---- nH  = ********   cm-3 ----------
!---- Av  =     0.10   mag -----------
!---- RAD =     1.00   ---------------
!---- N_H2_0 =  1.000E+20         cm-2 ----
!---- N_CO_0 =  1.000E+17         cm-2 ----
!---- WARNING : order = neutrals, species on mantles, ions >0, ions <0 ---------
!---- name, composition, initial density(n/nH), formation enthalpy (kCal/mol) --
!-------------------------------------------------------------------------------
  1  H                       2.493D-05    51.634                       !
  2  H2                      5.000D-01     0.000                       !
  3  He                      1.000D-01     0.000                       !
  4  C                       1.130D-07   169.980     --> C/H = 8.27e-5 !
  5  CH                      3.221D-09   141.600         A&G : 3.55e-4 !
  6  CH2                     2.380D-09    93.900                       !
  7  CH3                     4.910D-09    34.800                       !
  8  CH4                     6.806D-09   -15.970                       !
  9  O                       3.735D-06    58.980     --> O/H = 3.02e-4 !
 10  O2                      1.211D-07     0.000         A&G : 7.41e-4 !
 11  OH                      2.307D-07     9.250                       !
 12  H2O                     3.488D-07   -57.100                       !
 13  CO                      4.666D-06   -27.200                       !
 14  HCO                     6.463D-11   -99.999                       !
 15  CO2                     3.314D-10   -93.965                       !
 16  C2                      1.571D-11   198.200                       !
 17  C2H                     4.249D-12   113.300                       !
 18  C2H2                    2.868D-13    56.320                       !
 19  C3                      4.481D-16   194.000                       !
 20  C3H                     1.225D-15   177.000   ***                 !
 21  C3H2                    6.150D-16   114.000   ***                 !
 22  CH3OH                   9.350D-23   -99.999                       !
 23  H2CO                    1.788D-09   -99.999                       !
 24  HCO2H                   3.339D-07   -99.999                       !
 25  N                       1.658D-06   112.530     --> N/H = 7.94e-5 !
 26  NH                      1.938D-07    90.000         A&G : 9.33e-5 !
 27  NH2                     8.527D-08    46.200                       !
 28  NH3                     1.000D-07    -9.299                       !
 29  CN                      3.134D-09   103.200                       !
 30  HCN                     2.142D-10    32.390                       !
 31  HNC                     2.250D-10    48.000                       !
 32  N2                      3.161D-08     0.000                       !
 33  NO                      6.195D-09    21.460                       !
 34  S                       6.992D-07    65.600         A&G : 1.86e-5 !
 35  SH                      1.470D-08    32.600                       !
 36  H2S                     9.243D-09    -4.230                       !
 37  CS                      4.916D-10    63.000                       !
 38  SO                      6.475D-09     1.200                       !
 39  SO2                     2.833D-10   -70.300                       !
 40  OCS                     2.393D-13   -34.000                       !
 41  Si                      9.313D-08   106.700         A&G : 3.55e-5 !
 42  SiH                     1.319D-09    89.690                       !
 43  SiH2                    1.325D-09    69.140   *                   !
 44  SiH3                    1.150D-11    48.540   *                   !
 45  SiH4                    1.762D-09    11.000                       !
 46  SiO                     1.413D-08   -24.300                       !
 47  SiO2                    9.446D-11   -73.000                       !
 48  Mg                      1.000D-20    35.000                       !
 49  Fe                      7.579D-10    98.700                       !
 50  C54H18                  8.839D-07   -99.999     PAH/nH  =1(-6)    !
 51  G                       2.931D-11   -99.999    Ngrain = 8.30(-11) !
 52  H2O*                    1.507D-04               H2O*/nH =1.03(-4) !
 53  O2*                     3.001D-06                                 !
 54  CO*                     1.208D-04               CO*/nH  =8.27(-6) !
 55  CO2*                    7.012D-09               CO2*/nH =1.34(-5) !
 56  CH4*                    5.300D-06               CH4*/nH =1.55(-6) !
 57  NH3*                    7.731D-05               NH3*/nH =1.55(-5) !
 58  CH3OH*                  9.160D-20             CH3OH*/nH =1.86(-6) !
 59  H2CO*                   4.748D-08              H2CO*/nH =6.20(-6) !
 60  HCO2H*                  6.907D-06             HCO2H*/nH =7.24(-6) !
 61  OCS*                    4.332D-12               OCS*/nH =2.07(-7) !
 62  H2S*                    1.806D-05               H2S*/nH =3.72(-6) !
 63  SiH4*                   2.578D-06                                 !
 64  SiO*                    2.987D-07                                 !
 65  SiO2*                   1.710D-09                                 !
 66  Fe*                     1.423D-08                                 !
 67  O**                     1.399D-04              Noyaux = 4*3.50(-5)!
 68  Si**                    3.370D-05              Noyaux = 3.370(-5) !
 69  Mg**                    3.701D-05              Noyaux = 3.700(-5) !
 70  Fe**                    3.230D-05              Noyaux = 3.230(-5) !
 71  C**                     1.629D-04              Noyaux = 1.630(-4) !
 72  H+                      8.579D-10   365.200                       !
 73  H2+                     1.090D-12   355.700                       !
 74  H3+                     6.736D-09   265.000                       !
 75  He+                     6.830D-10   567.000                       !
 76  C+                      6.515D-10   429.700    --> C/H = 1.38e-4  !
 77  CH+                     5.725D-15   387.000         A&G : 3.55e-4 !
 78  CH2+                    1.302D-14   331.000                       !
 79  CH3+                    2.271D-10   262.000                       !
 80  CH4+                    9.444D-15   272.000   **                  !
 81  CH5+                    4.722D-11   216.000   *                   !
 82  O+                      4.229D-16   373.000                       !
 83  O2+                     2.583D-10   278.400                       !
 84  OH+                     4.309D-14   309.310                       !
 85  H2O+                    8.052D-14   233.700                       !
 86  H3O+                    4.725D-10   143.000                       !
 87  CO+                     2.896D-16   295.970                       !
 88  HCO+                    1.258D-09   197.300                       !
 89  H2CO+                   1.593D-11   -99.999                       !
 90  H3CO+                   7.422D-12   -99.999                       !
 91  CH3OH+                  6.312D-25   -99.999                       !
 92  CH5O+                   3.433D-26   -99.999   *                   !
 93  HCO2+                   1.153D-11   141.000    *                  !
 94  C2+                     1.842D-18   476.000                       !
 95  C2H+                    2.551D-18   404.000                       !
 96  C2H2+                   2.425D-13   317.500                       !
 97  C2H3+                   2.822D-13   267.900                       !
 98  C3+                     1.874D-20   479.000    *                  !
 99  C3H+                    1.836D-18   381.000    *                  !
100  C3H2+                   1.392D-18   330.000   * **                !
101  C3H3+                   2.153D-16   282.000   * **                !
102  N+                      3.945D-13   447.690                       !
103  NH+                     1.466D-15   401.100                       !
104  NH2+                    9.902D-14   302.700                       !
105  NH3+                    2.918D-11   224.900                       !
106  NH4+                    3.910D-10   151.000    *                  !
107  CN+                     1.980D-16   429.300                       !
108  C2N+                    6.996D-14   410.000    *                  !
109  HCN+                    4.580D-16   346.000                       !
110  H2CN+                   2.056D-11   226.000    *                  !
111  H2NC+                   2.908D-12   265.000    *                  !
112  N2+                     1.589D-17   359.298                       !
113  N2H+                    8.166D-12   247.500                       !
114  NO+                     7.068D-11   235.330                       !
115  HNO+                    2.656D-12   256.800                       !
116  S+                      2.136D-08   304.000     --> S/H = 1.86e-5 !
117  SH+                     7.903D-10   271.800         A&G : 1.86e-5 !
118  H2S+                    1.044D-10   237.000                       !
119  H3S+                    1.889D-11   190.000 *                     !
120  CS+                     6.921D-16   324.000                       !
121  HCS+                    5.033D-12   243.000                       !
122  SO+                     6.083D-10   239.200                       !
123  HSO+                    8.872D-12   210.000                       !
124  HSO2+                   2.473D-13   143.000                       !
125  HOCS+                   7.012D-14   181.000                       !
126  Si+                     1.010D-08   295.000                       !
127  SiH+                    3.541D-11   271.820                       !
128  SiH2+                   1.934D-11   276.360   *                   !
129  SiH3+                   9.445D-13   237.320   *                   !
130  SiH4+                   8.312D-18   279.900                       !
131  SiH5+                   1.876D-12   219.380   *                   !
132  SiO+                    1.387D-14   239.520                       !
133  SiOH+                   4.038D-10   -99.999                       !
134  Fe+                     1.456D-11   280.240     LM: Fe/nH=1.5(-8) !
135  C54H18+                 4.596D-08   -99.999                       !
136  G+                      3.676D-11   -99.999                       !
137  Mg+                     1.000D-20   -99.999        PAH/nH = 1(-8) !
138  C54H18-                 7.027D-08   -99.999    Ngrain = 8.30(-11) !
139  G-                      3.367D-12    34.000                       !
140  H-                      1.000D-20   211.000                       !
