 In this file you can find the necessary data to rebuild Figure 6 of Schilke et al
       Jupper           TDV          TDV2 
   1.000E+000    2.392E+000    2.391E+000    6.037E-002    6.071E-002 
   2.000E+000    9.770E+000    9.760E+000    2.466E-001    2.478E-001 
   3.000E+000    2.187E+001    2.184E+001    5.520E-001    5.543E-001 
   4.000E+000    3.383E+001    3.371E+001    8.538E-001    8.556E-001 
   5.000E+000    3.963E+001    3.939E+001    1.000E+000    1.000E+000 
   6.000E+000    3.801E+001    3.770E+001    9.593E-001    9.569E-001 
   7.000E+000    3.148E+001    3.114E+001    7.945E-001    7.904E-001 
   8.000E+000    2.338E+001    2.304E+001    5.899E-001    5.850E-001 
   9.000E+000    1.602E+001    1.574E+001    4.044E-001    3.995E-001 
   1.000E+001    1.048E+001    1.024E+001    2.645E-001    2.600E-001 
   1.100E+001    6.701E+000    6.521E+000    1.691E-001    1.655E-001 
   1.200E+001    4.262E+000    4.124E+000    1.075E-001    1.047E-001 
   1.300E+001    2.704E+000    2.602E+000    6.824E-002    6.604E-002 
   1.400E+001    1.731E+000    1.656E+000    4.369E-002    4.204E-002 
   1.500E+001    1.104E+000    1.049E+000    2.785E-002    2.662E-002 
   1.600E+001    7.355E-001    6.939E-001    1.856E-002    1.761E-002 
   1.700E+001    4.948E-001    4.633E-001    1.249E-002    1.176E-002 
   1.800E+001    3.413E-001    3.170E-001    8.614E-003    8.046E-003 
   1.900E+001    2.381E-001    2.192E-001    6.009E-003    5.565E-003 
   2.000E+001    1.682E-001    1.534E-001    4.244E-003    3.894E-003 
   2.100E+001    1.188E-001    1.073E-001    2.997E-003    2.724E-003 
   2.200E+001    8.450E-002    7.554E-002    2.132E-003    1.918E-003 
   2.300E+001    6.043E-002    5.348E-002    1.525E-003    1.358E-003 
   2.400E+001    4.346E-002    3.804E-002    1.097E-003    9.656E-004 
   2.500E+001    3.140E-002    2.716E-002    7.924E-004    6.894E-004 
   2.600E+001    2.278E-002    1.945E-002    5.748E-004    4.938E-004 
   2.700E+001    1.656E-002    1.397E-002    4.180E-004    3.545E-004 
   2.800E+001    1.206E-002    1.004E-002    3.045E-004    2.549E-004 
   2.900E+001    8.807E-003    7.226E-003    2.223E-004    1.834E-004 
   3.000E+001    6.416E-003    5.188E-003    1.619E-004    1.317E-004 
   3.100E+001    4.671E-003    3.721E-003    1.179E-004    9.445E-005 
   3.200E+001    3.387E-003    2.657E-003    8.548E-005    6.744E-005 
   3.300E+001    2.443E-003    1.885E-003    6.166E-005    4.785E-005 
   3.400E+001    1.746E-003    1.324E-003    4.406E-005    3.361E-005 
   3.500E+001    1.230E-003    9.162E-004    3.103E-005    2.326E-005 
   3.600E+001    8.478E-004    6.201E-004    2.139E-005    1.574E-005 
   3.700E+001    5.644E-004    4.052E-004    1.424E-005    1.028E-005 
   3.800E+001    3.548E-004    2.497E-004    8.955E-006    6.340E-006 
   3.900E+001    2.000E-004    1.379E-004    5.048E-006    3.501E-006 
   4.000E+001    8.511E-005    5.747E-005    2.148E-006    1.459E-006 
