!---- list of chemical species --- Steady state at T =    42.79 K ---------------
!---- nH  = 58745.89   cm-3 ----------
!---- Av  =     0.10   mag -----------
!---- RAD =     1.00   ---------------
!---- N_H2_0 =  1.000E+20         cm-2 ----
!---- N_CO_0 =  1.000E+17         cm-2 ----
!---- WARNING : order = neutrals, species on mantles, ions >0, ions <0 ---------
!---- name, composition, initial density(n/nH), formation enthalpy (kCal/mol) --
!-------------------------------------------------------------------------------
  1  H                       3.561D-04    51.634                       !
  2  H2                      4.998D-01     0.000                       !
  3  He                      1.000D-01     0.000                       !
  4  C                       6.645D-06   169.980     --> C/H = 8.27e-5 !
  5  CH                      2.154D-08   141.600         A&G : 3.55e-4 !
  6  CH2                     2.298D-08    93.900                       !
  7  CH3                     1.678D-08    34.800                       !
  8  CH4                     2.456D-08   -15.970                       !
  9  O                       5.682D-05    58.980     --> O/H = 3.02e-4 !
 10  O2                      1.214D-07     0.000         A&G : 7.41e-4 !
 11  OH                      2.644D-07     9.250                       !
 12  H2O                     3.249D-07   -57.100                       !
 13  CO                      4.196D-05   -27.200                       !
 14  HCO                     5.217D-10   -99.999                       !
 15  CO2                     2.035D-10   -93.965                       !
 16  C2                      1.318D-09   198.200                       !
 17  C2H                     3.149D-10   113.300                       !
 18  C2H2                    1.391D-11    56.320                       !
 19  C3                      2.524D-13   194.000                       !
 20  C3H                     6.884D-13   177.000   ***                 !
 21  C3H2                    3.399D-13   114.000   ***                 !
 22  CH3OH                   9.941D-33   -99.999                       !
 23  H2CO                    5.685D-09   -99.999                       !
 24  HCO2H                   3.213D-06   -99.999                       !
 25  N                       2.390D-05   112.530     --> N/H = 7.94e-5 !
 26  NH                      1.726D-07    90.000         A&G : 9.33e-5 !
 27  NH2                     8.330D-08    46.200                       !
 28  NH3                     7.352D-08    -9.299                       !
 29  CN                      2.294D-08   103.200                       !
 30  HCN                     1.959D-09    32.390                       !
 31  HNC                     2.000D-09    48.000                       !
 32  N2                      4.772D-08     0.000                       !
 33  NO                      1.411D-08    21.460                       !
 34  S                       7.201D-06    65.600         A&G : 1.86e-5 !
 35  SH                      1.126D-08    32.600                       !
 36  H2S                     6.520D-09    -4.230                       !
 37  CS                      1.469D-09    63.000                       !
 38  SO                      5.183D-09     1.200                       !
 39  SO2                     1.676D-11   -70.300                       !
 40  OCS                     2.745D-14   -34.000                       !
 41  Si                      1.042D-06   106.700         A&G : 3.55e-5 !
 42  SiH                     1.235D-09    89.690                       !
 43  SiH2                    1.043D-09    69.140   *                   !
 44  SiH3                    6.011D-12    48.540   *                   !
 45  SiH4                    1.384D-09    11.000                       !
 46  SiO                     1.762D-08   -24.300                       !
 47  SiO2                    5.710D-12   -73.000                       !
 48  Mg                      2.124D-07    35.000                       !
 49  Fe                      9.509D-08    98.700                       !
 50  C54H18                  7.089D-07   -99.999     PAH/nH  =1(-6)    !
 51  G                       3.737D-11   -99.999    Ngrain = 8.30(-11) !
 52  H2O*                    1.220D-04               H2O*/nH =1.03(-4) !
 53  O2*                     1.823D-07                                 !
 54  CO*                     6.582D-05               CO*/nH  =8.27(-6) !
 55  CO2*                    2.609D-10               CO2*/nH =1.34(-5) !
 56  CH4*                    1.650D-05               CH4*/nH =1.55(-6) !
 57  NH3*                    5.507D-05               NH3*/nH =1.55(-5) !
 58  CH3OH*                  7.821D-30             CH3OH*/nH =1.86(-6) !
 59  H2CO*                   9.648D-09              H2CO*/nH =6.20(-6) !
 60  HCO2H*                  4.027D-06             HCO2H*/nH =7.24(-6) !
 61  OCS*                    3.012D-14               OCS*/nH =2.07(-7) !
 62  H2S*                    1.085D-05               H2S*/nH =3.72(-6) !
 63  SiH4*                   1.678D-06                                 !
 64  SiO*                    2.257D-08                                 !
 65  SiO2*                   6.264D-12                                 !
 66  Fe*                     1.082D-07                                 !
 67  O**                     1.564D-04              Noyaux = 4*3.50(-5)!
 68  Si**                    3.764D-05              Noyaux = 3.370(-5) !
 69  Mg**                    4.135D-05              Noyaux = 3.700(-5) !
 70  Fe**                    3.609D-05              Noyaux = 3.230(-5) !
 71  C**                     1.829D-04              Noyaux = 1.630(-4) !
 72  H+                      2.607D-09   365.200                       !
 73  H2+                     1.556D-11   355.700                       !
 74  H3+                     1.827D-08   265.000                       !
 75  He+                     4.605D-09   567.000                       !
 76  C+                      1.458D-07   429.700    --> C/H = 1.38e-4  !
 77  CH+                     6.807D-13   387.000         A&G : 3.55e-4 !
 78  CH2+                    1.574D-12   331.000                       !
 79  CH3+                    4.636D-10   262.000                       !
 80  CH4+                    1.847D-13   272.000   **                  !
 81  CH5+                    6.410D-12   216.000   *                   !
 82  O+                      2.720D-14   373.000                       !
 83  O2+                     6.002D-11   278.400                       !
 84  OH+                     1.698D-12   309.310                       !
 85  H2O+                    2.320D-12   233.700                       !
 86  H3O+                    2.118D-10   143.000                       !
 87  CO+                     5.987D-14   295.970                       !
 88  HCO+                    1.343D-09   197.300                       !
 89  H2CO+                   9.938D-12   -99.999                       !
 90  H3CO+                   7.141D-13   -99.999                       !
 91  CH3OH+                  1.371D-35   -99.999                       !
 92  CH5O+                   1.192D-37   -99.999   *                   !
 93  HCO2+                   2.794D-13   141.000    *                  !
 94  C2+                     2.445D-15   476.000                       !
 95  C2H+                    4.117D-15   404.000                       !
 96  C2H2+                   4.463D-12   317.500                       !
 97  C2H3+                   3.307D-12   267.900                       !
 98  C3+                     3.063D-16   479.000    *                  !
 99  C3H+                    2.389D-14   381.000    *                  !
100  C3H2+                   1.222D-16   330.000   * **                !
101  C3H3+                   2.381D-14   282.000   * **                !
102  N+                      6.279D-13   447.690                       !
103  NH+                     1.667D-14   401.100                       !
104  NH2+                    1.170D-12   302.700                       !
105  NH3+                    2.030D-10   224.900                       !
106  NH4+                    4.705D-11   151.000    *                  !
107  CN+                     3.928D-14   429.300                       !
108  C2N+                    1.872D-12   410.000    *                  !
109  HCN+                    7.445D-14   346.000                       !
110  H2CN+                   3.795D-11   226.000    *                  !
111  H2NC+                   6.790D-12   265.000    *                  !
112  N2+                     1.431D-16   359.298                       !
113  N2H+                    7.508D-13   247.500                       !
114  NO+                     3.756D-11   235.330                       !
115  HNO+                    2.638D-13   256.800                       !
116  S+                      9.673D-07   304.000     --> S/H = 1.86e-5 !
117  SH+                     4.433D-10   271.800         A&G : 1.86e-5 !
118  H2S+                    2.585D-11   237.000                       !
119  H3S+                    3.698D-13   190.000 *                     !
120  CS+                     8.081D-14   324.000                       !
121  HCS+                    6.080D-12   243.000                       !
122  SO+                     2.698D-10   239.200                       !
123  HSO+                    2.629D-13   210.000                       !
124  HSO2+                   5.652D-16   143.000                       !
125  HOCS+                   1.623D-15   181.000                       !
126  Si+                     5.154D-07   295.000                       !
127  SiH+                    3.378D-11   271.820                       !
128  SiH2+                   1.494D-11   276.360   *                   !
129  SiH3+                   4.338D-14   237.320   *                   !
130  SiH4+                   1.271D-17   279.900                       !
131  SiH5+                   5.572D-14   219.380   *                   !
132  SiO+                    6.127D-13   239.520                       !
133  SiOH+                   2.116D-10   -99.999                       !
134  Fe+                     7.869D-09   280.240     LM: Fe/nH=1.5(-8) !
135  C54H18+                 7.776D-09   -99.999                       !
136  G+                      8.105D-12   -99.999                       !
137  Mg+                     1.124D-20   -99.999        PAH/nH = 1(-8) !
138  C54H18-                 3.461D-07   -99.999    Ngrain = 8.30(-11) !
139  G-                      2.971D-11    34.000                       !
140  H-                      1.124D-20   211.000                       !
