 In this file you can find the necessary data to rebuild Figure 6 of Schilke et al
       Jupper           TDV          TDV2 
   1.000E+000    1.838E+005    1.838E+005    9.507E-001    9.558E-001 
   2.000E+000    1.845E+005    1.844E+005    9.543E-001    9.591E-001 
   3.000E+000    1.884E+005    1.882E+005    9.744E-001    9.786E-001 
   4.000E+000    1.912E+005    1.906E+005    9.892E-001    9.914E-001 
   5.000E+000    1.933E+005    1.923E+005    1.000E+000    1.000E+000 
   6.000E+000    1.948E+005    1.932E+005    1.008E+000    1.005E+000 
   7.000E+000    1.961E+005    1.940E+005    1.014E+000    1.009E+000 
   8.000E+000    1.968E+005    1.941E+005    1.018E+000    1.009E+000 
   9.000E+000    1.973E+005    1.938E+005    1.020E+000    1.008E+000 
   1.000E+001    1.976E+005    1.932E+005    1.022E+000    1.005E+000 
   1.100E+001    1.977E+005    1.924E+005    1.023E+000    1.001E+000 
   1.200E+001    1.979E+005    1.916E+005    1.024E+000    9.965E-001 
   1.300E+001    1.980E+005    1.905E+005    1.024E+000    9.910E-001 
   1.400E+001    1.977E+005    1.892E+005    1.023E+000    9.839E-001 
   1.500E+001    1.975E+005    1.877E+005    1.022E+000    9.760E-001 
   1.600E+001    1.971E+005    1.860E+005    1.020E+000    9.675E-001 
   1.700E+001    1.968E+005    1.843E+005    1.018E+000    9.586E-001 
   1.800E+001    1.963E+005    1.824E+005    1.016E+000    9.484E-001 
   1.900E+001    1.959E+005    1.804E+005    1.013E+000    9.382E-001 
   2.000E+001    1.955E+005    1.783E+005    1.011E+000    9.276E-001 
   2.100E+001    1.949E+005    1.761E+005    1.008E+000    9.158E-001 
   2.200E+001    1.943E+005    1.737E+005    1.005E+000    9.036E-001 
   2.300E+001    1.936E+005    1.714E+005    1.002E+000    8.914E-001 
   2.400E+001    1.929E+005    1.688E+005    9.978E-001    8.782E-001 
   2.500E+001    1.923E+005    1.663E+005    9.946E-001    8.650E-001 
   2.600E+001    1.915E+005    1.636E+005    9.904E-001    8.507E-001 
   2.700E+001    1.907E+005    1.608E+005    9.867E-001    8.365E-001 
   2.800E+001    1.897E+005    1.579E+005    9.815E-001    8.213E-001 
   2.900E+001    1.889E+005    1.550E+005    9.770E-001    8.060E-001 
   3.000E+001    1.878E+005    1.518E+005    9.713E-001    7.897E-001 
   3.100E+001    1.865E+005    1.485E+005    9.645E-001    7.725E-001 
   3.200E+001    1.853E+005    1.453E+005    9.583E-001    7.558E-001 
   3.300E+001    1.830E+005    1.412E+005    9.469E-001    7.345E-001 
   3.400E+001    1.817E+005    1.378E+005    9.398E-001    7.167E-001 
   3.500E+001    1.776E+005    1.324E+005    9.189E-001    6.884E-001 
   3.600E+001    1.753E+005    1.282E+005    9.068E-001    6.669E-001 
   3.700E+001    1.670E+005    1.199E+005    8.639E-001    6.236E-001 
   3.800E+001    1.597E+005    1.124E+005    8.259E-001    5.845E-001 
   3.900E+001    1.391E+005    9.590E+004    7.194E-001    4.988E-001 
   4.000E+001    9.619E+004    6.495E+004    4.976E-001    3.378E-001 
