 In this file you can find the necessary data to rebuild Figure 6 of Schilke et al
       Jupper           TDV          TDV2 
   1.000E+000    1.137E+004    1.136E+004    1.012E+000    1.018E+000 
   2.000E+000    1.134E+004    1.133E+004    1.009E+000    1.014E+000 
   3.000E+000    1.130E+004    1.128E+004    1.006E+000    1.010E+000 
   4.000E+000    1.127E+004    1.123E+004    1.003E+000    1.005E+000 
   5.000E+000    1.123E+004    1.117E+004    1.000E+000    1.000E+000 
   6.000E+000    1.120E+004    1.110E+004    9.969E-001    9.944E-001 
   7.000E+000    1.116E+004    1.104E+004    9.938E-001    9.887E-001 
   8.000E+000    1.113E+004    1.097E+004    9.907E-001    9.823E-001 
   9.000E+000    1.109E+004    1.089E+004    9.875E-001    9.755E-001 
   1.000E+001    1.106E+004    1.081E+004    9.844E-001    9.677E-001 
   1.100E+001    1.102E+004    1.073E+004    9.812E-001    9.605E-001 
   1.200E+001    1.099E+004    1.063E+004    9.781E-001    9.520E-001 
   1.300E+001    1.095E+004    1.054E+004    9.749E-001    9.435E-001 
   1.400E+001    1.092E+004    1.044E+004    9.718E-001    9.351E-001 
   1.500E+001    1.088E+004    1.034E+004    9.685E-001    9.256E-001 
   1.600E+001    1.084E+004    1.023E+004    9.654E-001    9.161E-001 
   1.700E+001    1.081E+004    1.012E+004    9.622E-001    9.060E-001 
   1.800E+001    1.077E+004    1.000E+004    9.589E-001    8.957E-001 
   1.900E+001    1.073E+004    9.883E+003    9.557E-001    8.850E-001 
   2.000E+001    1.070E+004    9.760E+003    9.525E-001    8.740E-001 
   2.100E+001    1.066E+004    9.632E+003    9.492E-001    8.626E-001 
   2.200E+001    1.062E+004    9.499E+003    9.460E-001    8.507E-001 
   2.300E+001    1.059E+004    9.370E+003    9.426E-001    8.391E-001 
   2.400E+001    1.055E+004    9.234E+003    9.394E-001    8.270E-001 
   2.500E+001    1.051E+004    9.094E+003    9.361E-001    8.144E-001 
   2.600E+001    1.048E+004    8.949E+003    9.327E-001    8.014E-001 
   2.700E+001    1.044E+004    8.802E+003    9.295E-001    7.882E-001 
   2.800E+001    1.040E+004    8.656E+003    9.260E-001    7.752E-001 
   2.900E+001    1.036E+004    8.504E+003    9.228E-001    7.615E-001 
   3.000E+001    1.033E+004    8.349E+003    9.193E-001    7.477E-001 
   3.100E+001    1.029E+004    8.195E+003    9.160E-001    7.339E-001 
   3.200E+001    1.025E+004    8.039E+003    9.125E-001    7.199E-001 
   3.300E+001    1.021E+004    7.877E+003    9.090E-001    7.054E-001 
   3.400E+001    1.017E+004    7.716E+003    9.058E-001    6.910E-001 
   3.500E+001    1.013E+004    7.546E+003    9.017E-001    6.758E-001 
   3.600E+001    1.010E+004    7.390E+003    8.995E-001    6.618E-001 
   3.700E+001    1.002E+004    7.195E+003    8.923E-001    6.443E-001 
   3.800E+001    1.001E+004    7.048E+003    8.915E-001    6.312E-001 
   3.900E+001    9.741E+003    6.717E+003    8.673E-001    6.015E-001 
   4.000E+001    8.683E+003    5.863E+003    7.731E-001    5.250E-001 
