!---- list of chemical species --- Steady state at T =    42.68 K ---------------
!---- nH  = 38486.19   cm-3 ----------
!---- Av  =     0.10   mag -----------
!---- RAD =     1.00   ---------------
!---- N_H2_0 =  1.000E+20         cm-2 ----
!---- N_CO_0 =  1.000E+17         cm-2 ----
!---- WARNING : order = neutrals, species on mantles, ions >0, ions <0 ---------
!---- name, composition, initial density(n/nH), formation enthalpy (kCal/mol) --
!-------------------------------------------------------------------------------
  1  H                       6.489D-04    51.634                       !
  2  H2                      4.997D-01     0.000                       !
  3  He                      1.000D-01     0.000                       !
  4  C                       1.306D-05   169.980     --> C/H = 8.27e-5 !
  5  CH                      2.744D-08   141.600         A&G : 3.55e-4 !
  6  CH2                     3.037D-08    93.900                       !
  7  CH3                     1.749D-08    34.800                       !
  8  CH4                     2.624D-08   -15.970                       !
  9  O                       9.077D-05    58.980     --> O/H = 3.02e-4 !
 10  O2                      1.058D-07     0.000         A&G : 7.41e-4 !
 11  OH                      2.212D-07     9.250                       !
 12  H2O                     2.641D-07   -57.100                       !
 13  CO                      5.688D-05   -27.200                       !
 14  HCO                     6.000D-10   -99.999                       !
 15  CO2                     2.207D-10   -93.965                       !
 16  C2                      2.760D-09   198.200                       !
 17  C2H                     6.481D-10   113.300                       !
 18  C2H2                    2.648D-11    56.320                       !
 19  C3                      5.798D-13   194.000                       !
 20  C3H                     1.582D-12   177.000   ***                 !
 21  C3H2                    7.827D-13   114.000   ***                 !
 22  CH3OH                   2.152D-50   -99.999                       !
 23  H2CO                    5.580D-09   -99.999                       !
 24  HCO2H                   4.597D-06   -99.999                       !
 25  N                       3.664D-05   112.530     --> N/H = 7.94e-5 !
 26  NH                      1.390D-07    90.000         A&G : 9.33e-5 !
 27  NH2                     7.083D-08    46.200                       !
 28  NH3                     5.752D-08    -9.299                       !
 29  CN                      2.804D-08   103.200                       !
 30  HCN                     2.626D-09    32.390                       !
 31  HNC                     2.681D-09    48.000                       !
 32  N2                      3.884D-08     0.000                       !
 33  NO                      1.087D-08    21.460                       !
 34  S                       9.971D-06    65.600         A&G : 1.86e-5 !
 35  SH                      8.988D-09    32.600                       !
 36  H2S                     4.954D-09    -4.230                       !
 37  CS                      1.678D-09    63.000                       !
 38  SO                      4.058D-09     1.200                       !
 39  SO2                     7.118D-12   -70.300                       !
 40  OCS                     1.345D-14   -34.000                       !
 41  Si                      1.199D-06   106.700         A&G : 3.55e-5 !
 42  SiH                     7.927D-10    89.690                       !
 43  SiH2                    6.334D-10    69.140   *                   !
 44  SiH3                    4.053D-12    48.540   *                   !
 45  SiH4                    8.774D-10    11.000                       !
 46  SiO                     1.316D-08   -24.300                       !
 47  SiO2                    2.092D-12   -73.000                       !
 48  Mg                      1.000D-20    35.000                       !
 49  Fe                      8.849D-09    98.700                       !
 50  C54H18                  6.388D-07   -99.999     PAH/nH  =1(-6)    !
 51  G                       3.151D-11   -99.999    Ngrain = 8.30(-11) !
 52  H2O*                    9.966D-05               H2O*/nH =1.03(-4) !
 53  O2*                     8.167D-08                                 !
 54  CO*                     4.584D-05               CO*/nH  =8.27(-6) !
 55  CO2*                    1.453D-10               CO2*/nH =1.34(-5) !
 56  CH4*                    1.656D-05               CH4*/nH =1.55(-6) !
 57  NH3*                    4.305D-05               NH3*/nH =1.55(-5) !
 58  CH3OH*                  8.135D-48             CH3OH*/nH =1.86(-6) !
 59  H2CO*                   4.936D-09              H2CO*/nH =6.20(-6) !
 60  HCO2H*                  2.960D-06             HCO2H*/nH =7.24(-6) !
 61  OCS*                    7.583D-15               OCS*/nH =2.07(-7) !
 62  H2S*                    7.707D-06               H2S*/nH =3.72(-6) !
 63  SiH4*                   9.901D-07                                 !
 64  SiO*                    8.662D-09                                 !
 65  SiO2*                   1.179D-12                                 !
 66  Fe*                     5.173D-09                                 !
 67  O**                     1.465D-04              Noyaux = 4*3.50(-5)!
 68  Si**                    3.528D-05              Noyaux = 3.370(-5) !
 69  Mg**                    3.873D-05              Noyaux = 3.700(-5) !
 70  Fe**                    3.381D-05              Noyaux = 3.230(-5) !
 71  C**                     1.705D-04              Noyaux = 1.630(-4) !
 72  H+                      3.648D-09   365.200                       !
 73  H2+                     2.374D-11   355.700                       !
 74  H3+                     1.933D-08   265.000                       !
 75  He+                     6.351D-09   567.000                       !
 76  C+                      3.972D-07   429.700    --> C/H = 1.38e-4  !
 77  CH+                     1.376D-12   387.000         A&G : 3.55e-4 !
 78  CH2+                    3.251D-12   331.000                       !
 79  CH3+                    4.447D-10   262.000                       !
 80  CH4+                    2.542D-13   272.000   **                  !
 81  CH5+                    3.848D-12   216.000   *                   !
 82  O+                      6.233D-14   373.000                       !
 83  O2+                     3.737D-11   278.400                       !
 84  OH+                     2.884D-12   309.310                       !
 85  H2O+                    3.802D-12   233.700                       !
 86  H3O+                    1.616D-10   143.000                       !
 87  CO+                     1.369D-13   295.970                       !
 88  HCO+                    1.059D-09   197.300                       !
 89  H2CO+                   6.950D-12   -99.999                       !
 90  H3CO+                   3.471D-13   -99.999                       !
 91  CH3OH+                  8.187D-53   -99.999                       !
 92  CH5O+                   3.012D-53   -99.999   *                   !
 93  HCO2+                   8.948D-14   141.000    *                  !
 94  C2+                     8.261D-15   476.000                       !
 95  C2H+                    1.433D-14   404.000                       !
 96  C2H2+                   6.949D-12   317.500                       !
 97  C2H3+                   4.496D-12   267.900                       !
 98  C3+                     1.700D-15   479.000    *                  !
 99  C3H+                    8.381D-14   381.000    *                  !
100  C3H2+                   1.820D-16   330.000   * **                !
101  C3H3+                   3.908D-14   282.000   * **                !
102  N+                      1.195D-12   447.690                       !
103  NH+                     2.484D-14   401.100                       !
104  NH2+                    1.504D-12   302.700                       !
105  NH3+                    1.754D-10   224.900                       !
106  NH4+                    1.910D-11   151.000    *                  !
107  CN+                     8.608D-14   429.300                       !
108  C2N+                    3.181D-12   410.000    *                  !
109  HCN+                    1.640D-13   346.000                       !
110  H2CN+                   3.822D-11   226.000    *                  !
111  H2NC+                   6.758D-12   265.000    *                  !
112  N2+                     1.607D-16   359.298                       !
113  N2H+                    3.114D-13   247.500                       !
114  NO+                     2.380D-11   235.330                       !
115  HNO+                    1.009D-13   256.800                       !
116  S+                      1.925D-06   304.000     --> S/H = 1.86e-5 !
117  SH+                     3.093D-10   271.800         A&G : 1.86e-5 !
118  H2S+                    1.739D-11   237.000                       !
119  H3S+                    1.342D-13   190.000 *                     !
120  CS+                     1.845D-13   324.000                       !
121  HCS+                    5.984D-12   243.000                       !
122  SO+                     1.999D-10   239.200                       !
123  HSO+                    1.010D-13   210.000                       !
124  HSO2+                   1.186D-16   143.000                       !
125  HOCS+                   5.691D-16   181.000                       !
126  Si+                     8.546D-07   295.000                       !
127  SiH+                    2.020D-11   271.820                       !
128  SiH2+                   8.870D-12   276.360   *                   !
129  SiH3+                   1.460D-14   237.320   *                   !
130  SiH4+                   1.059D-17   279.900                       !
131  SiH5+                   1.778D-14   219.380   *                   !
132  SiO+                    8.259D-13   239.520                       !
133  SiOH+                   1.330D-10   -99.999                       !
134  Fe+                     1.106D-09   280.240     LM: Fe/nH=1.5(-8) !
135  C54H18+                 5.078D-09   -99.999                       !
136  G+                      4.668D-12   -99.999                       !
137  Mg+                     1.047D-20   -99.999        PAH/nH = 1(-8) !
138  C54H18-                 3.758D-07   -99.999    Ngrain = 8.30(-11) !
139  G-                      3.517D-11    34.000                       !
140  H-                      1.047D-20   211.000                       !
