 In this file you can find the necessary data to rebuild Figure 6 of Schilke et al
       Jupper           TDV          TDV2 
   1.000E+000    2.986E+000    2.985E+000    5.740E-002    5.772E-002 
   2.000E+000    1.137E+001    1.135E+001    2.185E-001    2.196E-001 
   3.000E+000    2.439E+001    2.434E+001    4.688E-001    4.708E-001 
   4.000E+000    3.946E+001    3.932E+001    7.587E-001    7.604E-001 
   5.000E+000    5.201E+001    5.171E+001    1.000E+000    1.000E+000 
   6.000E+000    5.800E+001    5.752E+001    1.115E+000    1.112E+000 
   7.000E+000    5.624E+001    5.563E+001    1.081E+000    1.076E+000 
   8.000E+000    4.849E+001    4.780E+001    9.322E-001    9.243E-001 
   9.000E+000    3.782E+001    3.714E+001    7.272E-001    7.183E-001 
   1.000E+001    2.735E+001    2.674E+001    5.259E-001    5.170E-001 
   1.100E+001    1.879E+001    1.828E+001    3.612E-001    3.535E-001 
   1.200E+001    1.255E+001    1.215E+001    2.413E-001    2.349E-001 
   1.300E+001    8.244E+000    7.932E+000    1.585E-001    1.534E-001 
   1.400E+001    5.401E+000    5.166E+000    1.038E-001    9.990E-002 
   1.500E+001    3.483E+000    3.309E+000    6.696E-002    6.399E-002 
   1.600E+001    2.341E+000    2.208E+000    4.500E-002    4.271E-002 
   1.700E+001    1.583E+000    1.482E+000    3.043E-002    2.866E-002 
   1.800E+001    1.096E+000    1.018E+000    2.107E-002    1.968E-002 
   1.900E+001    7.668E-001    7.060E-001    1.474E-002    1.365E-002 
   2.000E+001    5.421E-001    4.946E-001    1.042E-002    9.564E-003 
   2.100E+001    3.832E-001    3.462E-001    7.367E-003    6.695E-003 
   2.200E+001    2.727E-001    2.438E-001    5.243E-003    4.715E-003 
   2.300E+001    1.950E-001    1.726E-001    3.749E-003    3.338E-003 
   2.400E+001    1.402E-001    1.227E-001    2.696E-003    2.374E-003 
   2.500E+001    1.013E-001    8.763E-002    1.948E-003    1.695E-003 
   2.600E+001    7.348E-002    6.277E-002    1.413E-003    1.214E-003 
   2.700E+001    5.345E-002    4.507E-002    1.028E-003    8.716E-004 
   2.800E+001    3.894E-002    3.241E-002    7.487E-004    6.268E-004 
   2.900E+001    2.844E-002    2.333E-002    5.468E-004    4.512E-004 
   3.000E+001    2.073E-002    1.676E-002    3.986E-004    3.242E-004 
   3.100E+001    1.511E-002    1.203E-002    2.904E-004    2.327E-004 
   3.200E+001    1.097E-002    8.602E-003    2.109E-004    1.664E-004 
   3.300E+001    7.922E-003    6.112E-003    1.523E-004    1.182E-004 
   3.400E+001    5.670E-003    4.300E-003    1.090E-004    8.316E-005 
   3.500E+001    4.001E-003    2.981E-003    7.692E-005    5.765E-005 
   3.600E+001    2.764E-003    2.022E-003    5.314E-005    3.910E-005 
   3.700E+001    1.844E-003    1.324E-003    3.545E-005    2.560E-005 
   3.800E+001    1.162E-003    8.179E-004    2.234E-005    1.582E-005 
   3.900E+001    6.564E-004    4.526E-004    1.262E-005    8.753E-006 
   4.000E+001    2.798E-004    1.889E-004    5.379E-006    3.653E-006 
