!---- list of chemical species --- Steady state at T =    45.03 K ---------------
!---- nH  = ********   cm-3 ----------
!---- Av  =     0.10   mag -----------
!---- RAD =     1.00   ---------------
!---- N_H2_0 =  1.000E+20         cm-2 ----
!---- N_CO_0 =  1.000E+17         cm-2 ----
!---- WARNING : order = neutrals, species on mantles, ions >0, ions <0 ---------
!---- name, composition, initial density(n/nH), formation enthalpy (kCal/mol) --
!-------------------------------------------------------------------------------
  1  H                       1.532D-04    51.634                       !
  2  H2                      4.999D-01     0.000                       !
  3  He                      1.000D-01     0.000                       !
  4  C                       2.186D-06   169.980     --> C/H = 8.27e-5 !
  5  CH                      1.411D-08   141.600         A&G : 3.55e-4 !
  6  CH2                     1.412D-08    93.900                       !
  7  CH3                     1.344D-08    34.800                       !
  8  CH4                     1.901D-08   -15.970                       !
  9  O                       2.649D-05    58.980     --> O/H = 3.02e-4 !
 10  O2                      1.284D-07     0.000         A&G : 7.41e-4 !
 11  OH                      3.040D-07     9.250                       !
 12  H2O                     3.755D-07   -57.100                       !
 13  CO                      2.338D-05   -27.200                       !
 14  HCO                     3.554D-10   -99.999                       !
 15  CO2                     2.023D-10   -93.965                       !
 16  C2                      4.236D-10   198.200                       !
 17  C2H                     1.040D-10   113.300                       !
 18  C2H2                    4.955D-12    56.320                       !
 19  C3                      6.047D-14   194.000                       !
 20  C3H                     1.649D-13   177.000   ***                 !
 21  C3H2                    8.118D-14   114.000   ***                 !
 22  CH3OH                   1.351D-29   -99.999                       !
 23  H2CO                    4.656D-09   -99.999                       !
 24  HCO2H                   1.751D-06   -99.999                       !
 25  N                       1.145D-05   112.530     --> N/H = 7.94e-5 !
 26  NH                      1.998D-07    90.000         A&G : 9.33e-5 !
 27  NH2                     9.112D-08    46.200                       !
 28  NH3                     8.964D-08    -9.299                       !
 29  CN                      1.521D-08   103.200                       !
 30  HCN                     1.171D-09    32.390                       !
 31  HNC                     1.184D-09    48.000                       !
 32  N2                      5.301D-08     0.000                       !
 33  NO                      1.753D-08    21.460                       !
 34  S                       3.878D-06    65.600         A&G : 1.86e-5 !
 35  SH                      1.372D-08    32.600                       !
 36  H2S                     8.139D-09    -4.230                       !
 37  CS                      1.141D-09    63.000                       !
 38  SO                      6.252D-09     1.200                       !
 39  SO2                     4.622D-11   -70.300                       !
 40  OCS                     7.306D-14   -34.000                       !
 41  Si                      5.883D-07   106.700         A&G : 3.55e-5 !
 42  SiH                     1.560D-09    89.690                       !
 43  SiH2                    1.405D-09    69.140   *                   !
 44  SiH3                    8.219D-12    48.540   *                   !
 45  SiH4                    1.804D-09    11.000                       !
 46  SiO                     1.905D-08   -24.300                       !
 47  SiO2                    1.491D-11   -73.000                       !
 48  Mg                      2.165D-07    35.000                       !
 49  Fe                      5.576D-08    98.700                       !
 50  C54H18                  7.878D-07   -99.999     PAH/nH  =1(-6)    !
 51  G                       4.026D-11   -99.999    Ngrain = 8.30(-11) !
 52  H2O*                    1.444D-04               H2O*/nH =1.03(-4) !
 53  O2*                     4.823D-07                                 !
 54  CO*                     9.174D-05               CO*/nH  =8.27(-6) !
 55  CO2*                    6.488D-10               CO2*/nH =1.34(-5) !
 56  CH4*                    1.379D-05               CH4*/nH =1.55(-6) !
 57  NH3*                    6.749D-05               NH3*/nH =1.55(-5) !
 58  CH3OH*                  1.130D-26             CH3OH*/nH =1.86(-6) !
 59  H2CO*                   1.948D-08              H2CO*/nH =6.20(-6) !
 60  HCO2H*                  5.490D-06             HCO2H*/nH =7.24(-6) !
 61  OCS*                    2.005D-13               OCS*/nH =2.07(-7) !
 62  H2S*                    1.467D-05               H2S*/nH =3.72(-6) !
 63  SiH4*                   2.380D-06                                 !
 64  SiO*                    6.103D-08                                 !
 65  SiO2*                   4.091D-11                                 !
 66  Fe*                     1.587D-07                                 !
 67  O**                     1.568D-04              Noyaux = 4*3.50(-5)!
 68  Si**                    3.774D-05              Noyaux = 3.370(-5) !
 69  Mg**                    4.146D-05              Noyaux = 3.700(-5) !
 70  Fe**                    3.618D-05              Noyaux = 3.230(-5) !
 71  C**                     1.834D-04              Noyaux = 1.630(-4) !
 72  H+                      1.927D-09   365.200                       !
 73  H2+                     7.803D-12   355.700                       !
 74  H3+                     1.611D-08   265.000                       !
 75  He+                     3.020D-09   567.000                       !
 76  C+                      3.363D-08   429.700    --> C/H = 1.38e-4  !
 77  CH+                     2.118D-13   387.000         A&G : 3.55e-4 !
 78  CH2+                    4.841D-13   331.000                       !
 79  CH3+                    5.122D-10   262.000                       !
 80  CH4+                    9.117D-14   272.000   **                  !
 81  CH5+                    1.408D-11   216.000   *                   !
 82  O+                      7.792D-15   373.000                       !
 83  O2+                     1.167D-10   278.400                       !
 84  OH+                     6.986D-13   309.310                       !
 85  H2O+                    1.011D-12   233.700                       !
 86  H3O+                    3.381D-10   143.000                       !
 87  CO+                     1.587D-14   295.970                       !
 88  HCO+                    1.929D-09   197.300                       !
 89  H2CO+                   1.493D-11   -99.999                       !
 90  H3CO+                   1.831D-12   -99.999                       !
 91  CH3OH+                  3.403D-32   -99.999                       !
 92  CH5O+                   5.127D-34   -99.999   *                   !
 93  HCO2+                   1.566D-12   141.000    *                  !
 94  C2+                     3.799D-16   476.000                       !
 95  C2H+                    6.138D-16   404.000                       !
 96  C2H2+                   2.548D-12   317.500                       !
 97  C2H3+                   2.155D-12   267.900                       !
 98  C3+                     2.355D-17   479.000    *                  !
 99  C3H+                    3.014D-15   381.000    *                  !
100  C3H2+                   9.985D-17   330.000   * **                !
101  C3H3+                   1.043D-14   282.000   * **                !
102  N+                      2.126D-13   447.690                       !
103  NH+                     8.886D-15   401.100                       !
104  NH2+                    6.617D-13   302.700                       !
105  NH3+                    1.702D-10   224.900                       !
106  NH4+                    1.419D-10   151.000    *                  !
107  CN+                     1.051D-14   429.300                       !
108  C2N+                    9.434D-13   410.000    *                  !
109  HCN+                    2.031D-14   346.000                       !
110  H2CN+                   3.958D-11   226.000    *                  !
111  H2NC+                   6.976D-12   265.000    *                  !
112  N2+                     1.030D-16   359.298                       !
113  N2H+                    2.621D-12   247.500                       !
114  NO+                     7.548D-11   235.330                       !
115  HNO+                    1.039D-12   256.800                       !
116  S+                      3.530D-07   304.000     --> S/H = 1.86e-5 !
117  SH+                     7.243D-10   271.800         A&G : 1.86e-5 !
118  H2S+                    4.866D-11   237.000                       !
119  H3S+                    1.624D-12   190.000 *                     !
120  CS+                     2.394D-14   324.000                       !
121  HCS+                    7.637D-12   243.000                       !
122  SO+                     4.493D-10   239.200                       !
123  HSO+                    1.039D-12   210.000                       !
124  HSO2+                   5.017D-15   143.000                       !
125  HOCS+                   7.904D-15   181.000                       !
126  Si+                     1.953D-07   295.000                       !
127  SiH+                    5.180D-11   271.820                       !
128  SiH2+                   2.404D-11   276.360   *                   !
129  SiH3+                   1.663D-13   237.320   *                   !
130  SiH4+                   1.408D-17   279.900                       !
131  SiH5+                   2.368D-13   219.380   *                   !
132  SiO+                    2.773D-13   239.520                       !
133  SiOH+                   3.399D-10   -99.999                       !
134  Fe+                     3.041D-09   280.240     LM: Fe/nH=1.5(-8) !
135  C54H18+                 1.558D-08   -99.999                       !
136  G+                      1.684D-11   -99.999                       !
137  Mg+                     1.127D-20   -99.999        PAH/nH = 1(-8) !
138  C54H18-                 2.543D-07   -99.999    Ngrain = 8.30(-11) !
139  G-                      1.784D-11    34.000                       !
140  H-                      1.127D-20   211.000                       !
