 In this file you can find the necessary data to rebuild Figure 6 of Schilke et al
       Jupper           TDV          TDV2 
   1.000E+000    6.083E-002    6.081E-002    9.626E-001    9.680E-001 
   2.000E+000    1.823E-001    1.821E-001    2.884E+000    2.898E+000 
   3.000E+000    1.944E-001    1.940E-001    3.076E+000    3.089E+000 
   4.000E+000    1.248E-001    1.243E-001    1.975E+000    1.979E+000 
   5.000E+000    6.319E-002    6.282E-002    1.000E+000    1.000E+000 
   6.000E+000    2.939E-002    2.915E-002    4.652E-001    4.640E-001 
   7.000E+000    1.339E-002    1.324E-002    2.119E-001    2.108E-001 
   8.000E+000    6.115E-003    6.028E-003    9.677E-002    9.596E-002 
   9.000E+000    2.805E-003    2.755E-003    4.439E-002    4.385E-002 
   1.000E+001    1.293E-003    1.263E-003    2.046E-002    2.011E-002 
   1.100E+001    6.003E-004    5.841E-004    9.500E-003    9.299E-003 
   1.200E+001    2.791E-004    2.701E-004    4.417E-003    4.299E-003 
   1.300E+001    1.280E-004    1.231E-004    2.025E-003    1.960E-003 
   1.400E+001    5.637E-005    5.392E-005    8.921E-004    8.583E-004 
   1.500E+001    2.286E-005    2.172E-005    3.618E-004    3.458E-004 
   1.600E+001    1.040E-005    9.813E-006    1.646E-004    1.562E-004 
   1.700E+001    4.593E-006    4.300E-006    7.270E-005    6.846E-005 
   1.800E+001    2.007E-006    1.864E-006    3.177E-005    2.968E-005 
   1.900E+001    8.590E-007    7.909E-007    1.360E-005    1.259E-005 
   2.000E+001    3.643E-007    3.324E-007    5.766E-006    5.291E-006 
   2.100E+001    1.521E-007    1.374E-007    2.406E-006    2.187E-006 
   2.200E+001    6.236E-008    5.575E-008    9.869E-007    8.875E-007 
   2.300E+001    2.515E-008    2.226E-008    3.980E-007    3.543E-007 
   2.400E+001    9.981E-009    8.736E-009    1.580E-007    1.391E-007 
   2.500E+001    3.895E-009    3.369E-009    6.164E-008    5.363E-008 
   2.600E+001    1.494E-009    1.276E-009    2.364E-008    2.031E-008 
   2.700E+001    5.637E-010    4.753E-010    8.921E-009    7.566E-009 
   2.800E+001    2.092E-010    1.741E-010    3.311E-009    2.772E-009 
   2.900E+001    7.645E-011    6.273E-011    1.210E-009    9.985E-010 
   3.000E+001    2.745E-011    2.220E-011    4.344E-010    3.534E-010 
   3.100E+001    9.699E-012    7.726E-012    1.535E-010    1.230E-010 
   3.200E+001    3.369E-012    2.643E-012    5.332E-011    4.207E-011 
   3.300E+001    1.154E-012    8.902E-013    1.826E-011    1.417E-011 
   3.400E+001    3.884E-013    2.946E-013    6.147E-012    4.690E-012 
   3.500E+001    1.285E-013    9.574E-014    2.034E-012    1.524E-012 
   3.600E+001    4.176E-014    3.055E-014    6.609E-013    4.864E-013 
   3.700E+001    1.325E-014    9.536E-015    2.097E-013    1.518E-013 
   3.800E+001    4.080E-015    2.887E-015    6.457E-014    4.595E-014 
   3.900E+001    1.152E-015    8.198E-016    1.824E-014    1.305E-014 
   4.000E+001    2.494E-016    1.884E-016    3.948E-015    2.999E-015 
