!---- list of chemical species --- Steady state at T =   348.75 K ---------------
!---- nH  = 10093.09   cm-3 ----------
!---- Av  =     0.10   mag -----------
!---- RAD =     1.00   ---------------
!---- N_H2_0 =  1.000E+20         cm-2 ----
!---- N_CO_0 =  1.000E+17         cm-2 ----
!---- WARNING : order = neutrals, species on mantles, ions >0, ions <0 ---------
!---- name, composition, initial density(n/nH), formation enthalpy (kCal/mol) --
!-------------------------------------------------------------------------------
  1  H                       2.444D-03    51.634                       !
  2  H2                      4.988D-01     0.000                       !
  3  He                      1.000D-01     0.000                       !
  4  C                       5.444D-05   169.980     --> C/H = 8.27e-5 !
  5  CH                      3.785D-06   141.600         A&G : 3.55e-4 !
  6  CH2                     3.631D-06    93.900                       !
  7  CH3                     1.557D-08    34.800                       !
  8  CH4                     2.820D-08   -15.970                       !
  9  O                       1.055D-04    58.980     --> O/H = 3.02e-4 !
 10  O2                      6.955D-09     0.000         A&G : 7.41e-4 !
 11  OH                      8.307D-08     9.250                       !
 12  H2O                     1.168D-07   -57.100                       !
 13  CO                      1.835D-05   -27.200                       !
 14  HCO                     1.144D-08   -99.999                       !
 15  CO2                     8.323D-08   -93.965                       !
 16  C2                      1.311D-08   198.200                       !
 17  C2H                     7.339D-09   113.300                       !
 18  C2H2                    6.796D-10    56.320                       !
 19  C3                      7.173D-12   194.000                       !
 20  C3H                     2.532D-11   177.000   ***                 !
 21  C3H2                    1.256D-11   114.000   ***                 !
 22  CH3OH                   1.638D-08   -99.999                       !
 23  H2CO                    5.722D-09   -99.999                       !
 24  HCO2H                   8.005D-09   -99.999                       !
 25  N                       6.381D-05   112.530     --> N/H = 7.94e-5 !
 26  NH                      2.133D-09    90.000         A&G : 9.33e-5 !
 27  NH2                     2.840D-09    46.200                       !
 28  NH3                     4.740D-08    -9.299                       !
 29  CN                      1.276D-08   103.200                       !
 30  HCN                     2.036D-08    32.390                       !
 31  HNC                     1.371D-08    48.000                       !
 32  N2                      1.399D-10     0.000                       !
 33  NO                      1.035D-09    21.460                       !
 34  S                       3.391D-07    65.600         A&G : 1.86e-5 !
 35  SH                      1.350D-07    32.600                       !
 36  H2S                     4.044D-08    -4.230                       !
 37  CS                      1.324D-09    63.000                       !
 38  SO                      1.091D-09     1.200                       !
 39  SO2                     7.462D-15   -70.300                       !
 40  OCS                     1.402D-10   -34.000                       !
 41  Si                      9.522D-07   106.700         A&G : 3.55e-5 !
 42  SiH                     3.294D-09    89.690                       !
 43  SiH2                    2.861D-09    69.140   *                   !
 44  SiH3                    7.754D-17    48.540   *                   !
 45  SiH4                    3.902D-14    11.000                       !
 46  SiO                     5.114D-09   -24.300                       !
 47  SiO2                    3.713D-15   -73.000                       !
 48  Mg                      1.000D-20    35.000                       !
 49  Fe                      7.747D-09    98.700                       !
 50  C54H18                  4.771D-07   -99.999     PAH/nH  =1(-6)    !
 51  G                       2.791D-11   -99.999    Ngrain = 8.30(-11) !
 52  H2O*                    1.449D-04               H2O*/nH =1.03(-4) !
 53  O2*                     9.471D-13                                 !
 54  CO*                     1.153D-05               CO*/nH  =8.27(-6) !
 55  CO2*                    1.879D-05               CO2*/nH =1.34(-5) !
 56  CH4*                    2.176D-06               CH4*/nH =1.55(-6) !
 57  NH3*                    2.177D-05               NH3*/nH =1.55(-5) !
 58  CH3OH*                  2.616D-05             CH3OH*/nH =1.86(-6) !
 59  H2CO*                   8.721D-06              H2CO*/nH =6.20(-6) !
 60  HCO2H*                  1.018D-05             HCO2H*/nH =7.24(-6) !
 61  OCS*                    2.912D-07               OCS*/nH =2.07(-7) !
 62  H2S*                    2.532D-05               H2S*/nH =3.72(-6) !
 63  SiH4*                   1.066D-10                                 !
 64  SiO*                    8.181D-14                                 !
 65  SiO2*                   3.360D-19                                 !
 66  Fe*                     7.913D-13                                 !
 67  O**                     1.970D-04              Noyaux = 4*3.50(-5)!
 68  Si**                    4.745D-05              Noyaux = 3.370(-5) !
 69  Mg**                    5.210D-05              Noyaux = 3.700(-5) !
 70  Fe**                    4.548D-05              Noyaux = 3.230(-5) !
 71  C**                     2.294D-04              Noyaux = 1.630(-4) !
 72  H+                      2.162D-10   365.200                       !
 73  H2+                     1.377D-10   355.700                       !
 74  H3+                     4.339D-07   265.000                       !
 75  He+                     5.896D-08   567.000                       !
 76  C+                      2.105D-08   429.700    --> C/H = 1.38e-4  !
 77  CH+                     2.433D-09   387.000         A&G : 3.55e-4 !
 78  CH2+                    6.961D-09   331.000                       !
 79  CH3+                    3.328D-06   262.000                       !
 80  CH4+                    8.634D-10   272.000   **                  !
 81  CH5+                    1.863D-10   216.000   *                   !
 82  O+                      2.016D-13   373.000                       !
 83  O2+                     1.119D-10   278.400                       !
 84  OH+                     5.438D-11   309.310                       !
 85  H2O+                    5.780D-11   233.700                       !
 86  H3O+                    7.611D-09   143.000                       !
 87  CO+                     2.676D-14   295.970                       !
 88  HCO+                    1.630D-09   197.300                       !
 89  H2CO+                   6.406D-11   -99.999                       !
 90  H3CO+                   1.352D-12   -99.999                       !
 91  CH3OH+                  1.443D-10   -99.999                       !
 92  CH5O+                   3.600D-13   -99.999   *                   !
 93  HCO2+                   4.178D-13   141.000    *                  !
 94  C2+                     4.436D-14   476.000                       !
 95  C2H+                    6.532D-14   404.000                       !
 96  C2H2+                   3.574D-13   317.500                       !
 97  C2H3+                   2.969D-10   267.900                       !
 98  C3+                     1.389D-15   479.000    *                  !
 99  C3H+                    6.000D-16   381.000    *                  !
100  C3H2+                   7.498D-15   330.000   * **                !
101  C3H3+                   5.860D-12   282.000   * **                !
102  N+                      8.567D-14   447.690                       !
103  NH+                     4.386D-12   401.100                       !
104  NH2+                    2.096D-11   302.700                       !
105  NH3+                    1.100D-09   224.900                       !
106  NH4+                    3.149D-10   151.000    *                  !
107  CN+                     6.860D-15   429.300                       !
108  C2N+                    5.531D-14   410.000    *                  !
109  HCN+                    2.365D-11   346.000                       !
110  H2CN+                   3.437D-08   226.000    *                  !
111  H2NC+                   7.228D-12   265.000    *                  !
112  N2+                     1.507D-18   359.298                       !
113  N2H+                    2.409D-16   247.500                       !
114  NO+                     1.007D-11   235.330                       !
115  HNO+                    5.238D-15   256.800                       !
116  S+                      6.033D-10   304.000     --> S/H = 1.86e-5 !
117  SH+                     6.075D-10   271.800         A&G : 1.86e-5 !
118  H2S+                    1.064D-08   237.000                       !
119  H3S+                    1.285D-07   190.000 *                     !
120  CS+                     8.272D-13   324.000                       !
121  HCS+                    2.226D-09   243.000                       !
122  SO+                     2.450D-09   239.200                       !
123  HSO+                    3.185D-13   210.000                       !
124  HSO2+                   1.617D-18   143.000                       !
125  HOCS+                   1.531D-12   181.000                       !
126  Si+                     7.173D-07   295.000                       !
127  SiH+                    1.834D-06   271.820                       !
128  SiH2+                   2.651D-08   276.360   *                   !
129  SiH3+                   2.404D-07   237.320   *                   !
130  SiH4+                   3.635D-19   279.900                       !
131  SiH5+                   1.280D-15   219.380   *                   !
132  SiO+                    4.890D-10   239.520                       !
133  SiOH+                   4.898D-08   -99.999                       !
134  Fe+                     1.021D-08   280.240     LM: Fe/nH=1.5(-8) !
135  C54H18+                 4.759D-08   -99.999                       !
136  G+                      1.264D-11   -99.999                       !
137  Mg+                     1.408D-20   -99.999        PAH/nH = 1(-8) !
138  C54H18-                 6.889D-07   -99.999    Ngrain = 8.30(-11) !
139  G-                      4.585D-11    34.000                       !
140  H-                      1.408D-20   211.000                       !
