 In this file you can find the necessary data to rebuild Figure 6 of Schilke et al
       Jupper           TDV          TDV2 
   1.000E+000    3.570E+000    3.569E+000    8.034E-002    8.079E-002 
   2.000E+000    1.491E+001    1.489E+001    3.355E-001    3.371E-001 
   3.000E+000    3.153E+001    3.147E+001    7.095E-001    7.125E-001 
   4.000E+000    4.328E+001    4.313E+001    9.742E-001    9.763E-001 
   5.000E+000    4.443E+001    4.417E+001    1.000E+000    1.000E+000 
   6.000E+000    3.766E+001    3.734E+001    8.475E-001    8.454E-001 
   7.000E+000    2.790E+001    2.759E+001    6.279E-001    6.247E-001 
   8.000E+000    1.886E+001    1.859E+001    4.245E-001    4.209E-001 
   9.000E+000    1.203E+001    1.181E+001    2.707E-001    2.674E-001 
   1.000E+001    7.488E+000    7.319E+000    1.685E-001    1.657E-001 
   1.100E+001    4.652E+000    4.527E+000    1.047E-001    1.025E-001 
   1.200E+001    2.913E+000    2.819E+000    6.556E-002    6.382E-002 
   1.300E+001    1.836E+000    1.766E+000    4.132E-002    3.999E-002 
   1.400E+001    1.175E+000    1.124E+000    2.644E-002    2.544E-002 
   1.500E+001    7.534E-001    7.159E-001    1.696E-002    1.621E-002 
   1.600E+001    5.048E-001    4.762E-001    1.136E-002    1.078E-002 
   1.700E+001    3.420E-001    3.202E-001    7.697E-003    7.248E-003 
   1.800E+001    2.354E-001    2.186E-001    5.298E-003    4.949E-003 
   1.900E+001    1.637E-001    1.507E-001    3.684E-003    3.412E-003 
   2.000E+001    1.152E-001    1.051E-001    2.592E-003    2.379E-003 
   2.100E+001    8.096E-002    7.314E-002    1.822E-003    1.656E-003 
   2.200E+001    5.727E-002    5.120E-002    1.289E-003    1.159E-003 
   2.300E+001    4.067E-002    3.600E-002    9.154E-004    8.149E-004 
   2.400E+001    2.902E-002    2.540E-002    6.531E-004    5.750E-004 
   2.500E+001    2.078E-002    1.797E-002    4.676E-004    4.068E-004 
   2.600E+001    1.492E-002    1.274E-002    3.358E-004    2.885E-004 
   2.700E+001    1.073E-002    9.047E-003    2.415E-004    2.048E-004 
   2.800E+001    7.720E-003    6.425E-003    1.738E-004    1.455E-004 
   2.900E+001    5.563E-003    4.564E-003    1.252E-004    1.033E-004 
   3.000E+001    3.997E-003    3.232E-003    8.995E-005    7.317E-005 
   3.100E+001    2.867E-003    2.284E-003    6.453E-005    5.170E-005 
   3.200E+001    2.048E-003    1.606E-003    4.608E-005    3.636E-005 
   3.300E+001    1.454E-003    1.121E-003    3.272E-005    2.539E-005 
   3.400E+001    1.022E-003    7.750E-004    2.300E-005    1.755E-005 
   3.500E+001    7.080E-004    5.275E-004    1.594E-005    1.194E-005 
   3.600E+001    4.801E-004    3.511E-004    1.080E-005    7.950E-006 
   3.700E+001    3.143E-004    2.256E-004    7.074E-006    5.108E-006 
   3.800E+001    1.944E-004    1.368E-004    4.376E-006    3.098E-006 
   3.900E+001    1.079E-004    7.439E-005    2.428E-006    1.684E-006 
   4.000E+001    4.519E-005    3.052E-005    1.017E-006    6.908E-007 
