!---- list of chemical species --- Steady state at T =    42.23 K ---------------
!---- nH  = 41992.94   cm-3 ----------
!---- Av  =     0.10   mag -----------
!---- RAD =     1.00   ---------------
!---- N_H2_0 =  1.000E+20         cm-2 ----
!---- N_CO_0 =  1.000E+17         cm-2 ----
!---- WARNING : order = neutrals, species on mantles, ions >0, ions <0 ---------
!---- name, composition, initial density(n/nH), formation enthalpy (kCal/mol) --
!-------------------------------------------------------------------------------
  1  H                       5.755D-04    51.634                       !
  2  H2                      4.997D-01     0.000                       !
  3  He                      1.000D-01     0.000                       !
  4  C                       1.153D-05   169.980     --> C/H = 8.27e-5 !
  5  CH                      2.643D-08   141.600         A&G : 3.55e-4 !
  6  CH2                     2.910D-08    93.900                       !
  7  CH3                     1.757D-08    34.800                       !
  8  CH4                     2.616D-08   -15.970                       !
  9  O                       8.223D-05    58.980     --> O/H = 3.02e-4 !
 10  O2                      1.088D-07     0.000         A&G : 7.41e-4 !
 11  OH                      2.289D-07     9.250                       !
 12  H2O                     2.746D-07   -57.100                       !
 13  CO                      5.387D-05   -27.200                       !
 14  HCO                     5.882D-10   -99.999                       !
 15  CO2                     2.173D-10   -93.965                       !
 16  C2                      2.408D-09   198.200                       !
 17  C2H                     5.658D-10   113.300                       !
 18  C2H2                    2.349D-11    56.320                       !
 19  C3                      5.075D-13   194.000                       !
 20  C3H                     1.385D-12   177.000   ***                 !
 21  C3H2                    6.847D-13   114.000   ***                 !
 22  CH3OH                   8.643D-36   -99.999                       !
 23  H2CO                    5.693D-09   -99.999                       !
 24  HCO2H                   4.203D-06   -99.999                       !
 25  N                       3.407D-05   112.530     --> N/H = 7.94e-5 !
 26  NH                      1.471D-07    90.000         A&G : 9.33e-5 !
 27  NH2                     7.402D-08    46.200                       !
 28  NH3                     6.133D-08    -9.299                       !
 29  CN                      2.737D-08   103.200                       !
 30  HCN                     2.511D-09    32.390                       !
 31  HNC                     2.563D-09    48.000                       !
 32  N2                      4.141D-08     0.000                       !
 33  NO                      1.150D-08    21.460                       !
 34  S                       9.307D-06    65.600         A&G : 1.86e-5 !
 35  SH                      9.354D-09    32.600                       !
 36  H2S                     5.212D-09    -4.230                       !
 37  CS                      1.633D-09    63.000                       !
 38  SO                      4.238D-09     1.200                       !
 39  SO2                     8.429D-12   -70.300                       !
 40  OCS                     1.580D-14   -34.000                       !
 41  Si                      1.182D-06   106.700         A&G : 3.55e-5 !
 42  SiH                     8.780D-10    89.690                       !
 43  SiH2                    7.094D-10    69.140   *                   !
 44  SiH3                    4.434D-12    48.540   *                   !
 45  SiH4                    9.739D-10    11.000                       !
 46  SiO                     1.404D-08   -24.300                       !
 47  SiO2                    2.603D-12   -73.000                       !
 48  Mg                      1.955D-09    35.000                       !
 49  Fe                      9.464D-09    98.700                       !
 50  C54H18                  6.634D-07   -99.999     PAH/nH  =1(-6)    !
 51  G                       3.349D-11   -99.999    Ngrain = 8.30(-11) !
 52  H2O*                    1.013D-04               H2O*/nH =1.03(-4) !
 53  O2*                     9.414D-08                                 !
 54  CO*                     4.869D-05               CO*/nH  =8.27(-6) !
 55  CO2*                    1.605D-10               CO2*/nH =1.34(-5) !
 56  CH4*                    1.641D-05               CH4*/nH =1.55(-6) !
 57  NH3*                    4.494D-05               NH3*/nH =1.55(-5) !
 58  CH3OH*                  6.508D-33             CH3OH*/nH =1.86(-6) !
 59  H2CO*                   5.626D-09              H2CO*/nH =6.20(-6) !
 60  HCO2H*                  3.036D-06             HCO2H*/nH =7.24(-6) !
 61  OCS*                    9.986D-15               OCS*/nH =2.07(-7) !
 62  H2S*                    8.070D-06               H2S*/nH =3.72(-6) !
 63  SiH4*                   1.095D-06                                 !
 64  SiO*                    1.036D-08                                 !
 65  SiO2*                   1.645D-12                                 !
 66  Fe*                     6.205D-09                                 !
 67  O**                     1.515D-04              Noyaux = 4*3.50(-5)!
 68  Si**                    3.650D-05              Noyaux = 3.370(-5) !
 69  Mg**                    4.008D-05              Noyaux = 3.700(-5) !
 70  Fe**                    3.499D-05              Noyaux = 3.230(-5) !
 71  C**                     1.765D-04              Noyaux = 1.630(-4) !
 72  H+                      3.340D-09   365.200                       !
 73  H2+                     2.176D-11   355.700                       !
 74  H3+                     1.917D-08   265.000                       !
 75  He+                     5.882D-09   567.000                       !
 76  C+                      3.235D-07   429.700    --> C/H = 1.38e-4  !
 77  CH+                     1.208D-12   387.000         A&G : 3.55e-4 !
 78  CH2+                    2.838D-12   331.000                       !
 79  CH3+                    4.578D-10   262.000                       !
 80  CH4+                    2.419D-13   272.000   **                  !
 81  CH5+                    4.379D-12   216.000   *                   !
 82  O+                      5.225D-14   373.000                       !
 83  O2+                     4.137D-11   278.400                       !
 84  OH+                     2.586D-12   309.310                       !
 85  H2O+                    3.431D-12   233.700                       !
 86  H3O+                    1.719D-10   143.000                       !
 87  CO+                     1.154D-13   295.970                       !
 88  HCO+                    1.125D-09   197.300                       !
 89  H2CO+                   7.657D-12   -99.999                       !
 90  H3CO+                   4.158D-13   -99.999                       !
 91  CH3OH+                  9.178D-39   -99.999                       !
 92  CH5O+                   6.011D-41   -99.999   *                   !
 93  HCO2+                   1.149D-13   141.000    *                  !
 94  C2+                     6.519D-15   476.000                       !
 95  C2H+                    1.125D-14   404.000                       !
 96  C2H2+                   6.476D-12   317.500                       !
 97  C2H3+                   4.301D-12   267.900                       !
 98  C3+                     1.212D-15   479.000    *                  !
 99  C3H+                    6.646D-14   381.000    *                  !
100  C3H2+                   1.564D-16   330.000   * **                !
101  C3H3+                   3.691D-14   282.000   * **                !
102  N+                      1.094D-12   447.690                       !
103  NH+                     2.292D-14   401.100                       !
104  NH2+                    1.443D-12   302.700                       !
105  NH3+                    1.848D-10   224.900                       !
106  NH4+                    2.367D-11   151.000    *                  !
107  CN+                     7.422D-14   429.300                       !
108  C2N+                    2.922D-12   410.000    *                  !
109  HCN+                    1.412D-13   346.000                       !
110  H2CN+                   3.895D-11   226.000    *                  !
111  H2NC+                   6.915D-12   265.000    *                  !
112  N2+                     1.591D-16   359.298                       !
113  N2H+                    3.828D-13   247.500                       !
114  NO+                     2.628D-11   235.330                       !
115  HNO+                    1.246D-13   256.800                       !
116  S+                      1.641D-06   304.000     --> S/H = 1.86e-5 !
117  SH+                     3.358D-10   271.800         A&G : 1.86e-5 !
118  H2S+                    1.877D-11   237.000                       !
119  H3S+                    1.672D-13   190.000 *                     !
120  CS+                     1.548D-13   324.000                       !
121  HCS+                    6.010D-12   243.000                       !
122  SO+                     2.099D-10   239.200                       !
123  HSO+                    1.234D-13   210.000                       !
124  HSO2+                   1.641D-16   143.000                       !
125  HOCS+                   7.209D-16   181.000                       !
126  Si+                     7.683D-07   295.000                       !
127  SiH+                    2.294D-11   271.820                       !
128  SiH2+                   1.010D-11   276.360   *                   !
129  SiH3+                   1.849D-14   237.320   *                   !
130  SiH4+                   1.090D-17   279.900                       !
131  SiH5+                   2.290D-14   219.380   *                   !
132  SiO+                    7.735D-13   239.520                       !
133  SiOH+                   1.472D-10   -99.999                       !
134  Fe+                     1.065D-09   280.240     LM: Fe/nH=1.5(-8) !
135  C54H18+                 5.669D-09   -99.999                       !
136  G+                      5.358D-12   -99.999                       !
137  Mg+                     1.083D-20   -99.999        PAH/nH = 1(-8) !
138  C54H18-                 3.734D-07   -99.999    Ngrain = 8.30(-11) !
139  G-                      3.454D-11    34.000                       !
140  H-                      1.083D-20   211.000                       !
