 In this file you can find the necessary data to rebuild Figure 6 of Schilke et al
       Jupper           TDV          TDV2 
   1.000E+000    1.416E+006    1.417E+006    2.551E+000    2.567E+000 
   2.000E+000    1.326E+006    1.326E+006    2.389E+000    2.402E+000 
   3.000E+000    1.070E+006    1.069E+006    1.927E+000    1.936E+000 
   4.000E+000    7.266E+005    7.242E+005    1.309E+000    1.312E+000 
   5.000E+000    5.552E+005    5.520E+005    1.000E+000    1.000E+000 
   6.000E+000    4.530E+005    4.493E+005    8.160E-001    8.139E-001 
   7.000E+000    3.904E+005    3.861E+005    7.031E-001    6.993E-001 
   8.000E+000    3.466E+005    3.416E+005    6.242E-001    6.188E-001 
   9.000E+000    3.137E+005    3.081E+005    5.651E-001    5.580E-001 
   1.000E+001    2.875E+005    2.809E+005    5.178E-001    5.089E-001 
   1.100E+001    2.658E+005    2.586E+005    4.788E-001    4.685E-001 
   1.200E+001    2.484E+005    2.403E+005    4.473E-001    4.353E-001 
   1.300E+001    2.329E+005    2.241E+005    4.195E-001    4.059E-001 
   1.400E+001    2.193E+005    2.098E+005    3.950E-001    3.800E-001 
   1.500E+001    2.066E+005    1.962E+005    3.721E-001    3.555E-001 
   1.600E+001    1.963E+005    1.851E+005    3.535E-001    3.354E-001 
   1.700E+001    1.865E+005    1.745E+005    3.359E-001    3.162E-001 
   1.800E+001    1.786E+005    1.658E+005    3.217E-001    3.004E-001 
   1.900E+001    1.715E+005    1.579E+005    3.089E-001    2.860E-001 
   2.000E+001    1.650E+005    1.505E+005    2.972E-001    2.726E-001 
   2.100E+001    1.584E+005    1.431E+005    2.854E-001    2.593E-001 
   2.200E+001    1.525E+005    1.363E+005    2.747E-001    2.469E-001 
   2.300E+001    1.468E+005    1.299E+005    2.643E-001    2.353E-001 
   2.400E+001    1.414E+005    1.238E+005    2.547E-001    2.242E-001 
   2.500E+001    1.365E+005    1.180E+005    2.458E-001    2.138E-001 
   2.600E+001    1.316E+005    1.124E+005    2.371E-001    2.037E-001 
   2.700E+001    1.270E+005    1.071E+005    2.288E-001    1.940E-001 
   2.800E+001    1.223E+005    1.018E+005    2.202E-001    1.843E-001 
   2.900E+001    1.179E+005    9.671E+004    2.123E-001    1.752E-001 
   3.000E+001    1.132E+005    9.155E+004    2.039E-001    1.658E-001 
   3.100E+001    1.085E+005    8.642E+004    1.954E-001    1.565E-001 
   3.200E+001    1.037E+005    8.135E+004    1.868E-001    1.474E-001 
   3.300E+001    9.845E+004    7.595E+004    1.773E-001    1.376E-001 
   3.400E+001    9.336E+004    7.080E+004    1.682E-001    1.283E-001 
   3.500E+001    8.698E+004    6.481E+004    1.567E-001    1.174E-001 
   3.600E+001    8.051E+004    5.889E+004    1.450E-001    1.067E-001 
   3.700E+001    7.132E+004    5.120E+004    1.285E-001    9.276E-002 
   3.800E+001    6.148E+004    4.327E+004    1.107E-001    7.839E-002 
   3.900E+001    4.609E+004    3.178E+004    8.302E-002    5.758E-002 
   4.000E+001    2.543E+004    1.717E+004    4.580E-002    3.110E-002 
