!---- list of chemical species --- Steady state at T =    43.61 K ---------------
!---- nH  =  7301.86   cm-3 ----------
!---- Av  =     0.10   mag -----------
!---- RAD =     1.00   ---------------
!---- N_H2_0 =  1.000E+20         cm-2 ----
!---- N_CO_0 =  1.000E+17         cm-2 ----
!---- WARNING : order = neutrals, species on mantles, ions >0, ions <0 ---------
!---- name, composition, initial density(n/nH), formation enthalpy (kCal/mol) --
!-------------------------------------------------------------------------------
  1  H                       2.149D-03    51.634                       !
  2  H2                      4.989D-01     0.000                       !
  3  He                      9.997D-02     0.000                       !
  4  C                       5.231D-05   169.980     --> C/H = 8.27e-5 !
  5  CH                      5.152D-08   141.600         A&G : 3.55e-4 !
  6  CH2                     5.774D-08    93.900                       !
  7  CH3                     3.100D-08    34.800                       !
  8  CH4                     3.082D-08   -15.970                       !
  9  O                       2.125D-04    58.980     --> O/H = 3.02e-4 !
 10  O2                      3.492D-08     0.000         A&G : 7.41e-4 !
 11  OH                      1.681D-07     9.250                       !
 12  H2O                     1.407D-07   -57.100                       !
 13  CO                      7.117D-05   -27.200                       !
 14  HCO                     7.746D-10   -99.999                       !
 15  CO2                     1.147D-10   -93.965                       !
 16  C2                      1.311D-08   198.200                       !
 17  C2H                     2.522D-09   113.300                       !
 18  C2H2                    7.926D-11    56.320                       !
 19  C3                      1.396D-12   194.000                       !
 20  C3H                     3.757D-12   177.000   ***                 !
 21  C3H2                    1.789D-12   114.000   ***                 !
 22  CH3OH                   7.855D-49   -99.999                       !
 23  H2CO                    4.029D-09   -99.999                       !
 24  HCO2H                   7.173D-06   -99.999                       !
 25  N                       7.889D-05   112.530     --> N/H = 7.94e-5 !
 26  NH                      9.068D-08    90.000         A&G : 9.33e-5 !
 27  NH2                     4.388D-08    46.200                       !
 28  NH3                     3.444D-08    -9.299                       !
 29  CN                      2.954D-08   103.200                       !
 30  HCN                     3.434D-09    32.390                       !
 31  HNC                     3.667D-09    48.000                       !
 32  N2                      1.029D-08     0.000                       !
 33  NO                      2.891D-09    21.460                       !
 34  S                       1.244D-05    65.600         A&G : 1.86e-5 !
 35  SH                      4.927D-09    32.600                       !
 36  H2S                     1.854D-09    -4.230                       !
 37  CS                      1.160D-09    63.000                       !
 38  SO                      8.524D-10     1.200                       !
 39  SO2                     2.058D-13   -70.300                       !
 40  OCS                     8.141D-16   -34.000                       !
 41  Si                      9.383D-07   106.700         A&G : 3.55e-5 !
 42  SiH                     2.190D-10    89.690                       !
 43  SiH2                    1.678D-10    69.140   *                   !
 44  SiH3                    6.311D-13    48.540   *                   !
 45  SiH4                    2.107D-10    11.000                       !
 46  SiO                     2.689D-09   -24.300                       !
 47  SiO2                    4.412D-14   -73.000                       !
 48  Mg                      9.366D-09    35.000                       !
 49  Fe                      5.635D-08    98.700                       !
 50  C54H18                  9.669D-07   -99.999     PAH/nH  =1(-6)    !
 51  G                       5.298D-11   -99.999    Ngrain = 8.30(-11) !
 52  H2O*                    3.129D-06               H2O*/nH =1.03(-4) !
 53  O2*                     3.623D-10                                 !
 54  CO*                     7.463D-07               CO*/nH  =8.27(-6) !
 55  CO2*                    1.017D-12               CO2*/nH =1.34(-5) !
 56  CH4*                    8.838D-07               CH4*/nH =1.55(-6) !
 57  NH3*                    1.234D-06               NH3*/nH =1.55(-5) !
 58  CH3OH*                  1.515D-47             CH3OH*/nH =1.86(-6) !
 59  H2CO*                   5.170D-11              H2CO*/nH =6.20(-6) !
 60  HCO2H*                  6.218D-08             HCO2H*/nH =7.24(-6) !
 61  OCS*                    6.176D-18               OCS*/nH =2.07(-7) !
 62  H2S*                    1.293D-07               H2S*/nH =3.72(-6) !
 63  SiH4*                   1.042D-08                                 !
 64  SiO*                    2.381D-11                                 !
 65  SiO2*                   3.347D-16                                 !
 66  Fe*                     4.434D-10                                 !
 67  O**                     5.507D-04              Noyaux = 4*3.50(-5)!
 68  Si**                    1.326D-04              Noyaux = 3.370(-5) !
 69  Mg**                    1.456D-04              Noyaux = 3.700(-5) !
 70  Fe**                    1.271D-04              Noyaux = 3.230(-5) !
 71  C**                     6.413D-04              Noyaux = 1.630(-4) !
 72  H+                      1.234D-08   365.200                       !
 73  H2+                     1.249D-10   355.700                       !
 74  H3+                     3.075D-08   265.000                       !
 75  He+                     2.467D-08   567.000                       !
 76  C+                      5.599D-06   429.700    --> C/H = 1.38e-4  !
 77  CH+                     1.062D-11   387.000         A&G : 3.55e-4 !
 78  CH2+                    2.786D-11   331.000                       !
 79  CH3+                    6.862D-10   262.000                       !
 80  CH4+                    7.781D-13   272.000   **                  !
 81  CH5+                    1.849D-12   216.000   *                   !
 82  O+                      4.593D-13   373.000                       !
 83  O2+                     1.159D-11   278.400                       !
 84  OH+                     1.104D-11   309.310                       !
 85  H2O+                    1.383D-11   233.700                       !
 86  H3O+                    1.036D-10   143.000                       !
 87  CO+                     1.283D-12   295.970                       !
 88  HCO+                    7.526D-10   197.300                       !
 89  H2CO+                   4.665D-12   -99.999                       !
 90  H3CO+                   6.982D-14   -99.999                       !
 91  CH3OH+                  3.144D-51   -99.999                       !
 92  CH5O+                   1.217D-51   -99.999   *                   !
 93  HCO2+                   9.041D-15   141.000    *                  !
 94  C2+                     2.119D-13   476.000                       !
 95  C2H+                    3.712D-13   404.000                       !
 96  C2H2+                   2.925D-11   317.500                       !
 97  C2H3+                   1.318D-11   267.900                       !
 98  C3+                     8.708D-14   479.000    *                  !
 99  C3H+                    1.015D-12   381.000    *                  !
100  C3H2+                   4.379D-16   330.000   * **                !
101  C3H3+                   8.188D-14   282.000   * **                !
102  N+                      7.285D-12   447.690                       !
103  NH+                     1.233D-13   401.100                       !
104  NH2+                    4.685D-12   302.700                       !
105  NH3+                    1.352D-10   224.900                       !
106  NH4+                    2.647D-12   151.000    *                  !
107  CN+                     7.824D-13   429.300                       !
108  C2N+                    1.060D-11   410.000    *                  !
109  HCN+                    1.413D-12   346.000                       !
110  H2CN+                   5.692D-11   226.000    *                  !
111  H2NC+                   1.010D-11   265.000    *                  !
112  N2+                     1.645D-16   359.298                       !
113  N2H+                    2.701D-14   247.500                       !
114  NO+                     8.217D-12   235.330                       !
115  HNO+                    7.614D-15   256.800                       !
116  S+                      8.786D-06   304.000     --> S/H = 1.86e-5 !
117  SH+                     1.142D-10   271.800         A&G : 1.86e-5 !
118  H2S+                    8.690D-12   237.000                       !
119  H3S+                    1.240D-14   190.000 *                     !
120  CS+                     1.377D-12   324.000                       !
121  HCS+                    7.142D-12   243.000                       !
122  SO+                     1.113D-10   239.200                       !
123  HSO+                    5.904D-15   210.000                       !
124  HSO2+                   9.661D-19   143.000                       !
125  HOCS+                   3.265D-17   181.000                       !
126  Si+                     2.311D-06   295.000                       !
127  SiH+                    5.147D-12   271.820                       !
128  SiH2+                   2.220D-12   276.360   *                   !
129  SiH3+                   1.650D-15   237.320   *                   !
130  SiH4+                   7.965D-18   279.900                       !
131  SiH5+                   1.333D-15   219.380   *                   !
132  SiO+                    1.544D-12   239.520                       !
133  SiOH+                   3.799D-11   -99.999                       !
134  Fe+                     2.891D-08   280.240     LM: Fe/nH=1.5(-8) !
135  C54H18+                 7.208D-09   -99.999                       !
136  G+                      4.899D-12   -99.999                       !
137  Mg+                     3.937D-20   -99.999        PAH/nH = 1(-8) !
138  C54H18-                 5.896D-07   -99.999    Ngrain = 8.30(-11) !
139  G-                      7.467D-11    34.000                       !
140  H-                      3.937D-20   211.000                       !
