 In this file you can find the necessary data to rebuild Figure 6 of Schilke et al
       Jupper           TDV          TDV2 
   1.000E+000    3.306E+005    3.307E+005    1.507E+000    1.516E+000 
   2.000E+000    2.896E+005    2.894E+005    1.320E+000    1.327E+000 
   3.000E+000    2.828E+005    2.824E+005    1.289E+000    1.295E+000 
   4.000E+000    2.456E+005    2.447E+005    1.119E+000    1.122E+000 
   5.000E+000    2.194E+005    2.181E+005    1.000E+000    1.000E+000 
   6.000E+000    1.977E+005    1.960E+005    9.011E-001    8.988E-001 
   7.000E+000    1.817E+005    1.797E+005    8.282E-001    8.238E-001 
   8.000E+000    1.688E+005    1.664E+005    7.694E-001    7.628E-001 
   9.000E+000    1.583E+005    1.554E+005    7.215E-001    7.126E-001 
   1.000E+001    1.493E+005    1.459E+005    6.807E-001    6.691E-001 
   1.100E+001    1.415E+005    1.377E+005    6.451E-001    6.314E-001 
   1.200E+001    1.350E+005    1.306E+005    6.153E-001    5.988E-001 
   1.300E+001    1.289E+005    1.240E+005    5.874E-001    5.683E-001 
   1.400E+001    1.232E+005    1.178E+005    5.616E-001    5.402E-001 
   1.500E+001    1.176E+005    1.117E+005    5.360E-001    5.121E-001 
   1.600E+001    1.130E+005    1.066E+005    5.149E-001    4.885E-001 
   1.700E+001    1.084E+005    1.014E+005    4.939E-001    4.650E-001 
   1.800E+001    1.046E+005    9.712E+004    4.768E-001    4.452E-001 
   1.900E+001    1.011E+005    9.308E+004    4.609E-001    4.267E-001 
   2.000E+001    9.786E+004    8.926E+004    4.460E-001    4.092E-001 
   2.100E+001    9.447E+004    8.534E+004    4.306E-001    3.912E-001 
   2.200E+001    9.135E+004    8.166E+004    4.164E-001    3.744E-001 
   2.300E+001    8.830E+004    7.813E+004    4.025E-001    3.582E-001 
   2.400E+001    8.542E+004    7.475E+004    3.893E-001    3.427E-001 
   2.500E+001    8.272E+004    7.154E+004    3.770E-001    3.279E-001 
   2.600E+001    8.003E+004    6.835E+004    3.648E-001    3.134E-001 
   2.700E+001    7.745E+004    6.530E+004    3.530E-001    2.993E-001 
   2.800E+001    7.477E+004    6.222E+004    3.408E-001    2.852E-001 
   2.900E+001    7.228E+004    5.930E+004    3.295E-001    2.718E-001 
   3.000E+001    6.962E+004    5.629E+004    3.173E-001    2.581E-001 
   3.100E+001    6.690E+004    5.329E+004    3.049E-001    2.443E-001 
   3.200E+001    6.415E+004    5.031E+004    2.924E-001    2.306E-001 
   3.300E+001    6.110E+004    4.714E+004    2.785E-001    2.161E-001 
   3.400E+001    5.815E+004    4.410E+004    2.650E-001    2.022E-001 
   3.500E+001    5.445E+004    4.057E+004    2.482E-001    1.860E-001 
   3.600E+001    5.067E+004    3.707E+004    2.310E-001    1.699E-001 
   3.700E+001    4.526E+004    3.250E+004    2.063E-001    1.490E-001 
   3.800E+001    3.943E+004    2.776E+004    1.797E-001    1.272E-001 
   3.900E+001    3.002E+004    2.070E+004    1.369E-001    9.492E-002 
   4.000E+001    1.696E+004    1.145E+004    7.731E-002    5.251E-002 
