!---- list of chemical species --- Steady state at T =    37.35 K ---------------
!---- nH  =  5824.28   cm-3 ----------
!---- Av  =     0.10   mag -----------
!---- RAD =     1.00   ---------------
!---- N_H2_0 =  1.000E+20         cm-2 ----
!---- N_CO_0 =  1.000E+17         cm-2 ----
!---- WARNING : order = neutrals, species on mantles, ions >0, ions <0 ---------
!---- name, composition, initial density(n/nH), formation enthalpy (kCal/mol) --
!-------------------------------------------------------------------------------
  1  H                       3.713D-03    51.634                       !
  2  H2                      4.981D-01     0.000                       !
  3  He                      9.993D-02     0.000                       !
  4  C                       7.575D-05   169.980     --> C/H = 8.27e-5 !
  5  CH                      4.503D-08   141.600         A&G : 3.55e-4 !
  6  CH2                     4.872D-08    93.900                       !
  7  CH3                     2.270D-08    34.800                       !
  8  CH4                     2.524D-08   -15.970                       !
  9  O                       3.551D-04    58.980     --> O/H = 3.02e-4 !
 10  O2                      3.450D-08     0.000         A&G : 7.41e-4 !
 11  OH                      1.209D-07     9.250                       !
 12  H2O                     1.124D-07   -57.100                       !
 13  CO                      7.886D-05   -27.200                       !
 14  HCO                     6.328D-10   -99.999                       !
 15  CO2                     1.205D-10   -93.965                       !
 16  C2                      1.381D-08   198.200                       !
 17  C2H                     2.743D-09   113.300                       !
 18  C2H2                    8.433D-11    56.320                       !
 19  C3                      1.120D-12   194.000                       !
 20  C3H                     3.022D-12   177.000   ***                 !
 21  C3H2                    1.455D-12   114.000   ***                 !
 22  CH3OH                   9.522D-49   -99.999                       !
 23  H2CO                    3.102D-09   -99.999                       !
 24  HCO2H                   1.486D-05   -99.999                       !
 25  N                       8.786D-05   112.530     --> N/H = 7.94e-5 !
 26  NH                      5.450D-08    90.000         A&G : 9.33e-5 !
 27  NH2                     2.789D-08    46.200                       !
 28  NH3                     2.017D-08    -9.299                       !
 29  CN                      2.225D-08   103.200                       !
 30  HCN                     2.529D-09    32.390                       !
 31  HNC                     2.752D-09    48.000                       !
 32  N2                      5.062D-09     0.000                       !
 33  NO                      1.352D-09    21.460                       !
 34  S                       2.093D-05    65.600         A&G : 1.86e-5 !
 35  SH                      4.930D-09    32.600                       !
 36  H2S                     1.783D-09    -4.230                       !
 37  CS                      1.553D-09    63.000                       !
 38  SO                      9.830D-10     1.200                       !
 39  SO2                     1.367D-13   -70.300                       !
 40  OCS                     4.178D-16   -34.000                       !
 41  Si                      8.176D-07   106.700         A&G : 3.55e-5 !
 42  SiH                     1.032D-10    89.690                       !
 43  SiH2                    7.866D-11    69.140   *                   !
 44  SiH3                    3.748D-13    48.540   *                   !
 45  SiH4                    1.060D-10    11.000                       !
 46  SiO                     1.739D-09   -24.300                       !
 47  SiO2                    1.505D-14   -73.000                       !
 48  Mg                      9.993D-21    35.000                       !
 49  Fe                      2.489D-08    98.700                       !
 50  C54H18                  8.709D-07   -99.999     PAH/nH  =1(-6)    !
 51  G                       4.128D-11   -99.999    Ngrain = 8.30(-11) !
 52  H2O*                    3.093D-06               H2O*/nH =1.03(-4) !
 53  O2*                     2.120D-10                                 !
 54  CO*                     4.925D-07               CO*/nH  =8.27(-6) !
 55  CO2*                    6.328D-13               CO2*/nH =1.34(-5) !
 56  CH4*                    7.574D-07               CH4*/nH =1.55(-6) !
 57  NH3*                    8.136D-07               NH3*/nH =1.55(-5) !
 58  CH3OH*                  2.076D-47             CH3OH*/nH =1.86(-6) !
 59  H2CO*                   2.381D-11              H2CO*/nH =6.20(-6) !
 60  HCO2H*                  7.631D-08             HCO2H*/nH =7.24(-6) !
 61  OCS*                    1.877D-18               OCS*/nH =2.07(-7) !
 62  H2S*                    1.288D-07               H2S*/nH =3.72(-6) !
 63  SiH4*                   5.375D-09                                 !
 64  SiO*                    9.124D-12                                 !
 65  SiO2*                   6.764D-17                                 !
 66  Fe*                     1.160D-10                                 !
 67  O**                     4.205D-04              Noyaux = 4*3.50(-5)!
 68  Si**                    1.013D-04              Noyaux = 3.370(-5) !
 69  Mg**                    1.112D-04              Noyaux = 3.700(-5) !
 70  Fe**                    9.709D-05              Noyaux = 3.230(-5) !
 71  C**                     4.896D-04              Noyaux = 1.630(-4) !
 72  H+                      1.540D-08   365.200                       !
 73  H2+                     1.563D-10   355.700                       !
 74  H3+                     2.187D-08   265.000                       !
 75  He+                     2.948D-08   567.000                       !
 76  C+                      9.356D-06   429.700    --> C/H = 1.38e-4  !
 77  CH+                     1.141D-11   387.000         A&G : 3.55e-4 !
 78  CH2+                    3.144D-11   331.000                       !
 79  CH3+                    3.861D-10   262.000                       !
 80  CH4+                    4.972D-13   272.000   **                  !
 81  CH5+                    6.053D-13   216.000   *                   !
 82  O+                      8.637D-13   373.000                       !
 83  O2+                     6.994D-12   278.400                       !
 84  OH+                     1.353D-11   309.310                       !
 85  H2O+                    1.625D-11   233.700                       !
 86  H3O+                    6.102D-11   143.000                       !
 87  CO+                     1.592D-12   295.970                       !
 88  HCO+                    4.535D-10   197.300                       !
 89  H2CO+                   2.264D-12   -99.999                       !
 90  H3CO+                   2.078D-14   -99.999                       !
 91  CH3OH+                  2.594D-51   -99.999                       !
 92  CH5O+                   9.967D-52   -99.999   *                   !
 93  HCO2+                   2.054D-15   141.000    *                  !
 94  C2+                     2.963D-13   476.000                       !
 95  C2H+                    5.147D-13   404.000                       !
 96  C2H2+                   2.032D-11   317.500                       !
 97  C2H3+                   9.062D-12   267.900                       !
 98  C3+                     1.469D-13   479.000    *                  !
 99  C3H+                    8.903D-13   381.000    *                  !
100  C3H2+                   3.381D-17   330.000   * **                !
101  C3H3+                   4.206D-14   282.000   * **                !
102  N+                      1.678D-11   447.690                       !
103  NH+                     1.293D-13   401.100                       !
104  NH2+                    3.556D-12   302.700                       !
105  NH3+                    6.259D-11   224.900                       !
106  NH4+                    6.120D-13   151.000    *                  !
107  CN+                     7.753D-13   429.300                       !
108  C2N+                    6.620D-12   410.000    *                  !
109  HCN+                    1.400D-12   346.000                       !
110  H2CN+                   2.815D-11   226.000    *                  !
111  H2NC+                   4.966D-12   265.000    *                  !
112  N2+                     1.003D-16   359.298                       !
113  N2H+                    5.002D-15   247.500                       !
114  NO+                     2.978D-12   235.330                       !
115  HNO+                    1.274D-15   256.800                       !
116  S+                      1.846D-05   304.000     --> S/H = 1.86e-5 !
117  SH+                     6.960D-11   271.800         A&G : 1.86e-5 !
118  H2S+                    6.922D-12   237.000                       !
119  H3S+                    4.275D-15   190.000 *                     !
120  CS+                     2.397D-12   324.000                       !
121  HCS+                    6.063D-12   243.000                       !
122  SO+                     8.440D-11   239.200                       !
123  HSO+                    2.430D-15   210.000                       !
124  HSO2+                   2.294D-19   143.000                       !
125  HOCS+                   1.064D-17   181.000                       !
126  Si+                     2.534D-06   295.000                       !
127  SiH+                    1.676D-12   271.820                       !
128  SiH2+                   7.410D-13   276.360   *                   !
129  SiH3+                   4.545D-16   237.320   *                   !
130  SiH4+                   4.770D-18   279.900                       !
131  SiH5+                   2.773D-16   219.380   *                   !
132  SiO+                    1.162D-12   239.520                       !
133  SiOH+                   1.631D-11   -99.999                       !
134  Fe+                     1.726D-08   280.240     LM: Fe/nH=1.5(-8) !
135  C54H18+                 4.233D-09   -99.999                       !
136  G+                      2.441D-12   -99.999                       !
137  Mg+                     3.006D-20   -99.999        PAH/nH = 1(-8) !
138  C54H18-                 5.678D-07   -99.999    Ngrain = 8.30(-11) !
139  G-                      8.032D-11    34.000                       !
140  H-                      3.006D-20   211.000                       !
