 In this file you can find the necessary data to rebuild Figure 6 of Schilke et al
       Jupper           TDV          TDV2 
   1.000E+000    1.351E+005    1.351E+005    9.940E-001    9.996E-001 
   2.000E+000    1.342E+005    1.341E+005    9.873E-001    9.922E-001 
   3.000E+000    1.345E+005    1.343E+005    9.899E-001    9.940E-001 
   4.000E+000    1.352E+005    1.347E+005    9.949E-001    9.971E-001 
   5.000E+000    1.359E+005    1.351E+005    1.000E+000    1.000E+000 
   6.000E+000    1.365E+005    1.354E+005    1.004E+000    1.002E+000 
   7.000E+000    1.370E+005    1.356E+005    1.008E+000    1.003E+000 
   8.000E+000    1.374E+005    1.355E+005    1.011E+000    1.003E+000 
   9.000E+000    1.378E+005    1.353E+005    1.014E+000    1.001E+000 
   1.000E+001    1.380E+005    1.349E+005    1.016E+000    9.984E-001 
   1.100E+001    1.382E+005    1.345E+005    1.017E+000    9.955E-001 
   1.200E+001    1.385E+005    1.340E+005    1.019E+000    9.918E-001 
   1.300E+001    1.387E+005    1.334E+005    1.020E+000    9.874E-001 
   1.400E+001    1.387E+005    1.327E+005    1.021E+000    9.819E-001 
   1.500E+001    1.387E+005    1.318E+005    1.021E+000    9.755E-001 
   1.600E+001    1.387E+005    1.309E+005    1.021E+000    9.683E-001 
   1.700E+001    1.386E+005    1.298E+005    1.020E+000    9.605E-001 
   1.800E+001    1.385E+005    1.286E+005    1.019E+000    9.520E-001 
   1.900E+001    1.384E+005    1.275E+005    1.019E+000    9.431E-001 
   2.000E+001    1.383E+005    1.262E+005    1.018E+000    9.339E-001 
   2.100E+001    1.381E+005    1.248E+005    1.016E+000    9.236E-001 
   2.200E+001    1.380E+005    1.233E+005    1.015E+000    9.127E-001 
   2.300E+001    1.377E+005    1.219E+005    1.013E+000    9.020E-001 
   2.400E+001    1.374E+005    1.203E+005    1.011E+000    8.902E-001 
   2.500E+001    1.372E+005    1.187E+005    1.010E+000    8.784E-001 
   2.600E+001    1.369E+005    1.170E+005    1.007E+000    8.655E-001 
   2.700E+001    1.367E+005    1.152E+005    1.006E+000    8.527E-001 
   2.800E+001    1.362E+005    1.134E+005    1.002E+000    8.390E-001 
   2.900E+001    1.359E+005    1.115E+005    1.000E+000    8.252E-001 
   3.000E+001    1.354E+005    1.095E+005    9.966E-001    8.105E-001 
   3.100E+001    1.349E+005    1.074E+005    9.924E-001    7.950E-001 
   3.200E+001    1.344E+005    1.054E+005    9.889E-001    7.800E-001 
   3.300E+001    1.333E+005    1.028E+005    9.808E-001    7.610E-001 
   3.400E+001    1.328E+005    1.007E+005    9.771E-001    7.452E-001 
   3.500E+001    1.305E+005    9.727E+004    9.606E-001    7.198E-001 
   3.600E+001    1.295E+005    9.473E+004    9.529E-001    7.010E-001 
   3.700E+001    1.244E+005    8.931E+004    9.154E-001    6.609E-001 
   3.800E+001    1.199E+005    8.441E+004    8.825E-001    6.246E-001 
   3.900E+001    1.058E+005    7.296E+004    7.785E-001    5.399E-001 
   4.000E+001    7.477E+004    5.049E+004    5.502E-001    3.736E-001 
