!---- list of chemical species --- Steady state at T =    45.38 K ---------------
!---- nH  = ********   cm-3 ----------
!---- Av  =     0.10   mag -----------
!---- RAD =     1.00   ---------------
!---- N_H2_0 =  1.000E+20         cm-2 ----
!---- N_CO_0 =  1.000E+17         cm-2 ----
!---- WARNING : order = neutrals, species on mantles, ions >0, ions <0 ---------
!---- name, composition, initial density(n/nH), formation enthalpy (kCal/mol) --
!-------------------------------------------------------------------------------
  1  H                       1.646D-04    51.634                       !
  2  H2                      4.999D-01     0.000                       !
  3  He                      1.000D-01     0.000                       !
  4  C                       2.440D-06   169.980     --> C/H = 8.27e-5 !
  5  CH                      1.569D-08   141.600         A&G : 3.55e-4 !
  6  CH2                     1.550D-08    93.900                       !
  7  CH3                     1.547D-08    34.800                       !
  8  CH4                     2.188D-08   -15.970                       !
  9  O                       2.822D-05    58.980     --> O/H = 3.02e-4 !
 10  O2                      1.278D-07     0.000         A&G : 7.41e-4 !
 11  OH                      3.041D-07     9.250                       !
 12  H2O                     3.747D-07   -57.100                       !
 13  CO                      2.449D-05   -27.200                       !
 14  HCO                     3.879D-10   -99.999                       !
 15  CO2                     2.055D-10   -93.965                       !
 16  C2                      5.180D-10   198.200                       !
 17  C2H                     1.279D-10   113.300                       !
 18  C2H2                    6.173D-12    56.320                       !
 19  C3                      7.835D-14   194.000                       !
 20  C3H                     2.136D-13   177.000   ***                 !
 21  C3H2                    1.051D-13   114.000   ***                 !
 22  CH3OH                   7.328D-15   -99.999                       !
 23  H2CO                    5.324D-09   -99.999                       !
 24  HCO2H                   1.852D-06   -99.999                       !
 25  N                       1.215D-05   112.530     --> N/H = 7.94e-5 !
 26  NH                      1.966D-07    90.000         A&G : 9.33e-5 !
 27  NH2                     9.002D-08    46.200                       !
 28  NH3                     8.785D-08    -9.299                       !
 29  CN                      1.608D-08   103.200                       !
 30  HCN                     1.262D-09    32.390                       !
 31  HNC                     1.251D-09    48.000                       !
 32  N2                      5.234D-08     0.000                       !
 33  NO                      1.752D-08    21.460                       !
 34  S                       4.096D-06    65.600         A&G : 1.86e-5 !
 35  SH                      1.356D-08    32.600                       !
 36  H2S                     7.962D-09    -4.230                       !
 37  CS                      1.194D-09    63.000                       !
 38  SO                      6.181D-09     1.200                       !
 39  SO2                     4.281D-11   -70.300                       !
 40  OCS                     7.054D-14   -34.000                       !
 41  Si                      6.188D-07   106.700         A&G : 3.55e-5 !
 42  SiH                     1.528D-09    89.690                       !
 43  SiH2                    1.367D-09    69.140   *                   !
 44  SiH3                    7.960D-12    48.540   *                   !
 45  SiH4                    1.758D-09    11.000                       !
 46  SiO                     1.899D-08   -24.300                       !
 47  SiO2                    1.385D-11   -73.000                       !
 48  Mg                      2.060D-07    35.000                       !
 49  Fe                      5.592D-08    98.700                       !
 50  C54H18                  7.767D-07   -99.999     PAH/nH  =1(-6)    !
 51  G                       3.999D-11   -99.999    Ngrain = 8.30(-11) !
 52  H2O*                    1.453D-04               H2O*/nH =1.03(-4) !
 53  O2*                     3.852D-07                                 !
 54  CO*                     8.818D-05               CO*/nH  =8.27(-6) !
 55  CO2*                    7.519D-10               CO2*/nH =1.34(-5) !
 56  CH4*                    1.595D-05               CH4*/nH =1.55(-6) !
 57  NH3*                    6.679D-05               NH3*/nH =1.55(-5) !
 58  CH3OH*                  6.159D-12             CH3OH*/nH =1.86(-6) !
 59  H2CO*                   1.879D-08              H2CO*/nH =6.20(-6) !
 60  HCO2H*                  5.389D-06             HCO2H*/nH =7.24(-6) !
 61  OCS*                    2.416D-13               OCS*/nH =2.07(-7) !
 62  H2S*                    1.442D-05               H2S*/nH =3.72(-6) !
 63  SiH4*                   2.329D-06                                 !
 64  SiO*                    5.198D-08                                 !
 65  SiO2*                   4.480D-11                                 !
 66  Fe*                     1.471D-07                                 !
 67  O**                     1.556D-04              Noyaux = 4*3.50(-5)!
 68  Si**                    3.745D-05              Noyaux = 3.370(-5) !
 69  Mg**                    4.114D-05              Noyaux = 3.700(-5) !
 70  Fe**                    3.590D-05              Noyaux = 3.230(-5) !
 71  C**                     1.819D-04              Noyaux = 1.630(-4) !
 72  H+                      1.983D-09   365.200                       !
 73  H2+                     8.317D-12   355.700                       !
 74  H3+                     1.643D-08   265.000                       !
 75  He+                     3.152D-09   567.000                       !
 76  C+                      3.882D-08   429.700    --> C/H = 1.38e-4  !
 77  CH+                     2.443D-13   387.000         A&G : 3.55e-4 !
 78  CH2+                    5.597D-13   331.000                       !
 79  CH3+                    5.329D-10   262.000                       !
 80  CH4+                    1.095D-13   272.000   **                  !
 81  CH5+                    1.435D-11   216.000   *                   !
 82  O+                      8.743D-15   373.000                       !
 83  O2+                     1.105D-10   278.400                       !
 84  OH+                     7.589D-13   309.310                       !
 85  H2O+                    1.093D-12   233.700                       !
 86  H3O+                    3.257D-10   143.000                       !
 87  CO+                     1.828D-14   295.970                       !
 88  HCO+                    1.883D-09   197.300                       !
 89  H2CO+                   1.619D-11   -99.999                       !
 90  H3CO+                   1.894D-12   -99.999                       !
 91  CH3OH+                  1.751D-17   -99.999                       !
 92  CH5O+                   2.518D-19   -99.999   *                   !
 93  HCO2+                   1.373D-12   141.000    *                  !
 94  C2+                     4.895D-16   476.000                       !
 95  C2H+                    7.846D-16   404.000                       !
 96  C2H2+                   2.934D-12   317.500                       !
 97  C2H3+                   2.548D-12   267.900                       !
 98  C3+                     3.341D-17   479.000    *                  !
 99  C3H+                    4.188D-15   381.000    *                  !
100  C3H2+                   1.308D-16   330.000   * **                !
101  C3H3+                   1.280D-14   282.000   * **                !
102  N+                      2.234D-13   447.690                       !
103  NH+                     9.372D-15   401.100                       !
104  NH2+                    6.947D-13   302.700                       !
105  NH3+                    1.749D-10   224.900                       !
106  NH4+                    1.301D-10   151.000    *                  !
107  CN+                     1.193D-14   429.300                       !
108  C2N+                    1.034D-12   410.000    *                  !
109  HCN+                    2.303D-14   346.000                       !
110  H2CN+                   3.981D-11   226.000    *                  !
111  H2NC+                   7.023D-12   265.000    *                  !
112  N2+                     1.059D-16   359.298                       !
113  N2H+                    2.370D-12   247.500                       !
114  NO+                     7.211D-11   235.330                       !
115  HNO+                    9.447D-13   256.800                       !
116  S+                      3.868D-07   304.000     --> S/H = 1.86e-5 !
117  SH+                     6.995D-10   271.800         A&G : 1.86e-5 !
118  H2S+                    4.666D-11   237.000                       !
119  H3S+                    1.429D-12   190.000 *                     !
120  CS+                     2.791D-14   324.000                       !
121  HCS+                    7.800D-12   243.000                       !
122  SO+                     4.337D-10   239.200                       !
123  HSO+                    9.306D-13   210.000                       !
124  HSO2+                   4.220D-15   143.000                       !
125  HOCS+                   7.236D-15   181.000                       !
126  Si+                     2.133D-07   295.000                       !
127  SiH+                    5.037D-11   271.820                       !
128  SiH2+                   2.327D-11   276.360   *                   !
129  SiH3+                   1.484D-13   237.320   *                   !
130  SiH4+                   1.392D-17   279.900                       !
131  SiH5+                   2.091D-13   219.380   *                   !
132  SiO+                    3.015D-13   239.520                       !
133  SiOH+                   3.283D-10   -99.999                       !
134  Fe+                     3.169D-09   280.240     LM: Fe/nH=1.5(-8) !
135  C54H18+                 1.459D-08   -99.999                       !
136  G+                      1.585D-11   -99.999                       !
137  Mg+                     1.118D-20   -99.999        PAH/nH = 1(-8) !
138  C54H18-                 2.632D-07   -99.999    Ngrain = 8.30(-11) !
139  G-                      1.876D-11    34.000                       !
140  H-                      1.118D-20   211.000                       !
