 In this file you can find the necessary data to rebuild Figure 6 of Schilke et al
       Jupper           TDV          TDV2 
   1.000E+000    6.938E+005    6.514E+005    5.989E-001    5.646E-001 
   2.000E+000    1.001E+006    9.166E+005    8.638E-001    7.943E-001 
   3.000E+000    1.053E+006    1.046E+006    9.087E-001    9.067E-001 
   4.000E+000    1.123E+006    1.121E+006    9.690E-001    9.715E-001 
   5.000E+000    1.159E+006    1.154E+006    1.000E+000    1.000E+000 
   6.000E+000    1.188E+006    1.180E+006    1.025E+000    1.022E+000 
   7.000E+000    1.211E+006    1.200E+006    1.046E+000    1.040E+000 
   8.000E+000    1.226E+006    1.210E+006    1.058E+000    1.048E+000 
   9.000E+000    1.236E+006    1.215E+006    1.067E+000    1.053E+000 
   1.000E+001    1.250E+006    1.224E+006    1.079E+000    1.060E+000 
   1.100E+001    1.259E+006    1.227E+006    1.087E+000    1.063E+000 
   1.200E+001    1.269E+006    1.229E+006    1.095E+000    1.065E+000 
   1.300E+001    1.277E+006    1.230E+006    1.102E+000    1.066E+000 
   1.400E+001    1.288E+006    1.233E+006    1.112E+000    1.069E+000 
   1.500E+001    1.297E+006    1.233E+006    1.119E+000    1.069E+000 
   1.600E+001    1.311E+006    1.238E+006    1.131E+000    1.073E+000 
   1.700E+001    1.330E+006    1.246E+006    1.148E+000    1.080E+000 
   1.800E+001    1.351E+006    1.255E+006    1.166E+000    1.088E+000 
   1.900E+001    1.370E+006    1.262E+006    1.182E+000    1.093E+000 
   2.000E+001    1.386E+006    1.265E+006    1.196E+000    1.096E+000 
   2.100E+001    1.396E+006    1.262E+006    1.205E+000    1.094E+000 
   2.200E+001    1.405E+006    1.257E+006    1.213E+000    1.089E+000 
   2.300E+001    1.411E+006    1.250E+006    1.218E+000    1.083E+000 
   2.400E+001    1.416E+006    1.240E+006    1.222E+000    1.074E+000 
   2.500E+001    1.419E+006    1.228E+006    1.225E+000    1.064E+000 
   2.600E+001    1.420E+006    1.213E+006    1.225E+000    1.051E+000 
   2.700E+001    1.419E+006    1.196E+006    1.224E+000    1.037E+000 
   2.800E+001    1.413E+006    1.177E+006    1.220E+000    1.020E+000 
   2.900E+001    1.405E+006    1.153E+006    1.213E+000    9.996E-001 
   3.000E+001    1.394E+006    1.127E+006    1.203E+000    9.768E-001 
   3.100E+001    1.374E+006    1.095E+006    1.186E+000    9.488E-001 
   3.200E+001    1.352E+006    1.061E+006    1.167E+000    9.191E-001 
   3.300E+001    1.314E+006    1.014E+006    1.134E+000    8.786E-001 
   3.400E+001    1.274E+006    9.660E+005    1.099E+000    8.372E-001 
   3.500E+001    1.202E+006    8.954E+005    1.037E+000    7.759E-001 
   3.600E+001    1.124E+006    8.224E+005    9.703E-001    7.127E-001 
   3.700E+001    9.899E+005    7.107E+005    8.544E-001    6.159E-001 
   3.800E+001    8.285E+005    5.831E+005    7.151E-001    5.054E-001 
   3.900E+001    5.832E+005    4.021E+005    5.034E-001    3.485E-001 
   4.000E+001    2.619E+005    1.768E+005    2.261E-001    1.532E-001 
