!---- list of chemical species --- Steady state at T =    23.12 K ---------------
!---- nH  = ********   cm-3 ----------
!---- Av  =     0.10   mag -----------
!---- RAD =     1.00   ---------------
!---- N_H2_0 =  1.000E+20         cm-2 ----
!---- N_CO_0 =  1.000E+17         cm-2 ----
!---- WARNING : order = neutrals, species on mantles, ions >0, ions <0 ---------
!---- name, composition, initial density(n/nH), formation enthalpy (kCal/mol) --
!-------------------------------------------------------------------------------
  1  H                       9.496D-06    51.634                       !
  2  H2                      5.000D-01     0.000                       !
  3  He                      1.000D-01     0.000                       !
  4  C                       2.330D-08   169.980     --> C/H = 8.27e-5 !
  5  CH                      1.545D-09   141.600         A&G : 3.55e-4 !
  6  CH2                     8.518D-10    93.900                       !
  7  CH3                     3.323D-09    34.800                       !
  8  CH4                     4.365D-09   -15.970                       !
  9  O                       1.138D-06    58.980     --> O/H = 3.02e-4 !
 10  O2                      8.263D-08     0.000         A&G : 7.41e-4 !
 11  OH                      1.838D-07     9.250                       !
 12  H2O                     3.053D-07   -57.100                       !
 13  CO                      1.865D-06   -27.200                       !
 14  HCO                     2.473D-11   -99.999                       !
 15  CO2                     2.091D-10   -93.965                       !
 16  C2                      2.146D-12   198.200                       !
 17  C2H                     7.043D-13   113.300                       !
 18  C2H2                    6.723D-14    56.320                       !
 19  C3                      2.180D-17   194.000                       !
 20  C3H                     6.022D-17   177.000   ***                 !
 21  C3H2                    3.112D-17   114.000   ***                 !
 22  CH3OH                   4.127D-52   -99.999                       !
 23  H2CO                    1.028D-09   -99.999                       !
 24  HCO2H                   1.322D-07   -99.999                       !
 25  N                       4.812D-07   112.530     --> N/H = 7.94e-5 !
 26  NH                      1.547D-07    90.000         A&G : 9.33e-5 !
 27  NH2                     7.102D-08    46.200                       !
 28  NH3                     9.864D-08    -9.299                       !
 29  CN                      1.024D-09   103.200                       !
 30  HCN                     6.665D-11    32.390                       !
 31  HNC                     6.881D-11    48.000                       !
 32  N2                      1.373D-08     0.000                       !
 33  NO                      2.850D-09    21.460                       !
 34  S                       2.584D-07    65.600         A&G : 1.86e-5 !
 35  SH                      1.530D-08    32.600                       !
 36  H2S                     9.460D-09    -4.230                       !
 37  CS                      2.232D-10    63.000                       !
 38  SO                      5.259D-09     1.200                       !
 39  SO2                     4.900D-10   -70.300                       !
 40  OCS                     1.972D-13   -34.000                       !
 41  Si                      3.195D-08   106.700         A&G : 3.55e-5 !
 42  SiH                     1.144D-09    89.690                       !
 43  SiH2                    1.207D-09    69.140   *                   !
 44  SiH3                    1.108D-11    48.540   *                   !
 45  SiH4                    1.641D-09    11.000                       !
 46  SiO                     8.830D-09   -24.300                       !
 47  SiO2                    1.373D-10   -73.000                       !
 48  Mg                      1.000D-20    35.000                       !
 49  Fe                      3.013D-10    98.700                       !
 50  C54H18                  8.963D-07   -99.999     PAH/nH  =1(-6)    !
 51  G                       2.760D-11   -99.999    Ngrain = 8.30(-11) !
 52  H2O*                    1.467D-04               H2O*/nH =1.03(-4) !
 53  O2*                     5.323D-06                                 !
 54  CO*                     1.255D-04               CO*/nH  =8.27(-6) !
 55  CO2*                    1.150D-08               CO2*/nH =1.34(-5) !
 56  CH4*                    3.485D-06               CH4*/nH =1.55(-6) !
 57  NH3*                    7.858D-05               NH3*/nH =1.55(-5) !
 58  CH3OH*                  2.267D-49             CH3OH*/nH =1.86(-6) !
 59  H2CO*                   7.007D-08              H2CO*/nH =6.20(-6) !
 60  HCO2H*                  7.109D-06             HCO2H*/nH =7.24(-6) !
 61  OCS*                    9.281D-12               OCS*/nH =2.07(-7) !
 62  H2S*                    1.852D-05               H2S*/nH =3.72(-6) !
 63  SiH4*                   2.462D-06                                 !
 64  SiO*                    4.850D-07                                 !
 65  SiO2*                   6.462D-09                                 !
 66  Fe*                     1.470D-08                                 !
 67  O**                     1.399D-04              Noyaux = 4*3.50(-5)!
 68  Si**                    3.371D-05              Noyaux = 3.370(-5) !
 69  Mg**                    3.701D-05              Noyaux = 3.700(-5) !
 70  Fe**                    3.231D-05              Noyaux = 3.230(-5) !
 71  C**                     1.629D-04              Noyaux = 1.630(-4) !
 72  H+                      4.043D-10   365.200                       !
 73  H2+                     4.058D-13   355.700                       !
 74  H3+                     3.170D-09   265.000                       !
 75  He+                     2.743D-10   567.000                       !
 76  C+                      7.082D-11   429.700    --> C/H = 1.38e-4  !
 77  CH+                     7.682D-16   387.000         A&G : 3.55e-4 !
 78  CH2+                    1.746D-15   331.000                       !
 79  CH3+                    8.591D-11   262.000                       !
 80  CH4+                    2.816D-15   272.000   **                  !
 81  CH5+                    4.385D-11   216.000   *                   !
 82  O+                      1.021D-16   373.000                       !
 83  O2+                     1.900D-10   278.400                       !
 84  OH+                     6.814D-15   309.310                       !
 85  H2O+                    1.821D-14   233.700                       !
 86  H3O+                    2.596D-10   143.000                       !
 87  CO+                     3.170D-17   295.970                       !
 88  HCO+                    3.718D-10   197.300                       !
 89  H2CO+                   1.041D-11   -99.999                       !
 90  H3CO+                   6.358D-12   -99.999                       !
 91  CH3OH+                  1.207D-53   -99.999                       !
 92  CH5O+                   4.279D-54   -99.999   *                   !
 93  HCO2+                   8.000D-12   141.000    *                  !
 94  C2+                     9.663D-20   476.000                       !
 95  C2H+                    1.223D-19   404.000                       !
 96  C2H2+                   4.194D-14   317.500                       !
 97  C2H3+                   5.739D-14   267.900                       !
 98  C3+                     3.379D-22   479.000    *                  !
 99  C3H+                    3.159D-20   381.000    *                  !
100  C3H2+                   9.434D-20   330.000   * **                !
101  C3H3+                   1.240D-17   282.000   * **                !
102  N+                      2.386D-13   447.690                       !
103  NH+                     4.743D-16   401.100                       !
104  NH2+                    3.174D-14   302.700                       !
105  NH3+                    9.776D-12   224.900                       !
106  NH4+                    2.902D-10   151.000    *                  !
107  CN+                     1.721D-17   429.300                       !
108  C2N+                    7.189D-15   410.000    *                  !
109  HCN+                    4.530D-17   346.000                       !
110  H2CN+                   6.768D-12   226.000    *                  !
111  H2NC+                   9.387D-13   265.000    *                  !
112  N2+                     2.843D-18   359.298                       !
113  N2H+                    4.445D-12   247.500                       !
114  NO+                     3.627D-11   235.330                       !
115  HNO+                    1.581D-12   256.800                       !
116  S+                      3.527D-09   304.000     --> S/H = 1.86e-5 !
117  SH+                     3.886D-10   271.800         A&G : 1.86e-5 !
118  H2S+                    1.114D-10   237.000                       !
119  H3S+                    1.743D-11   190.000 *                     !
120  CS+                     6.975D-17   324.000                       !
121  HCS+                    1.423D-12   243.000                       !
122  SO+                     3.511D-10   239.200                       !
123  HSO+                    9.952D-12   210.000                       !
124  HSO2+                   6.059D-13   143.000                       !
125  HOCS+                   6.495D-14   181.000                       !
126  Si+                     1.529D-09   295.000                       !
127  SiH+                    1.537D-11   271.820                       !
128  SiH2+                   9.250D-12   276.360   *                   !
129  SiH3+                   1.120D-12   237.320   *                   !
130  SiH4+                   3.657D-18   279.900                       !
131  SiH5+                   2.219D-12   219.380   *                   !
132  SiO+                    2.179D-15   239.520                       !
133  SiOH+                   1.856D-10   -99.999                       !
134  Fe+                     2.640D-12   280.240     LM: Fe/nH=1.5(-8) !
135  C54H18+                 5.061D-08   -99.999                       !
136  G+                      3.918D-11   -99.999                       !
137  Mg+                     1.000D-20   -99.999        PAH/nH = 1(-8) !
138  C54H18-                 5.322D-08   -99.999    Ngrain = 8.30(-11) !
139  G-                      2.663D-12    34.000                       !
140  H-                      1.000D-20   211.000                       !
