!---- list of chemical species --- Steady state at T =    45.10 K ---------------
!---- nH  =  8000.12   cm-3 ----------
!---- Av  =     0.10   mag -----------
!---- RAD =     1.00   ---------------
!---- N_H2_0 =  1.000E+20         cm-2 ----
!---- N_CO_0 =  1.000E+17         cm-2 ----
!---- WARNING : order = neutrals, species on mantles, ions >0, ions <0 ---------
!---- name, composition, initial density(n/nH), formation enthalpy (kCal/mol) --
!-------------------------------------------------------------------------------
  1  H                       3.015D-03    51.634                       !
  2  H2                      4.985D-01     0.000                       !
  3  He                      1.000D-01     0.000                       !
  4  C                       5.673D-05   169.980     --> C/H = 8.27e-5 !
  5  CH                      5.752D-08   141.600         A&G : 3.55e-4 !
  6  CH2                     7.686D-08    93.900                       !
  7  CH3                     1.791D-11    34.800                       !
  8  CH4                     6.838D-12   -15.970                       !
  9  O                       1.088D-04    58.980     --> O/H = 3.02e-4 !
 10  O2                      5.292D-09     0.000         A&G : 7.41e-4 !
 11  OH                      4.952D-08     9.250                       !
 12  H2O                     8.606D-09   -57.100                       !
 13  CO                      1.517D-05   -27.200                       !
 14  HCO                     3.845D-10   -99.999                       !
 15  CO2                     2.899D-11   -93.965                       !
 16  C2                      1.709D-08   198.200                       !
 17  C2H                     3.395D-09   113.300                       !
 18  C2H2                    7.230D-12    56.320                       !
 19  C3                      4.546D-12   194.000                       !
 20  C3H                     1.217D-11   177.000   ***                 !
 21  C3H2                    5.711D-12   114.000   ***                 !
 22  CH3OH                   1.250D-24   -99.999                       !
 23  H2CO                    1.307D-12   -99.999                       !
 24  HCO2H                   1.000D-20   -99.999                       !
 25  N                       6.389D-05   112.530     --> N/H = 7.94e-5 !
 26  NH                      5.391D-10    90.000         A&G : 9.33e-5 !
 27  NH2                     3.998D-10    46.200                       !
 28  NH3                     1.378D-11    -9.299                       !
 29  CN                      3.527D-09   103.200                       !
 30  HCN                     3.330D-10    32.390                       !
 31  HNC                     7.231D-11    48.000                       !
 32  N2                      8.938D-11     0.000                       !
 33  NO                      6.009D-10    21.460                       !
 34  S                       2.670D-07    65.600         A&G : 1.86e-5 !
 35  SH                      1.046D-11    32.600                       !
 36  H2S                     3.296D-15    -4.230                       !
 37  CS                      3.988D-11    63.000                       !
 38  SO                      3.160D-12     1.200                       !
 39  SO2                     2.281D-16   -70.300                       !
 40  OCS                     5.046D-18   -34.000                       !
 41  Si                      6.052D-07   106.700         A&G : 3.55e-5 !
 42  SiH                     4.296D-11    89.690                       !
 43  SiH2                    6.854D-16    69.140   *                   !
 44  SiH3                    8.799D-23    48.540   *                   !
 45  SiH4                    1.203D-22    11.000                       !
 46  SiO                     5.185D-10   -24.300                       !
 47  SiO2                    1.819D-15   -73.000                       !
 48  Mg                      1.000D-20    35.000                       !
 49  Fe                      7.266D-09    98.700                       !
 50  C54H18                  6.570D-07   -99.999     PAH/nH  =1(-6)    !
 51  G                       3.125D-11   -99.999    Ngrain = 8.30(-11) !
 52  H2O*                    1.030D-04               H2O*/nH =1.03(-4) !
 53  O2*                     1.000D-20                                 !
 54  CO*                     8.270D-06               CO*/nH  =8.27(-6) !
 55  CO2*                    1.340D-05               CO2*/nH =1.34(-5) !
 56  CH4*                    1.550D-06               CH4*/nH =1.55(-6) !
 57  NH3*                    1.550D-05               NH3*/nH =1.55(-5) !
 58  CH3OH*                  1.860D-05             CH3OH*/nH =1.86(-6) !
 59  H2CO*                   6.200D-06              H2CO*/nH =6.20(-6) !
 60  HCO2H*                  7.240D-06             HCO2H*/nH =7.24(-6) !
 61  OCS*                    2.070D-07               OCS*/nH =2.07(-7) !
 62  H2S*                    1.800D-05               H2S*/nH =3.72(-6) !
 63  SiH4*                   1.000D-20                                 !
 64  SiO*                    1.000D-20                                 !
 65  SiO2*                   1.000D-20                                 !
 66  Fe*                     1.000D-20                                 !
 67  O**                     1.399D-04              Noyaux = 4*3.50(-5)!
 68  Si**                    3.370D-05              Noyaux = 3.370(-5) !
 69  Mg**                    3.700D-05              Noyaux = 3.700(-5) !
 70  Fe**                    3.230D-05              Noyaux = 3.230(-5) !
 71  C**                     1.629D-04              Noyaux = 1.630(-4) !
 72  H+                      2.325D-08   365.200                       !
 73  H2+                     1.140D-10   355.700                       !
 74  H3+                     3.868D-08   265.000                       !
 75  He+                     3.980D-08   567.000                       !
 76  C+                      1.062D-05   429.700    --> C/H = 1.38e-4  !
 77  CH+                     1.317D-11   387.000         A&G : 3.55e-4 !
 78  CH2+                    3.737D-11   331.000                       !
 79  CH3+                    1.078D-09   262.000                       !
 80  CH4+                    1.207D-15   272.000   **                  !
 81  CH5+                    3.883D-13   216.000   *                   !
 82  O+                      1.938D-13   373.000                       !
 83  O2+                     2.037D-12   278.400                       !
 84  OH+                     6.958D-12   309.310                       !
 85  H2O+                    8.306D-12   233.700                       !
 86  H3O+                    7.792D-11   143.000                       !
 87  CO+                     6.808D-13   295.970                       !
 88  HCO+                    1.881D-10   197.300                       !
 89  H2CO+                   4.940D-15   -99.999                       !
 90  H3CO+                   3.518D-17   -99.999                       !
 91  CH3OH+                  1.250D-24   -99.999                       !
 92  CH5O+                   1.250D-24   -99.999   *                   !
 93  HCO2+                   9.909D-16   141.000    *                  !
 94  C2+                     3.984D-13   476.000                       !
 95  C2H+                    8.243D-13   404.000                       !
 96  C2H2+                   6.865D-11   317.500                       !
 97  C2H3+                   7.078D-15   267.900                       !
 98  C3+                     2.262D-13   479.000    *                  !
 99  C3H+                    3.044D-12   381.000    *                  !
100  C3H2+                   2.406D-15   330.000   * **                !
101  C3H3+                   2.979D-13   282.000   * **                !
102  N+                      3.963D-12   447.690                       !
103  NH+                     5.276D-14   401.100                       !
104  NH2+                    2.659D-13   302.700                       !
105  NH3+                    3.181D-12   224.900                       !
106  NH4+                    7.390D-14   151.000    *                  !
107  CN+                     8.911D-15   429.300                       !
108  C2N+                    1.531D-12   410.000    *                  !
109  HCN+                    3.260D-14   346.000                       !
110  H2CN+                   1.766D-12   226.000    *                  !
111  H2NC+                   9.629D-15   265.000    *                  !
112  N2+                     2.291D-18   359.298                       !
113  N2H+                    3.997D-16   247.500                       !
114  NO+                     2.808D-12   235.330                       !
115  HNO+                    2.500D-15   256.800                       !
116  S+                      3.329D-07   304.000     --> S/H = 1.86e-5 !
117  SH+                     3.725D-12   271.800         A&G : 1.86e-5 !
118  H2S+                    9.553D-14   237.000                       !
119  H3S+                    1.135D-16   190.000 *                     !
120  CS+                     5.325D-14   324.000                       !
121  HCS+                    3.342D-13   243.000                       !
122  SO+                     1.523D-12   239.200                       !
123  HSO+                    3.431D-17   210.000                       !
124  HSO2+                   1.691D-21   143.000                       !
125  HOCS+                   2.387D-19   181.000                       !
126  Si+                     2.394D-06   295.000                       !
127  SiH+                    4.341D-12   271.820                       !
128  SiH2+                   2.095D-12   276.360   *                   !
129  SiH3+                   3.487D-17   237.320   *                   !
130  SiH4+                   1.250D-24   279.900                       !
131  SiH5+                   4.415D-24   219.380   *                   !
132  SiO+                    4.658D-13   239.520                       !
133  SiOH+                   8.786D-12   -99.999                       !
134  Fe+                     7.734D-09   280.240     LM: Fe/nH=1.5(-8) !
135  C54H18+                 5.669D-09   -99.999                       !
136  G+                      5.053D-12   -99.999                       !
137  Mg+                     1.000D-20   -99.999        PAH/nH = 1(-8) !
138  C54H18-                 3.373D-07   -99.999    Ngrain = 8.30(-11) !
139  G-                      3.314D-11    34.000                       !
140  H-                      1.000D-20   211.000                       !
