 In this file you can find the necessary data to rebuild Figure 6 of Schilke et al
       Jupper           TDV          TDV2 
   1.000E+000    4.097E+000    4.096E+000    7.023E-002    7.062E-002 
   2.000E+000    1.517E+001    1.515E+001    2.600E-001    2.612E-001 
   3.000E+000    3.097E+001    3.092E+001    5.308E-001    5.330E-001 
   4.000E+000    4.726E+001    4.708E+001    8.100E-001    8.117E-001 
   5.000E+000    5.835E+001    5.801E+001    1.000E+000    1.000E+000 
   6.000E+000    6.073E+001    6.023E+001    1.041E+000    1.038E+000 
   7.000E+000    5.489E+001    5.429E+001    9.408E-001    9.359E-001 
   8.000E+000    4.408E+001    4.346E+001    7.555E-001    7.492E-001 
   9.000E+000    3.210E+001    3.153E+001    5.502E-001    5.435E-001 
   1.000E+001    2.187E+001    2.137E+001    3.748E-001    3.685E-001 
   1.100E+001    1.439E+001    1.400E+001    2.466E-001    2.413E-001 
   1.200E+001    9.355E+000    9.054E+000    1.603E-001    1.561E-001 
   1.300E+001    6.051E+000    5.822E+000    1.037E-001    1.004E-001 
   1.400E+001    3.942E+000    3.770E+000    6.756E-002    6.500E-002 
   1.500E+001    2.547E+000    2.420E+000    4.366E-002    4.172E-002 
   1.600E+001    1.723E+000    1.625E+000    2.952E-002    2.802E-002 
   1.700E+001    1.177E+000    1.102E+000    2.018E-002    1.900E-002 
   1.800E+001    8.171E-001    7.588E-001    1.401E-002    1.308E-002 
   1.900E+001    5.736E-001    5.281E-001    9.831E-003    9.105E-003 
   2.000E+001    4.072E-001    3.715E-001    6.980E-003    6.404E-003 
   2.100E+001    2.890E-001    2.611E-001    4.954E-003    4.502E-003 
   2.200E+001    2.066E-001    1.847E-001    3.541E-003    3.184E-003 
   2.300E+001    1.484E-001    1.313E-001    2.544E-003    2.264E-003 
   2.400E+001    1.072E-001    9.382E-002    1.837E-003    1.617E-003 
   2.500E+001    7.776E-002    6.726E-002    1.333E-003    1.159E-003 
   2.600E+001    5.662E-002    4.836E-002    9.704E-004    8.337E-004 
   2.700E+001    4.133E-002    3.484E-002    7.083E-004    6.007E-004 
   2.800E+001    3.020E-002    2.513E-002    5.176E-004    4.333E-004 
   2.900E+001    2.211E-002    1.814E-002    3.789E-004    3.127E-004 
   3.000E+001    1.615E-002    1.306E-002    2.768E-004    2.251E-004 
   3.100E+001    1.178E-002    9.386E-003    2.020E-004    1.618E-004 
   3.200E+001    8.562E-003    6.716E-003    1.468E-004    1.158E-004 
   3.300E+001    6.186E-003    4.773E-003    1.060E-004    8.228E-005 
   3.400E+001    4.426E-003    3.357E-003    7.586E-005    5.787E-005 
   3.500E+001    3.121E-003    2.326E-003    5.349E-005    4.009E-005 
   3.600E+001    2.154E-003    1.575E-003    3.691E-005    2.716E-005 
   3.700E+001    1.434E-003    1.030E-003    2.459E-005    1.775E-005 
   3.800E+001    9.023E-004    6.351E-004    1.546E-005    1.095E-005 
   3.900E+001    5.086E-004    3.507E-004    8.716E-006    6.046E-006 
   4.000E+001    2.163E-004    1.460E-004    3.707E-006    2.518E-006 
