 In this file you can find the necessary data to rebuild Figure 6 of Schilke et al
       Jupper           TDV          TDV2 
   1.000E+000    0.000E+000    0.000E+000           NaN           NaN 
   2.000E+000    0.000E+000    0.000E+000           NaN           NaN 
   3.000E+000    0.000E+000    0.000E+000           NaN           NaN 
   4.000E+000    0.000E+000    0.000E+000           NaN           NaN 
   5.000E+000    0.000E+000    0.000E+000           NaN           NaN 
   6.000E+000    0.000E+000    0.000E+000           NaN           NaN 
   7.000E+000    0.000E+000    0.000E+000           NaN           NaN 
   8.000E+000    0.000E+000    0.000E+000           NaN           NaN 
   9.000E+000    0.000E+000    0.000E+000           NaN           NaN 
   1.000E+001    0.000E+000    0.000E+000           NaN           NaN 
   1.100E+001    0.000E+000    0.000E+000           NaN           NaN 
   1.200E+001    0.000E+000    0.000E+000           NaN           NaN 
   1.300E+001    0.000E+000    0.000E+000           NaN           NaN 
   1.400E+001    0.000E+000    0.000E+000           NaN           NaN 
   1.500E+001    0.000E+000    0.000E+000           NaN           NaN 
   1.600E+001    0.000E+000    0.000E+000           NaN           NaN 
   1.700E+001    0.000E+000    0.000E+000           NaN           NaN 
   1.800E+001    0.000E+000    0.000E+000           NaN           NaN 
   1.900E+001    0.000E+000    0.000E+000           NaN           NaN 
   2.000E+001    0.000E+000    0.000E+000           NaN           NaN 
   2.100E+001    0.000E+000    0.000E+000           NaN           NaN 
   2.200E+001    0.000E+000    0.000E+000           NaN           NaN 
   2.300E+001    0.000E+000    0.000E+000           NaN           NaN 
   2.400E+001    0.000E+000    0.000E+000           NaN           NaN 
   2.500E+001    0.000E+000    0.000E+000           NaN           NaN 
   2.600E+001    0.000E+000    0.000E+000           NaN           NaN 
   2.700E+001    0.000E+000    0.000E+000           NaN           NaN 
   2.800E+001    0.000E+000    0.000E+000           NaN           NaN 
   2.900E+001    0.000E+000    0.000E+000           NaN           NaN 
   3.000E+001    0.000E+000    0.000E+000           NaN           NaN 
   3.100E+001    0.000E+000    0.000E+000           NaN           NaN 
   3.200E+001    0.000E+000    0.000E+000           NaN           NaN 
   3.300E+001    0.000E+000    0.000E+000           NaN           NaN 
   3.400E+001    0.000E+000    0.000E+000           NaN           NaN 
   3.500E+001    0.000E+000    0.000E+000           NaN           NaN 
   3.600E+001    0.000E+000    0.000E+000           NaN           NaN 
   3.700E+001    0.000E+000    0.000E+000           NaN           NaN 
   3.800E+001    0.000E+000    0.000E+000           NaN           NaN 
   3.900E+001    0.000E+000    0.000E+000           NaN           NaN 
   4.000E+001    0.000E+000    0.000E+000           NaN           NaN 
