 In this file you can find the necessary data to rebuild Figure 6 of Schilke et al
       Jupper           TDV          TDV2 
   1.000E+000    4.494E+000    4.493E+000    6.904E-002    6.943E-002 
   2.000E+000    1.695E+001    1.693E+001    2.604E-001    2.617E-001 
   3.000E+000    3.503E+001    3.500E+001    5.383E-001    5.409E-001 
   4.000E+000    5.345E+001    5.326E+001    8.213E-001    8.230E-001 
   5.000E+000    6.509E+001    6.471E+001    1.000E+000    1.000E+000 
   6.000E+000    6.632E+001    6.577E+001    1.019E+000    1.016E+000 
   7.000E+000    5.855E+001    5.791E+001    8.996E-001    8.949E-001 
   8.000E+000    4.600E+001    4.535E+001    7.068E-001    7.008E-001 
   9.000E+000    3.291E+001    3.232E+001    5.056E-001    4.994E-001 
   1.000E+001    2.215E+001    2.165E+001    3.403E-001    3.346E-001 
   1.100E+001    1.448E+001    1.409E+001    2.224E-001    2.177E-001 
   1.200E+001    9.389E+000    9.086E+000    1.442E-001    1.404E-001 
   1.300E+001    6.070E+000    5.841E+000    9.326E-002    9.026E-002 
   1.400E+001    3.960E+000    3.788E+000    6.085E-002    5.855E-002 
   1.500E+001    2.569E+000    2.441E+000    3.947E-002    3.772E-002 
   1.600E+001    1.742E+000    1.643E+000    2.676E-002    2.540E-002 
   1.700E+001    1.194E+000    1.118E+000    1.834E-002    1.727E-002 
   1.800E+001    8.303E-001    7.710E-001    1.276E-002    1.192E-002 
   1.900E+001    5.837E-001    5.374E-001    8.968E-003    8.305E-003 
   2.000E+001    4.150E-001    3.786E-001    6.376E-003    5.850E-003 
   2.100E+001    2.948E-001    2.664E-001    4.529E-003    4.116E-003 
   2.200E+001    2.109E-001    1.885E-001    3.239E-003    2.913E-003 
   2.300E+001    1.515E-001    1.341E-001    2.328E-003    2.072E-003 
   2.400E+001    1.094E-001    9.577E-002    1.681E-003    1.480E-003 
   2.500E+001    7.935E-002    6.863E-002    1.219E-003    1.061E-003 
   2.600E+001    5.773E-002    4.932E-002    8.870E-004    7.621E-004 
   2.700E+001    4.210E-002    3.550E-002    6.468E-004    5.486E-004 
   2.800E+001    3.073E-002    2.558E-002    4.721E-004    3.952E-004 
   2.900E+001    2.247E-002    1.843E-002    3.451E-004    2.848E-004 
   3.000E+001    1.638E-002    1.325E-002    2.517E-004    2.047E-004 
   3.100E+001    1.193E-002    9.505E-003    1.833E-004    1.469E-004 
   3.200E+001    8.653E-003    6.787E-003    1.329E-004    1.049E-004 
   3.300E+001    6.238E-003    4.813E-003    9.584E-005    7.438E-005 
   3.400E+001    4.454E-003    3.378E-003    6.842E-005    5.220E-005 
   3.500E+001    3.133E-003    2.334E-003    4.813E-005    3.607E-005 
   3.600E+001    2.156E-003    1.577E-003    3.313E-005    2.438E-005 
   3.700E+001    1.433E-003    1.029E-003    2.201E-005    1.590E-005 
   3.800E+001    8.990E-004    6.328E-004    1.381E-005    9.779E-006 
   3.900E+001    5.055E-004    3.486E-004    7.766E-006    5.387E-006 
   4.000E+001    2.145E-004    1.448E-004    3.295E-006    2.238E-006 
