    V   J   Energy(K)   log(N/g)
    0     0   0.000000E+000   5.401639E+001 
    0     1   1.705020E+002   5.175492E+001 
    0     2   5.098500E+002   4.353962E+001 
    0     3   1.015153E+003   4.211837E+001 
    0     4   1.681678E+003   4.147357E+001 
    0     5   2.503870E+003   4.082595E+001 
    0     6   3.474434E+003   4.008731E+001 
    0     7   4.586377E+003   3.921486E+001 
    0     8   5.829758E+003   3.816728E+001 
    1     0   5.987124E+003   3.523371E+001 
    1     1   6.149208E+003   3.501831E+001 
    1     2   6.471607E+003   3.498182E+001 
    1     3   6.951587E+003   3.465190E+001 
    0     9   7.196995E+003   3.688750E+001 
    1     4   7.584601E+003   3.445673E+001 
    1     5   8.365297E+003   3.404211E+001 
    0    10   8.677322E+003   3.548073E+001 
    1     6   9.286624E+003   3.372615E+001 
    0    11   1.026179E+004   3.383991E+001 
    1     7   1.034152E+004   3.319476E+001 
    1     8   1.152183E+004   3.276767E+001 
    2     0   1.163573E+004   3.275942E+001 
    2     1   1.178951E+004   3.250864E+001 
    0    12   1.194031E+004   3.244162E+001 
    2     2   1.209524E+004   3.253028E+001 
    2     3   1.255050E+004   3.215041E+001 
    1     9   1.281752E+004   3.211278E+001 
    2     4   1.315072E+004   3.205340E+001 
    0    13   1.370318E+004   3.090021E+001 
    2     5   1.389070E+004   3.159819E+001 
    1    10   1.422111E+004   3.163395E+001 
    2     6   1.476414E+004   3.136797E+001 
    0    14   1.554025E+004   3.016867E+001 
    1    11   1.572229E+004   3.091244E+001 
    2     7   1.576338E+004   3.086668E+001 
    2     8   1.688055E+004   3.054620E+001 
    3     0   1.695284E+004   3.082447E+001 
    3     1   1.709837E+004   3.065790E+001 
    1    12   1.731122E+004   3.041189E+001 
    3     2   1.738779E+004   3.062749E+001 
    0    15   1.744391E+004   2.922002E+001 
    3     3   1.781869E+004   3.034759E+001 
    2     9   1.810741E+004   3.004935E+001 
    3     4   1.838652E+004   3.020995E+001 
    1    13   1.897972E+004   2.973066E+001 
    3     5   1.908649E+004   2.984349E+001 
    0    16   1.940345E+004   2.874833E+001 
    2    10   1.943491E+004   2.967859E+001 
    3     6   1.991225E+004   2.957231E+001 
    1    14   2.071785E+004   2.918328E+001 
    2    11   2.085383E+004   2.923521E+001 
    3     7   2.085653E+004   2.915300E+001 
    0    17   2.141168E+004   2.818514E+001 
    3     8   2.191171E+004   2.877931E+001 
    4     0   2.194278E+004   2.899861E+001 
    4     1   2.208004E+004   2.893903E+001 
    4     2   2.235326E+004   2.880992E+001 
    2    12   2.235535E+004   2.889952E+001 
    1    15   2.251712E+004   2.861605E+001 
    4     3   2.275983E+004   2.866793E+001 
    3     9   2.306999E+004   2.834771E+001 
    4     4   2.329564E+004   2.839051E+001 
    0    18   2.345990E+004   2.773539E+001 
    2    13   2.393080E+004   2.847521E+001 
    4     5   2.395581E+004   2.817647E+001 
    3    10   2.432262E+004   2.794136E+001 
    1    16   2.436840E+004   2.808351E+001 
    4     6   2.473404E+004   2.775251E+001 
    0    19   2.553963E+004   2.738434E+001 
    2    14   2.557053E+004   2.811101E+001 
    4     7   2.562381E+004   2.748498E+001 
    3    11   2.565988E+004   2.773939E+001 
    1    17   2.626369E+004   2.764698E+001 
    5     0   2.660677E+004   2.719166E+001 
    4     8   2.661704E+004   2.712670E+001 
    5     1   2.673596E+004   2.714569E+001 
    5     2   2.699289E+004   2.705228E+001 
    3    12   2.707418E+004   2.756410E+001 
    2    15   2.726625E+004   2.760227E+001 
    5     3   2.737523E+004   2.691946E+001 
    0    20   2.764451E+004   2.690864E+001 
    4     9   2.770677E+004   2.693501E+001 
    5     4   2.787879E+004   2.669245E+001 
    1    18   2.819486E+004   2.714581E+001 
    5     5   2.849899E+004   2.658204E+001 
    3    13   2.855661E+004   2.740137E+001 
    4    10   2.888376E+004   2.664316E+001 
    2    16   2.900940E+004   2.722360E+001 
    5     6   2.922954E+004   2.622037E+001 
    0    21   2.976661E+004   2.664954E+001 
    5     7   3.006431E+004   2.609265E+001 
    3    14   3.009785E+004   2.716524E+001 
    4    11   3.013990E+004   2.662849E+001 
    1    19   3.015462E+004   2.685171E+001 
    2    17   3.079235E+004   2.648320E+001 
    6     0   3.094320E+004   2.602173E+001 
    5     8   3.099552E+004   2.595157E+001 
    6     1   3.106412E+004   2.596037E+001 
    6     2   3.130464E+004   2.580264E+001 
    4    12   3.146651E+004   2.652551E+001 
    6     3   3.166233E+004   2.580203E+001 
    3    15   3.169026E+004   2.689388E+001 
    0    22   3.190031E+004   2.600915E+001 
    5     9   3.201575E+004   2.589042E+001 
    6     4   3.213322E+004   2.557346E+001 
    1    20   3.213454E+004   2.620059E+001 
    2    18   3.260639E+004   2.607542E+001 
    6     5   3.271272E+004   2.649019E+001 
    4    13   3.285516E+004   2.643087E+001 
    5    10   3.311646E+004   2.586339E+001 
    3    16   3.332489E+004   2.647775E+001 
    6     6   3.339496E+004   2.536582E+001 
    0    23   3.403759E+004   2.586195E+001 
    1    21   3.412953E+004   2.600004E+001 
    6     7   3.417362E+004   2.537823E+001 
    5    11   3.428978E+004   2.577520E+001 
    4    14   3.429681E+004   2.623044E+001 
    2    19   3.444505E+004   2.400297E+001 
    7     0   3.494622E+004   2.626487E+001 
    3    17   3.499413E+004   2.602531E+001 
    6     8   3.504117E+004   2.535386E+001 
    7     1   3.505878E+004   2.519609E+001 
    7     2   3.528236E+004   2.517293E+001 
    5    12   3.552731E+004   2.578636E+001 
    7     3   3.561473E+004   2.510986E+001 
    4    15   3.578419E+004   2.611176E+001 
    6     9   3.599047E+004   2.537153E+001 
    7     4   3.605189E+004   2.510239E+001 
    1    22   3.613139E+004   2.524226E+001 
    0    24   3.617459E+004   2.490616E+001 
    2    20   3.629979E+004   2.542840E+001 
    7     5   3.658964E+004   2.505407E+001 
    3    18   3.668984E+004   2.564384E+001 
    5    13   3.682003E+004   2.560191E+001 
    6    10   3.701302E+004   2.530229E+001 
    7     6   3.722192E+004   2.497592E+001 
    4    16   3.730808E+004   2.566921E+001 
    7     7   3.794263E+004   2.498405E+001 
    6    11   3.810113E+004   2.530854E+001 
    1    23   3.813447E+004   2.503850E+001 
    5    14   3.815979E+004   2.558333E+001 
    2    21   3.816475E+004   2.525119E+001 
    0    25   3.830484E+004   2.482862E+001 
    3    19   3.840503E+004   2.403206E+001 
    8     0   3.860553E+004   2.488414E+001 
    8     1   3.870915E+004   2.487394E+001 
    7     8   3.874438E+004   2.422551E+001 
    4    17   3.886111E+004   2.555433E+001 
    8     2   3.891514E+004   2.485308E+001 
    8     3   3.922109E+004   2.468229E+001 
