!---- list of chemical species --- Steady state at T =    45.57 K ---------------
!---- nH  = 93431.90   cm-3 ----------
!---- Av  =     0.10   mag -----------
!---- RAD =     1.00   ---------------
!---- N_H2_0 =  1.000E+20         cm-2 ----
!---- N_CO_0 =  1.000E+17         cm-2 ----
!---- WARNING : order = neutrals, species on mantles, ions >0, ions <0 ---------
!---- name, composition, initial density(n/nH), formation enthalpy (kCal/mol) --
!-------------------------------------------------------------------------------
  1  H                       2.002D-04    51.634                       !
  2  H2                      4.999D-01     0.000                       !
  3  He                      1.000D-01     0.000                       !
  4  C                       3.133D-06   169.980     --> C/H = 8.27e-5 !
  5  CH                      1.640D-08   141.600         A&G : 3.55e-4 !
  6  CH2                     1.687D-08    93.900                       !
  7  CH3                     1.455D-08    34.800                       !
  8  CH4                     2.073D-08   -15.970                       !
  9  O                       3.368D-05    58.980     --> O/H = 3.02e-4 !
 10  O2                      1.263D-07     0.000         A&G : 7.41e-4 !
 11  OH                      2.958D-07     9.250                       !
 12  H2O                     3.609D-07   -57.100                       !
 13  CO                      2.825D-05   -27.200                       !
 14  HCO                     4.092D-10   -99.999                       !
 15  CO2                     1.962D-10   -93.965                       !
 16  C2                      6.234D-10   198.200                       !
 17  C2H                     1.517D-10   113.300                       !
 18  C2H2                    7.028D-12    56.320                       !
 19  C3                      1.024D-13   194.000                       !
 20  C3H                     2.791D-13   177.000   ***                 !
 21  C3H2                    1.372D-13   114.000   ***                 !
 22  CH3OH                   2.375D-30   -99.999                       !
 23  H2CO                    4.979D-09   -99.999                       !
 24  HCO2H                   2.136D-06   -99.999                       !
 25  N                       1.448D-05   112.530     --> N/H = 7.94e-5 !
 26  NH                      1.908D-07    90.000         A&G : 9.33e-5 !
 27  NH2                     8.847D-08    46.200                       !
 28  NH3                     8.434D-08    -9.299                       !
 29  CN                      1.757D-08   103.200                       !
 30  HCN                     1.404D-09    32.390                       !
 31  HNC                     1.416D-09    48.000                       !
 32  N2                      5.200D-08     0.000                       !
 33  NO                      1.712D-08    21.460                       !
 34  S                       4.745D-06    65.600         A&G : 1.86e-5 !
 35  SH                      1.294D-08    32.600                       !
 36  H2S                     7.618D-09    -4.230                       !
 37  CS                      1.243D-09    63.000                       !
 38  SO                      5.932D-09     1.200                       !
 39  SO2                     3.393D-11   -70.300                       !
 40  OCS                     5.525D-14   -34.000                       !
 41  Si                      6.673D-07   106.700         A&G : 3.55e-5 !
 42  SiH                     1.374D-09    89.690                       !
 43  SiH2                    1.210D-09    69.140   *                   !
 44  SiH3                    7.035D-12    48.540   *                   !
 45  SiH4                    1.567D-09    11.000                       !
 46  SiO                     1.759D-08   -24.300                       !
 47  SiO2                    1.037D-11   -73.000                       !
 48  Mg                      5.832D-09    35.000                       !
 49  Fe                      6.420D-09    98.700                       !
 50  C54H18                  7.481D-07   -99.999     PAH/nH  =1(-6)    !
 51  G                       3.915D-11   -99.999    Ngrain = 8.30(-11) !
 52  H2O*                    1.391D-04               H2O*/nH =1.03(-4) !
 53  O2*                     3.616D-07                                 !
 54  CO*                     8.449D-05               CO*/nH  =8.27(-6) !
 55  CO2*                    4.794D-10               CO2*/nH =1.34(-5) !
 56  CH4*                    1.497D-05               CH4*/nH =1.55(-6) !
 57  NH3*                    6.447D-05               NH3*/nH =1.55(-5) !
 58  CH3OH*                  1.982D-27             CH3OH*/nH =1.86(-6) !
 59  H2CO*                   1.596D-08              H2CO*/nH =6.20(-6) !
 60  HCO2H*                  5.105D-06             HCO2H*/nH =7.24(-6) !
 61  OCS*                    1.156D-13               OCS*/nH =2.07(-7) !
 62  H2S*                    1.366D-05               H2S*/nH =3.72(-6) !
 63  SiH4*                   2.054D-06                                 !
 64  SiO*                    4.295D-08                                 !
 65  SiO2*                   2.169D-11                                 !
 66  Fe*                     1.393D-08                                 !
 67  O**                     1.534D-04              Noyaux = 4*3.50(-5)!
 68  Si**                    3.694D-05              Noyaux = 3.370(-5) !
 69  Mg**                    4.056D-05              Noyaux = 3.700(-5) !
 70  Fe**                    3.541D-05              Noyaux = 3.230(-5) !
 71  C**                     1.786D-04              Noyaux = 1.630(-4) !
 72  H+                      2.154D-09   365.200                       !
 73  H2+                     9.783D-12   355.700                       !
 74  H3+                     1.727D-08   265.000                       !
 75  He+                     3.513D-09   567.000                       !
 76  C+                      5.484D-08   429.700    --> C/H = 1.38e-4  !
 77  CH+                     3.162D-13   387.000         A&G : 3.55e-4 !
 78  CH2+                    7.244D-13   331.000                       !
 79  CH3+                    5.120D-10   262.000                       !
 80  CH4+                    1.161D-13   272.000   **                  !
 81  CH5+                    1.111D-11   216.000   *                   !
 82  O+                      1.167D-14   373.000                       !
 83  O2+                     9.608D-11   278.400                       !
 84  OH+                     9.508D-13   309.310                       !
 85  H2O+                    1.346D-12   233.700                       !
 86  H3O+                    2.990D-10   143.000                       !
 87  CO+                     2.506D-14   295.970                       !
 88  HCO+                    1.790D-09   197.300                       !
 89  H2CO+                   1.329D-11   -99.999                       !
 90  H3CO+                   1.387D-12   -99.999                       !
 91  CH3OH+                  4.986D-33   -99.999                       !
 92  CH5O+                   6.394D-35   -99.999   *                   !
 93  HCO2+                   9.639D-13   141.000    *                  !
 94  C2+                     7.123D-16   476.000                       !
 95  C2H+                    1.171D-15   404.000                       !
 96  C2H2+                   3.167D-12   317.500                       !
 97  C2H3+                   2.546D-12   267.900                       !
 98  C3+                     5.593D-17   479.000    *                  !
 99  C3H+                    6.463D-15   381.000    *                  !
100  C3H2+                   1.530D-16   330.000   * **                !
101  C3H3+                   1.468D-14   282.000   * **                !
102  N+                      2.708D-13   447.690                       !
103  NH+                     1.088D-14   401.100                       !
104  NH2+                    7.975D-13   302.700                       !
105  NH3+                    1.887D-10   224.900                       !
106  NH4+                    1.052D-10   151.000    *                  !
107  CN+                     1.636D-14   429.300                       !
108  C2N+                    1.219D-12   410.000    *                  !
109  HCN+                    3.134D-14   346.000                       !
110  H2CN+                   3.994D-11   226.000    *                  !
111  H2NC+                   7.108D-12   265.000    *                  !
112  N2+                     1.172D-16   359.298                       !
113  N2H+                    1.871D-12   247.500                       !
114  NO+                     6.335D-11   235.330                       !
115  HNO+                    7.269D-13   256.800                       !
116  S+                      4.965D-07   304.000     --> S/H = 1.86e-5 !
117  SH+                     6.447D-10   271.800         A&G : 1.86e-5 !
118  H2S+                    4.022D-11   237.000                       !
119  H3S+                    1.049D-12   190.000 *                     !
120  CS+                     3.615D-14   324.000                       !
121  HCS+                    7.288D-12   243.000                       !
122  SO+                     3.949D-10   239.200                       !
123  HSO+                    6.976D-13   210.000                       !
124  HSO2+                   2.623D-15   143.000                       !
125  HOCS+                   4.978D-15   181.000                       !
126  Si+                     2.552D-07   295.000                       !
127  SiH+                    4.428D-11   271.820                       !
128  SiH2+                   2.024D-11   276.360   *                   !
129  SiH3+                   1.055D-13   237.320   *                   !
130  SiH4+                   1.302D-17   279.900                       !
131  SiH5+                   1.456D-13   219.380   *                   !
132  SiO+                    3.471D-13   239.520                       !
133  SiOH+                   2.813D-10   -99.999                       !
134  Fe+                     4.046D-10   280.240     LM: Fe/nH=1.5(-8) !
135  C54H18+                 1.237D-08   -99.999                       !
136  G+                      1.353D-11   -99.999                       !
137  Mg+                     1.096D-20   -99.999        PAH/nH = 1(-8) !
138  C54H18-                 2.826D-07   -99.999    Ngrain = 8.30(-11) !
139  G-                      2.099D-11    34.000                       !
140  H-                      1.096D-20   211.000                       !
